[2026-02-10 11:57:17] [INFO    ] [MainProcess] Log file created: ./logs/ocr_run_20260210_115717.log | fname=
[2026-02-10 11:57:17] [INFO    ] [MainProcess] ========== OCR Pipeline Starting ========== | fname=INIT
[2026-02-10 11:57:17] [INFO    ] [MainProcess] Input directory : /home/whirldata/cpu_multi_paddle_try/pepsico_attachments | fname=INIT
[2026-02-10 11:57:17] [INFO    ] [MainProcess] Output directory: /home/whirldata/cpu_multi_paddle_try/ocr_output | fname=INIT
[2026-02-10 11:57:17] [INFO    ] [MainProcess] Total vCPUs     : 60 | fname=INIT
[2026-02-10 11:57:17] [INFO    ] [MainProcess] Num workers     : 10 | fname=INIT
[2026-02-10 11:57:17] [INFO    ] [MainProcess] Threads/worker  : 5 | fname=INIT
[2026-02-10 11:57:17] [INFO    ] [MainProcess] Queue size      : 5 | fname=INIT
[2026-02-10 11:57:17] [INFO    ] [MainProcess] Supported exts  : {'.webp', '.tif', '.jpg', '.jpeg', '.bmp', '.pdf', '.png', '.tiff'} | fname=INIT
[2026-02-10 11:57:17] [INFO    ] [MainProcess] Total entries found in input directory: 36 | fname=SCAN
[2026-02-10 11:57:17] [DEBUG   ] [MainProcess] All entries: ['34260911 Missing Item Qty. (PO).pdf', '35659400  Company Code Mismatch (PO).pdf', '36364887 Accounting Vendor Maintenance Required (PO).pdf', '36289708  Process Non Invoice Document.pdf', '37290355 Process PO Credit Memo (PO).pdf', '37151454 Process Non-PO Credit Memo (NPO).pdf', '37689388 Process Non-PO Invoice (NPO).pdf', '37451662 Missing Vendor Invoice Reference Number (NPO).pdf', '12124087 Mismatch PepsiCo Company Name (PO).pdf', '23996926 Manual Check of Indexing Lines (PO).pdf', '37794522 Invalid Vendor (PO).pdf', '30313542 Suspected Duplicate (PO).pdf', '37768719 Approval Required (NPO).pdf', '37691076 Please Index (PO).pdf', '37689884 Invalid Vendor (NPO).pdf', '37654394 Invalid PO Number (PO).pdf', '35294023 Please Index (NPO).pdf', '24551639 Process PO Invoice (PO).pdf', '37691214 Missing Vendor Invoice Reference (PO).pdf', '37692967 Invalid UOM (PO).pdf', '33365033 Unable to Determine Company Code (NPO).pdf', '34606454 Multiple Bank Accounts Exist (PO).pdf', '32527148 UOM Mismatch (PO).pdf', '34046864 Invalid Tax Info. (PO).pdf', '36289412 Missing Invoice Date (PO).pdf', '33815264 Invalid Currency (NPO).pdf', '34728178 Vendor Mismatch (PO).pdf', '34388480 Invalid Requestor ID (NPO).pdf', '36532827   Missing Mandatory Information (NPO).pdf', '36292740 Suspected Duplicate (NPO).pdf', '23867942 Invoice Older than Allowed (PO).pdf', '37371307 Invalid Currency (PO).pdf', '28536941 Invalid Recipient VAT Number (PO).pdf', '36761716 Invoice Older than Allowed (NPO).pdf', '36114864 Invalid Tax Info (NPO).pdf', '24280319 Currency Mismatch (PO).pdf'] | fname=SCAN
[2026-02-10 11:57:17] [DEBUG   ] [MainProcess] Queuing file: 12124087 Mismatch PepsiCo Company Name (PO).pdf (0.04 MB) | fname=12124087 Mismatch PepsiCo Company Name (PO).pdf
[2026-02-10 11:57:17] [DEBUG   ] [MainProcess] Queuing file: 23867942 Invoice Older than Allowed (PO).pdf (0.11 MB) | fname=23867942 Invoice Older than Allowed (PO).pdf
[2026-02-10 11:57:17] [DEBUG   ] [MainProcess] Queuing file: 23996926 Manual Check of Indexing Lines (PO).pdf (0.05 MB) | fname=23996926 Manual Check of Indexing Lines (PO).pdf
[2026-02-10 11:57:17] [DEBUG   ] [MainProcess] Queuing file: 24280319 Currency Mismatch (PO).pdf (0.01 MB) | fname=24280319 Currency Mismatch (PO).pdf
[2026-02-10 11:57:17] [DEBUG   ] [MainProcess] Queuing file: 24551639 Process PO Invoice (PO).pdf (0.03 MB) | fname=24551639 Process PO Invoice (PO).pdf
[2026-02-10 11:57:17] [DEBUG   ] [MainProcess] Queuing file: 28536941 Invalid Recipient VAT Number (PO).pdf (0.06 MB) | fname=28536941 Invalid Recipient VAT Number (PO).pdf
[2026-02-10 11:57:17] [DEBUG   ] [MainProcess] Queuing file: 30313542 Suspected Duplicate (PO).pdf (0.03 MB) | fname=30313542 Suspected Duplicate (PO).pdf
[2026-02-10 11:57:17] [DEBUG   ] [MainProcess] Queuing file: 32527148 UOM Mismatch (PO).pdf (0.04 MB) | fname=32527148 UOM Mismatch (PO).pdf
[2026-02-10 11:57:17] [DEBUG   ] [MainProcess] Queuing file: 33365033 Unable to Determine Company Code (NPO).pdf (0.05 MB) | fname=33365033 Unable to Determine Company Code (NPO).pdf
[2026-02-10 11:57:17] [DEBUG   ] [MainProcess] Queuing file: 33815264 Invalid Currency (NPO).pdf (0.06 MB) | fname=33815264 Invalid Currency (NPO).pdf
[2026-02-10 11:57:17] [DEBUG   ] [MainProcess] Queuing file: 34046864 Invalid Tax Info. (PO).pdf (0.02 MB) | fname=34046864 Invalid Tax Info. (PO).pdf
[2026-02-10 11:57:17] [DEBUG   ] [MainProcess] Queuing file: 34260911 Missing Item Qty. (PO).pdf (0.04 MB) | fname=34260911 Missing Item Qty. (PO).pdf
[2026-02-10 11:57:17] [DEBUG   ] [MainProcess] Queuing file: 34388480 Invalid Requestor ID (NPO).pdf (0.03 MB) | fname=34388480 Invalid Requestor ID (NPO).pdf
[2026-02-10 11:57:17] [DEBUG   ] [MainProcess] Queuing file: 34606454 Multiple Bank Accounts Exist (PO).pdf (0.06 MB) | fname=34606454 Multiple Bank Accounts Exist (PO).pdf
[2026-02-10 11:57:17] [DEBUG   ] [MainProcess] Queuing file: 34728178 Vendor Mismatch (PO).pdf (0.04 MB) | fname=34728178 Vendor Mismatch (PO).pdf
[2026-02-10 11:57:17] [DEBUG   ] [MainProcess] Queuing file: 35294023 Please Index (NPO).pdf (0.04 MB) | fname=35294023 Please Index (NPO).pdf
[2026-02-10 11:57:17] [DEBUG   ] [MainProcess] Queuing file: 35659400  Company Code Mismatch (PO).pdf (0.07 MB) | fname=35659400  Company Code Mismatch (PO).pdf
[2026-02-10 11:57:17] [DEBUG   ] [MainProcess] Queuing file: 36114864 Invalid Tax Info (NPO).pdf (0.06 MB) | fname=36114864 Invalid Tax Info (NPO).pdf
[2026-02-10 11:57:17] [DEBUG   ] [MainProcess] Queuing file: 36289412 Missing Invoice Date (PO).pdf (0.03 MB) | fname=36289412 Missing Invoice Date (PO).pdf
[2026-02-10 11:57:17] [DEBUG   ] [MainProcess] Queuing file: 36289708  Process Non Invoice Document.pdf (0.05 MB) | fname=36289708  Process Non Invoice Document.pdf
[2026-02-10 11:57:17] [DEBUG   ] [MainProcess] Queuing file: 36292740 Suspected Duplicate (NPO).pdf (0.03 MB) | fname=36292740 Suspected Duplicate (NPO).pdf
[2026-02-10 11:57:17] [DEBUG   ] [MainProcess] Queuing file: 36364887 Accounting Vendor Maintenance Required (PO).pdf (0.02 MB) | fname=36364887 Accounting Vendor Maintenance Required (PO).pdf
[2026-02-10 11:57:17] [DEBUG   ] [MainProcess] Queuing file: 36532827   Missing Mandatory Information (NPO).pdf (0.02 MB) | fname=36532827   Missing Mandatory Information (NPO).pdf
[2026-02-10 11:57:17] [DEBUG   ] [MainProcess] Queuing file: 36761716 Invoice Older than Allowed (NPO).pdf (0.03 MB) | fname=36761716 Invoice Older than Allowed (NPO).pdf
[2026-02-10 11:57:17] [DEBUG   ] [MainProcess] Queuing file: 37151454 Process Non-PO Credit Memo (NPO).pdf (0.04 MB) | fname=37151454 Process Non-PO Credit Memo (NPO).pdf
[2026-02-10 11:57:17] [DEBUG   ] [MainProcess] Queuing file: 37290355 Process PO Credit Memo (PO).pdf (0.03 MB) | fname=37290355 Process PO Credit Memo (PO).pdf
[2026-02-10 11:57:17] [DEBUG   ] [MainProcess] Queuing file: 37371307 Invalid Currency (PO).pdf (0.03 MB) | fname=37371307 Invalid Currency (PO).pdf
[2026-02-10 11:57:17] [DEBUG   ] [MainProcess] Queuing file: 37451662 Missing Vendor Invoice Reference Number (NPO).pdf (0.06 MB) | fname=37451662 Missing Vendor Invoice Reference Number (NPO).pdf
[2026-02-10 11:57:17] [DEBUG   ] [MainProcess] Queuing file: 37654394 Invalid PO Number (PO).pdf (0.01 MB) | fname=37654394 Invalid PO Number (PO).pdf
[2026-02-10 11:57:17] [DEBUG   ] [MainProcess] Queuing file: 37689388 Process Non-PO Invoice (NPO).pdf (0.02 MB) | fname=37689388 Process Non-PO Invoice (NPO).pdf
[2026-02-10 11:57:17] [DEBUG   ] [MainProcess] Queuing file: 37689884 Invalid Vendor (NPO).pdf (0.04 MB) | fname=37689884 Invalid Vendor (NPO).pdf
[2026-02-10 11:57:17] [DEBUG   ] [MainProcess] Queuing file: 37691076 Please Index (PO).pdf (0.06 MB) | fname=37691076 Please Index (PO).pdf
[2026-02-10 11:57:17] [DEBUG   ] [MainProcess] Queuing file: 37691214 Missing Vendor Invoice Reference (PO).pdf (0.18 MB) | fname=37691214 Missing Vendor Invoice Reference (PO).pdf
[2026-02-10 11:57:17] [DEBUG   ] [MainProcess] Queuing file: 37692967 Invalid UOM (PO).pdf (0.10 MB) | fname=37692967 Invalid UOM (PO).pdf
[2026-02-10 11:57:17] [DEBUG   ] [MainProcess] Queuing file: 37768719 Approval Required (NPO).pdf (0.02 MB) | fname=37768719 Approval Required (NPO).pdf
[2026-02-10 11:57:17] [DEBUG   ] [MainProcess] Queuing file: 37794522 Invalid Vendor (PO).pdf (0.09 MB) | fname=37794522 Invalid Vendor (PO).pdf
[2026-02-10 11:57:17] [INFO    ] [MainProcess] Files to process: 36, Skipped: 0 | fname=SCAN
[2026-02-10 11:57:17] [INFO    ] [MainProcess] Multiprocessing start method set to 'spawn' | fname=INIT
[2026-02-10 11:57:17] [DEBUG   ] [MainProcess] Task queue created with maxsize=5 | fname=INIT
[2026-02-10 11:57:17] [INFO    ] [MainProcess] Spawning 10 worker processes... | fname=INIT
[2026-02-10 11:57:17] [INFO    ] [MainProcess] Worker-0 started (PID=5682) | fname=INIT
[2026-02-10 11:57:17] [INFO    ] [MainProcess] Worker-1 started (PID=5683) | fname=INIT
[2026-02-10 11:57:17] [INFO    ] [MainProcess] Worker-2 started (PID=5684) | fname=INIT
[2026-02-10 11:57:17] [INFO    ] [MainProcess] Worker-3 started (PID=5685) | fname=INIT
[2026-02-10 11:57:17] [INFO    ] [MainProcess] Worker-4 started (PID=5686) | fname=INIT
[2026-02-10 11:57:17] [INFO    ] [MainProcess] Worker-5 started (PID=5687) | fname=INIT
[2026-02-10 11:57:17] [INFO    ] [MainProcess] Worker-6 started (PID=5688) | fname=INIT
[2026-02-10 11:57:17] [INFO    ] [MainProcess] Worker-7 started (PID=5689) | fname=INIT
[2026-02-10 11:57:17] [INFO    ] [MainProcess] Worker-8 started (PID=5690) | fname=INIT
[2026-02-10 11:57:17] [INFO    ] [MainProcess] Worker-9 started (PID=5691) | fname=INIT
[2026-02-10 11:57:17] [INFO    ] [MainProcess] Enqueuing 36 file(s)... | fname=ENQUEUE
[2026-02-10 11:57:17] [DEBUG   ] [MainProcess] Putting file 1/36 into queue | fname=12124087 Mismatch PepsiCo Company Name (PO).pdf
[2026-02-10 11:57:17] [DEBUG   ] [MainProcess] File enqueued successfully (1/36) | fname=12124087 Mismatch PepsiCo Company Name (PO).pdf
[2026-02-10 11:57:17] [DEBUG   ] [MainProcess] Putting file 2/36 into queue | fname=23867942 Invoice Older than Allowed (PO).pdf
[2026-02-10 11:57:17] [DEBUG   ] [MainProcess] File enqueued successfully (2/36) | fname=23867942 Invoice Older than Allowed (PO).pdf
[2026-02-10 11:57:17] [DEBUG   ] [MainProcess] Putting file 3/36 into queue | fname=23996926 Manual Check of Indexing Lines (PO).pdf
[2026-02-10 11:57:17] [DEBUG   ] [MainProcess] File enqueued successfully (3/36) | fname=23996926 Manual Check of Indexing Lines (PO).pdf
[2026-02-10 11:57:17] [DEBUG   ] [MainProcess] Putting file 4/36 into queue | fname=24280319 Currency Mismatch (PO).pdf
[2026-02-10 11:57:17] [DEBUG   ] [MainProcess] File enqueued successfully (4/36) | fname=24280319 Currency Mismatch (PO).pdf
[2026-02-10 11:57:17] [DEBUG   ] [MainProcess] Putting file 5/36 into queue | fname=24551639 Process PO Invoice (PO).pdf
[2026-02-10 11:57:17] [DEBUG   ] [MainProcess] File enqueued successfully (5/36) | fname=24551639 Process PO Invoice (PO).pdf
[2026-02-10 11:57:17] [DEBUG   ] [MainProcess] Putting file 6/36 into queue | fname=28536941 Invalid Recipient VAT Number (PO).pdf
[2026-02-10 11:57:17] [INFO    ] [Worker-0] Worker-0 process started (PID=5682) | fname=INIT
[2026-02-10 11:57:17] [INFO    ] [Worker-0] Thread env — OMP=5, MKL=5, NUMEXPR=5 | fname=INIT
[2026-02-10 11:57:17] [INFO    ] [Worker-0] Worker-0 initializing PaddleOCR model... | fname=INIT
[2026-02-10 11:57:17] [INFO    ] [Worker-1] Worker-1 process started (PID=5683) | fname=INIT
[2026-02-10 11:57:17] [INFO    ] [Worker-4] Worker-4 process started (PID=5686) | fname=INIT
[2026-02-10 11:57:17] [INFO    ] [Worker-3] Worker-3 process started (PID=5685) | fname=INIT
[2026-02-10 11:57:17] [INFO    ] [Worker-1] Thread env — OMP=5, MKL=5, NUMEXPR=5 | fname=INIT
[2026-02-10 11:57:17] [INFO    ] [Worker-2] Worker-2 process started (PID=5684) | fname=INIT
[2026-02-10 11:57:17] [INFO    ] [Worker-4] Thread env — OMP=5, MKL=5, NUMEXPR=5 | fname=INIT
[2026-02-10 11:57:17] [INFO    ] [Worker-1] Worker-1 initializing PaddleOCR model... | fname=INIT
[2026-02-10 11:57:17] [INFO    ] [Worker-3] Thread env — OMP=5, MKL=5, NUMEXPR=5 | fname=INIT
[2026-02-10 11:57:17] [INFO    ] [Worker-4] Worker-4 initializing PaddleOCR model... | fname=INIT
[2026-02-10 11:57:17] [INFO    ] [Worker-2] Thread env — OMP=5, MKL=5, NUMEXPR=5 | fname=INIT
[2026-02-10 11:57:17] [INFO    ] [Worker-3] Worker-3 initializing PaddleOCR model... | fname=INIT
[2026-02-10 11:57:17] [INFO    ] [Worker-2] Worker-2 initializing PaddleOCR model... | fname=INIT
[2026-02-10 11:57:17] [INFO    ] [Worker-5] Worker-5 process started (PID=5687) | fname=INIT
[2026-02-10 11:57:17] [INFO    ] [Worker-5] Thread env — OMP=5, MKL=5, NUMEXPR=5 | fname=INIT
[2026-02-10 11:57:17] [INFO    ] [Worker-6] Worker-6 process started (PID=5688) | fname=INIT
[2026-02-10 11:57:17] [INFO    ] [Worker-5] Worker-5 initializing PaddleOCR model... | fname=INIT
[2026-02-10 11:57:17] [INFO    ] [Worker-6] Thread env — OMP=5, MKL=5, NUMEXPR=5 | fname=INIT
[2026-02-10 11:57:17] [INFO    ] [Worker-6] Worker-6 initializing PaddleOCR model... | fname=INIT
[2026-02-10 11:57:17] [INFO    ] [Worker-7] Worker-7 process started (PID=5689) | fname=INIT
[2026-02-10 11:57:17] [INFO    ] [Worker-7] Thread env — OMP=5, MKL=5, NUMEXPR=5 | fname=INIT
[2026-02-10 11:57:17] [INFO    ] [Worker-7] Worker-7 initializing PaddleOCR model... | fname=INIT
[2026-02-10 11:57:17] [INFO    ] [Worker-8] Worker-8 process started (PID=5690) | fname=INIT
[2026-02-10 11:57:17] [INFO    ] [Worker-8] Thread env — OMP=5, MKL=5, NUMEXPR=5 | fname=INIT
[2026-02-10 11:57:17] [INFO    ] [Worker-8] Worker-8 initializing PaddleOCR model... | fname=INIT
[2026-02-10 11:57:17] [INFO    ] [Worker-9] Worker-9 process started (PID=5691) | fname=INIT
[2026-02-10 11:57:17] [INFO    ] [Worker-9] Thread env — OMP=5, MKL=5, NUMEXPR=5 | fname=INIT
[2026-02-10 11:57:17] [INFO    ] [Worker-9] Worker-9 initializing PaddleOCR model... | fname=INIT
[2026-02-10 11:57:28] [INFO    ] [Worker-3] Worker-3 PaddleOCR model initialized in 10.65s | fname=INIT
[2026-02-10 11:57:28] [INFO    ] [Worker-3] Worker-3 entering processing loop | fname=INIT
[2026-02-10 11:57:28] [DEBUG   ] [Worker-3] Worker-3 waiting for next task from queue | fname=QUEUE_WAIT
[2026-02-10 11:57:28] [INFO    ] [Worker-3] Worker-3 picked up task | fname=12124087 Mismatch PepsiCo Company Name (PO).pdf
[2026-02-10 11:57:28] [DEBUG   ] [MainProcess] File enqueued successfully (6/36) | fname=28536941 Invalid Recipient VAT Number (PO).pdf
[2026-02-10 11:57:28] [INFO    ] [Worker-3] Worker-3 starting OCR (0.04 MB) | fname=12124087 Mismatch PepsiCo Company Name (PO).pdf
[2026-02-10 11:57:28] [DEBUG   ] [MainProcess] Putting file 7/36 into queue | fname=30313542 Suspected Duplicate (PO).pdf
[2026-02-10 11:57:28] [INFO    ] [Worker-8] Worker-8 PaddleOCR model initialized in 10.86s | fname=INIT
[2026-02-10 11:57:28] [INFO    ] [Worker-8] Worker-8 entering processing loop | fname=INIT
[2026-02-10 11:57:28] [DEBUG   ] [Worker-8] Worker-8 waiting for next task from queue | fname=QUEUE_WAIT
[2026-02-10 11:57:28] [INFO    ] [Worker-8] Worker-8 picked up task | fname=23867942 Invoice Older than Allowed (PO).pdf
[2026-02-10 11:57:28] [INFO    ] [Worker-8] Worker-8 starting OCR (0.11 MB) | fname=23867942 Invoice Older than Allowed (PO).pdf
[2026-02-10 11:57:28] [DEBUG   ] [MainProcess] File enqueued successfully (7/36) | fname=30313542 Suspected Duplicate (PO).pdf
[2026-02-10 11:57:28] [DEBUG   ] [MainProcess] Putting file 8/36 into queue | fname=32527148 UOM Mismatch (PO).pdf
[2026-02-10 11:57:32] [INFO    ] [Worker-1] Worker-1 PaddleOCR model initialized in 14.53s | fname=INIT
[2026-02-10 11:57:32] [INFO    ] [Worker-1] Worker-1 entering processing loop | fname=INIT
[2026-02-10 11:57:32] [DEBUG   ] [Worker-1] Worker-1 waiting for next task from queue | fname=QUEUE_WAIT
[2026-02-10 11:57:32] [INFO    ] [Worker-1] Worker-1 picked up task | fname=23996926 Manual Check of Indexing Lines (PO).pdf
[2026-02-10 11:57:32] [INFO    ] [Worker-1] Worker-1 starting OCR (0.05 MB) | fname=23996926 Manual Check of Indexing Lines (PO).pdf
[2026-02-10 11:57:32] [DEBUG   ] [MainProcess] File enqueued successfully (8/36) | fname=32527148 UOM Mismatch (PO).pdf
[2026-02-10 11:57:32] [DEBUG   ] [MainProcess] Putting file 9/36 into queue | fname=33365033 Unable to Determine Company Code (NPO).pdf
[2026-02-10 11:57:32] [INFO    ] [Worker-0] Worker-0 PaddleOCR model initialized in 14.59s | fname=INIT
[2026-02-10 11:57:32] [INFO    ] [Worker-0] Worker-0 entering processing loop | fname=INIT
[2026-02-10 11:57:32] [DEBUG   ] [Worker-0] Worker-0 waiting for next task from queue | fname=QUEUE_WAIT
[2026-02-10 11:57:32] [INFO    ] [Worker-0] Worker-0 picked up task | fname=24280319 Currency Mismatch (PO).pdf
[2026-02-10 11:57:32] [INFO    ] [Worker-0] Worker-0 starting OCR (0.01 MB) | fname=24280319 Currency Mismatch (PO).pdf
[2026-02-10 11:57:32] [DEBUG   ] [MainProcess] File enqueued successfully (9/36) | fname=33365033 Unable to Determine Company Code (NPO).pdf
[2026-02-10 11:57:32] [DEBUG   ] [MainProcess] Putting file 10/36 into queue | fname=33815264 Invalid Currency (NPO).pdf
[2026-02-10 11:57:32] [INFO    ] [Worker-7] Worker-7 PaddleOCR model initialized in 14.88s | fname=INIT
[2026-02-10 11:57:32] [INFO    ] [Worker-7] Worker-7 entering processing loop | fname=INIT
[2026-02-10 11:57:32] [DEBUG   ] [Worker-7] Worker-7 waiting for next task from queue | fname=QUEUE_WAIT
[2026-02-10 11:57:32] [INFO    ] [Worker-7] Worker-7 picked up task | fname=24551639 Process PO Invoice (PO).pdf
[2026-02-10 11:57:32] [INFO    ] [Worker-7] Worker-7 starting OCR (0.03 MB) | fname=24551639 Process PO Invoice (PO).pdf
[2026-02-10 11:57:32] [DEBUG   ] [MainProcess] File enqueued successfully (10/36) | fname=33815264 Invalid Currency (NPO).pdf
[2026-02-10 11:57:32] [DEBUG   ] [MainProcess] Putting file 11/36 into queue | fname=34046864 Invalid Tax Info. (PO).pdf
[2026-02-10 11:57:35] [INFO    ] [Worker-4] Worker-4 PaddleOCR model initialized in 18.00s | fname=INIT
[2026-02-10 11:57:35] [INFO    ] [Worker-4] Worker-4 entering processing loop | fname=INIT
[2026-02-10 11:57:35] [DEBUG   ] [Worker-4] Worker-4 waiting for next task from queue | fname=QUEUE_WAIT
[2026-02-10 11:57:35] [INFO    ] [Worker-4] Worker-4 picked up task | fname=28536941 Invalid Recipient VAT Number (PO).pdf
[2026-02-10 11:57:35] [DEBUG   ] [MainProcess] File enqueued successfully (11/36) | fname=34046864 Invalid Tax Info. (PO).pdf
[2026-02-10 11:57:35] [INFO    ] [Worker-4] Worker-4 starting OCR (0.06 MB) | fname=28536941 Invalid Recipient VAT Number (PO).pdf
[2026-02-10 11:57:35] [DEBUG   ] [MainProcess] Putting file 12/36 into queue | fname=34260911 Missing Item Qty. (PO).pdf
[2026-02-10 11:57:36] [INFO    ] [Worker-9] Worker-9 PaddleOCR model initialized in 18.42s | fname=INIT
[2026-02-10 11:57:36] [INFO    ] [Worker-9] Worker-9 entering processing loop | fname=INIT
[2026-02-10 11:57:36] [DEBUG   ] [Worker-9] Worker-9 waiting for next task from queue | fname=QUEUE_WAIT
[2026-02-10 11:57:36] [INFO    ] [Worker-9] Worker-9 picked up task | fname=30313542 Suspected Duplicate (PO).pdf
[2026-02-10 11:57:36] [DEBUG   ] [MainProcess] File enqueued successfully (12/36) | fname=34260911 Missing Item Qty. (PO).pdf
[2026-02-10 11:57:36] [INFO    ] [Worker-9] Worker-9 starting OCR (0.03 MB) | fname=30313542 Suspected Duplicate (PO).pdf
[2026-02-10 11:57:36] [DEBUG   ] [MainProcess] Putting file 13/36 into queue | fname=34388480 Invalid Requestor ID (NPO).pdf
[2026-02-10 11:57:36] [INFO    ] [Worker-5] Worker-5 PaddleOCR model initialized in 18.87s | fname=INIT
[2026-02-10 11:57:36] [INFO    ] [Worker-5] Worker-5 entering processing loop | fname=INIT
[2026-02-10 11:57:36] [DEBUG   ] [Worker-5] Worker-5 waiting for next task from queue | fname=QUEUE_WAIT
[2026-02-10 11:57:36] [INFO    ] [Worker-5] Worker-5 picked up task | fname=32527148 UOM Mismatch (PO).pdf
[2026-02-10 11:57:36] [DEBUG   ] [MainProcess] File enqueued successfully (13/36) | fname=34388480 Invalid Requestor ID (NPO).pdf
[2026-02-10 11:57:36] [DEBUG   ] [MainProcess] Putting file 14/36 into queue | fname=34606454 Multiple Bank Accounts Exist (PO).pdf
[2026-02-10 11:57:36] [INFO    ] [Worker-5] Worker-5 starting OCR (0.04 MB) | fname=32527148 UOM Mismatch (PO).pdf
[2026-02-10 11:57:40] [INFO    ] [Worker-0] Worker-0 OCR completed in 8.30s | fname=24280319 Currency Mismatch (PO).pdf
[2026-02-10 11:57:40] [INFO    ] [Worker-0] Worker-0 extracted 15 lines from 1 page(s) | fname=24280319 Currency Mismatch (PO).pdf
[2026-02-10 11:57:40] [INFO    ] [Worker-0] Worker-0 output written to ./ocr_output/24280319 Currency Mismatch (PO).pdf.txt (0.0002s) | fname=24280319 Currency Mismatch (PO).pdf
[2026-02-10 11:57:40] [INFO    ] [Worker-0] Worker-0 completed (OCR=8.30s, total=8.30s) | fname=24280319 Currency Mismatch (PO).pdf
[2026-02-10 11:57:40] [DEBUG   ] [Worker-0] Worker-0 waiting for next task from queue | fname=QUEUE_WAIT
[2026-02-10 11:57:40] [INFO    ] [Worker-0] Worker-0 picked up task | fname=33365033 Unable to Determine Company Code (NPO).pdf
[2026-02-10 11:57:40] [INFO    ] [Worker-0] Worker-0 starting OCR (0.05 MB) | fname=33365033 Unable to Determine Company Code (NPO).pdf
[2026-02-10 11:57:40] [DEBUG   ] [MainProcess] File enqueued successfully (14/36) | fname=34606454 Multiple Bank Accounts Exist (PO).pdf
[2026-02-10 11:57:40] [DEBUG   ] [MainProcess] Putting file 15/36 into queue | fname=34728178 Vendor Mismatch (PO).pdf
[2026-02-10 11:57:41] [INFO    ] [Worker-6] Worker-6 PaddleOCR model initialized in 23.42s | fname=INIT
[2026-02-10 11:57:41] [INFO    ] [Worker-6] Worker-6 entering processing loop | fname=INIT
[2026-02-10 11:57:41] [DEBUG   ] [Worker-6] Worker-6 waiting for next task from queue | fname=QUEUE_WAIT
[2026-02-10 11:57:41] [INFO    ] [Worker-6] Worker-6 picked up task | fname=33815264 Invalid Currency (NPO).pdf
[2026-02-10 11:57:41] [DEBUG   ] [MainProcess] File enqueued successfully (15/36) | fname=34728178 Vendor Mismatch (PO).pdf
[2026-02-10 11:57:41] [INFO    ] [Worker-6] Worker-6 starting OCR (0.06 MB) | fname=33815264 Invalid Currency (NPO).pdf
[2026-02-10 11:57:41] [DEBUG   ] [MainProcess] Putting file 16/36 into queue | fname=35294023 Please Index (NPO).pdf
[2026-02-10 11:57:46] [INFO    ] [Worker-7] Worker-7 OCR completed in 13.95s | fname=24551639 Process PO Invoice (PO).pdf
[2026-02-10 11:57:46] [INFO    ] [Worker-7] Worker-7 extracted 30 lines from 2 page(s) | fname=24551639 Process PO Invoice (PO).pdf
[2026-02-10 11:57:46] [INFO    ] [Worker-7] Worker-7 output written to ./ocr_output/24551639 Process PO Invoice (PO).pdf.txt (0.0001s) | fname=24551639 Process PO Invoice (PO).pdf
[2026-02-10 11:57:46] [INFO    ] [Worker-7] Worker-7 completed (OCR=13.95s, total=13.95s) | fname=24551639 Process PO Invoice (PO).pdf
[2026-02-10 11:57:46] [DEBUG   ] [Worker-7] Worker-7 waiting for next task from queue | fname=QUEUE_WAIT
[2026-02-10 11:57:46] [INFO    ] [Worker-7] Worker-7 picked up task | fname=34046864 Invalid Tax Info. (PO).pdf
[2026-02-10 11:57:46] [INFO    ] [Worker-7] Worker-7 starting OCR (0.02 MB) | fname=34046864 Invalid Tax Info. (PO).pdf
[2026-02-10 11:57:46] [DEBUG   ] [MainProcess] File enqueued successfully (16/36) | fname=35294023 Please Index (NPO).pdf
[2026-02-10 11:57:46] [DEBUG   ] [MainProcess] Putting file 17/36 into queue | fname=35659400  Company Code Mismatch (PO).pdf
[2026-02-10 11:57:47] [INFO    ] [Worker-4] Worker-4 OCR completed in 11.57s | fname=28536941 Invalid Recipient VAT Number (PO).pdf
[2026-02-10 11:57:47] [INFO    ] [Worker-4] Worker-4 extracted 15 lines from 1 page(s) | fname=28536941 Invalid Recipient VAT Number (PO).pdf
[2026-02-10 11:57:47] [INFO    ] [Worker-4] Worker-4 output written to ./ocr_output/28536941 Invalid Recipient VAT Number (PO).pdf.txt (0.0003s) | fname=28536941 Invalid Recipient VAT Number (PO).pdf
[2026-02-10 11:57:47] [INFO    ] [Worker-4] Worker-4 completed (OCR=11.57s, total=11.57s) | fname=28536941 Invalid Recipient VAT Number (PO).pdf
[2026-02-10 11:57:47] [DEBUG   ] [Worker-4] Worker-4 waiting for next task from queue | fname=QUEUE_WAIT
[2026-02-10 11:57:47] [INFO    ] [Worker-4] Worker-4 picked up task | fname=34260911 Missing Item Qty. (PO).pdf
[2026-02-10 11:57:47] [DEBUG   ] [MainProcess] File enqueued successfully (17/36) | fname=35659400  Company Code Mismatch (PO).pdf
[2026-02-10 11:57:47] [INFO    ] [Worker-4] Worker-4 starting OCR (0.04 MB) | fname=34260911 Missing Item Qty. (PO).pdf
[2026-02-10 11:57:47] [DEBUG   ] [MainProcess] Putting file 18/36 into queue | fname=36114864 Invalid Tax Info (NPO).pdf
[2026-02-10 11:57:47] [INFO    ] [Worker-3] Worker-3 OCR completed in 18.97s | fname=12124087 Mismatch PepsiCo Company Name (PO).pdf
[2026-02-10 11:57:47] [INFO    ] [Worker-3] Worker-3 extracted 30 lines from 2 page(s) | fname=12124087 Mismatch PepsiCo Company Name (PO).pdf
[2026-02-10 11:57:47] [INFO    ] [Worker-3] Worker-3 output written to ./ocr_output/12124087 Mismatch PepsiCo Company Name (PO).pdf.txt (0.0003s) | fname=12124087 Mismatch PepsiCo Company Name (PO).pdf
[2026-02-10 11:57:47] [INFO    ] [Worker-3] Worker-3 completed (OCR=18.97s, total=18.97s) | fname=12124087 Mismatch PepsiCo Company Name (PO).pdf
[2026-02-10 11:57:47] [DEBUG   ] [Worker-3] Worker-3 waiting for next task from queue | fname=QUEUE_WAIT
[2026-02-10 11:57:47] [INFO    ] [Worker-3] Worker-3 picked up task | fname=34388480 Invalid Requestor ID (NPO).pdf
[2026-02-10 11:57:47] [DEBUG   ] [MainProcess] File enqueued successfully (18/36) | fname=36114864 Invalid Tax Info (NPO).pdf
[2026-02-10 11:57:47] [DEBUG   ] [MainProcess] Putting file 19/36 into queue | fname=36289412 Missing Invoice Date (PO).pdf
[2026-02-10 11:57:47] [INFO    ] [Worker-3] Worker-3 starting OCR (0.03 MB) | fname=34388480 Invalid Requestor ID (NPO).pdf
[2026-02-10 11:57:54] [INFO    ] [Worker-7] Worker-7 OCR completed in 7.97s | fname=34046864 Invalid Tax Info. (PO).pdf
[2026-02-10 11:57:54] [INFO    ] [Worker-7] Worker-7 extracted 15 lines from 1 page(s) | fname=34046864 Invalid Tax Info. (PO).pdf
[2026-02-10 11:57:54] [INFO    ] [Worker-7] Worker-7 output written to ./ocr_output/34046864 Invalid Tax Info. (PO).pdf.txt (0.0002s) | fname=34046864 Invalid Tax Info. (PO).pdf
[2026-02-10 11:57:54] [INFO    ] [Worker-7] Worker-7 completed (OCR=7.97s, total=7.97s) | fname=34046864 Invalid Tax Info. (PO).pdf
[2026-02-10 11:57:54] [DEBUG   ] [Worker-7] Worker-7 waiting for next task from queue | fname=QUEUE_WAIT
[2026-02-10 11:57:54] [INFO    ] [Worker-7] Worker-7 picked up task | fname=34606454 Multiple Bank Accounts Exist (PO).pdf
[2026-02-10 11:57:54] [INFO    ] [Worker-7] Worker-7 starting OCR (0.06 MB) | fname=34606454 Multiple Bank Accounts Exist (PO).pdf
[2026-02-10 11:57:54] [DEBUG   ] [MainProcess] File enqueued successfully (19/36) | fname=36289412 Missing Invoice Date (PO).pdf
[2026-02-10 11:57:54] [DEBUG   ] [MainProcess] Putting file 20/36 into queue | fname=36289708  Process Non Invoice Document.pdf
[2026-02-10 11:57:55] [INFO    ] [Worker-1] Worker-1 OCR completed in 22.81s | fname=23996926 Manual Check of Indexing Lines (PO).pdf
[2026-02-10 11:57:55] [INFO    ] [Worker-1] Worker-1 extracted 45 lines from 3 page(s) | fname=23996926 Manual Check of Indexing Lines (PO).pdf
[2026-02-10 11:57:55] [INFO    ] [Worker-1] Worker-1 output written to ./ocr_output/23996926 Manual Check of Indexing Lines (PO).pdf.txt (0.0002s) | fname=23996926 Manual Check of Indexing Lines (PO).pdf
[2026-02-10 11:57:55] [INFO    ] [Worker-1] Worker-1 completed (OCR=22.81s, total=22.81s) | fname=23996926 Manual Check of Indexing Lines (PO).pdf
[2026-02-10 11:57:55] [DEBUG   ] [Worker-1] Worker-1 waiting for next task from queue | fname=QUEUE_WAIT
[2026-02-10 11:57:55] [INFO    ] [Worker-1] Worker-1 picked up task | fname=34728178 Vendor Mismatch (PO).pdf
[2026-02-10 11:57:55] [INFO    ] [Worker-1] Worker-1 starting OCR (0.04 MB) | fname=34728178 Vendor Mismatch (PO).pdf
[2026-02-10 11:57:55] [DEBUG   ] [MainProcess] File enqueued successfully (20/36) | fname=36289708  Process Non Invoice Document.pdf
[2026-02-10 11:57:55] [DEBUG   ] [MainProcess] Putting file 21/36 into queue | fname=36292740 Suspected Duplicate (NPO).pdf
[2026-02-10 11:57:56] [INFO    ] [Worker-9] Worker-9 OCR completed in 19.93s | fname=30313542 Suspected Duplicate (PO).pdf
[2026-02-10 11:57:56] [INFO    ] [Worker-9] Worker-9 extracted 45 lines from 3 page(s) | fname=30313542 Suspected Duplicate (PO).pdf
[2026-02-10 11:57:56] [INFO    ] [Worker-9] Worker-9 output written to ./ocr_output/30313542 Suspected Duplicate (PO).pdf.txt (0.0002s) | fname=30313542 Suspected Duplicate (PO).pdf
[2026-02-10 11:57:56] [INFO    ] [Worker-9] Worker-9 completed (OCR=19.93s, total=19.93s) | fname=30313542 Suspected Duplicate (PO).pdf
[2026-02-10 11:57:56] [DEBUG   ] [Worker-9] Worker-9 waiting for next task from queue | fname=QUEUE_WAIT
[2026-02-10 11:57:56] [INFO    ] [Worker-9] Worker-9 picked up task | fname=35294023 Please Index (NPO).pdf
[2026-02-10 11:57:56] [INFO    ] [Worker-9] Worker-9 starting OCR (0.04 MB) | fname=35294023 Please Index (NPO).pdf
[2026-02-10 11:57:56] [DEBUG   ] [MainProcess] File enqueued successfully (21/36) | fname=36292740 Suspected Duplicate (NPO).pdf
[2026-02-10 11:57:56] [DEBUG   ] [MainProcess] Putting file 22/36 into queue | fname=36364887 Accounting Vendor Maintenance Required (PO).pdf
[2026-02-10 11:57:59] [INFO    ] [Worker-2] Worker-2 PaddleOCR model initialized in 41.66s | fname=INIT
[2026-02-10 11:57:59] [INFO    ] [Worker-2] Worker-2 entering processing loop | fname=INIT
[2026-02-10 11:57:59] [DEBUG   ] [Worker-2] Worker-2 waiting for next task from queue | fname=QUEUE_WAIT
[2026-02-10 11:57:59] [INFO    ] [Worker-2] Worker-2 picked up task | fname=35659400  Company Code Mismatch (PO).pdf
[2026-02-10 11:57:59] [INFO    ] [Worker-2] Worker-2 starting OCR (0.07 MB) | fname=35659400  Company Code Mismatch (PO).pdf
[2026-02-10 11:57:59] [DEBUG   ] [MainProcess] File enqueued successfully (22/36) | fname=36364887 Accounting Vendor Maintenance Required (PO).pdf
[2026-02-10 11:57:59] [DEBUG   ] [MainProcess] Putting file 23/36 into queue | fname=36532827   Missing Mandatory Information (NPO).pdf
[2026-02-10 11:58:00] [INFO    ] [Worker-3] Worker-3 OCR completed in 13.46s | fname=34388480 Invalid Requestor ID (NPO).pdf
[2026-02-10 11:58:00] [INFO    ] [Worker-3] Worker-3 extracted 30 lines from 2 page(s) | fname=34388480 Invalid Requestor ID (NPO).pdf
[2026-02-10 11:58:00] [INFO    ] [Worker-3] Worker-3 output written to ./ocr_output/34388480 Invalid Requestor ID (NPO).pdf.txt (0.0002s) | fname=34388480 Invalid Requestor ID (NPO).pdf
[2026-02-10 11:58:00] [INFO    ] [Worker-3] Worker-3 completed (OCR=13.46s, total=13.46s) | fname=34388480 Invalid Requestor ID (NPO).pdf
[2026-02-10 11:58:00] [DEBUG   ] [Worker-3] Worker-3 waiting for next task from queue | fname=QUEUE_WAIT
[2026-02-10 11:58:00] [INFO    ] [Worker-3] Worker-3 picked up task | fname=36114864 Invalid Tax Info (NPO).pdf
[2026-02-10 11:58:00] [INFO    ] [Worker-3] Worker-3 starting OCR (0.06 MB) | fname=36114864 Invalid Tax Info (NPO).pdf
[2026-02-10 11:58:00] [DEBUG   ] [MainProcess] File enqueued successfully (23/36) | fname=36532827   Missing Mandatory Information (NPO).pdf
[2026-02-10 11:58:00] [DEBUG   ] [MainProcess] Putting file 24/36 into queue | fname=36761716 Invoice Older than Allowed (NPO).pdf
[2026-02-10 11:58:01] [INFO    ] [Worker-0] Worker-0 OCR completed in 20.81s | fname=33365033 Unable to Determine Company Code (NPO).pdf
[2026-02-10 11:58:01] [INFO    ] [Worker-0] Worker-0 extracted 45 lines from 3 page(s) | fname=33365033 Unable to Determine Company Code (NPO).pdf
[2026-02-10 11:58:01] [INFO    ] [Worker-0] Worker-0 output written to ./ocr_output/33365033 Unable to Determine Company Code (NPO).pdf.txt (0.0002s) | fname=33365033 Unable to Determine Company Code (NPO).pdf
[2026-02-10 11:58:01] [INFO    ] [Worker-0] Worker-0 completed (OCR=20.81s, total=20.81s) | fname=33365033 Unable to Determine Company Code (NPO).pdf
[2026-02-10 11:58:01] [DEBUG   ] [Worker-0] Worker-0 waiting for next task from queue | fname=QUEUE_WAIT
[2026-02-10 11:58:01] [INFO    ] [Worker-0] Worker-0 picked up task | fname=36289412 Missing Invoice Date (PO).pdf
[2026-02-10 11:58:01] [INFO    ] [Worker-0] Worker-0 starting OCR (0.03 MB) | fname=36289412 Missing Invoice Date (PO).pdf
[2026-02-10 11:58:01] [DEBUG   ] [MainProcess] File enqueued successfully (24/36) | fname=36761716 Invoice Older than Allowed (NPO).pdf
[2026-02-10 11:58:01] [DEBUG   ] [MainProcess] Putting file 25/36 into queue | fname=37151454 Process Non-PO Credit Memo (NPO).pdf
[2026-02-10 11:58:02] [INFO    ] [Worker-5] Worker-5 OCR completed in 26.16s | fname=32527148 UOM Mismatch (PO).pdf
[2026-02-10 11:58:02] [INFO    ] [Worker-5] Worker-5 extracted 45 lines from 3 page(s) | fname=32527148 UOM Mismatch (PO).pdf
[2026-02-10 11:58:02] [INFO    ] [Worker-5] Worker-5 output written to ./ocr_output/32527148 UOM Mismatch (PO).pdf.txt (0.0004s) | fname=32527148 UOM Mismatch (PO).pdf
[2026-02-10 11:58:02] [INFO    ] [Worker-5] Worker-5 completed (OCR=26.16s, total=26.16s) | fname=32527148 UOM Mismatch (PO).pdf
[2026-02-10 11:58:02] [DEBUG   ] [Worker-5] Worker-5 waiting for next task from queue | fname=QUEUE_WAIT
[2026-02-10 11:58:02] [INFO    ] [Worker-5] Worker-5 picked up task | fname=36289708  Process Non Invoice Document.pdf
[2026-02-10 11:58:02] [DEBUG   ] [MainProcess] File enqueued successfully (25/36) | fname=37151454 Process Non-PO Credit Memo (NPO).pdf
[2026-02-10 11:58:02] [INFO    ] [Worker-5] Worker-5 starting OCR (0.05 MB) | fname=36289708  Process Non Invoice Document.pdf
[2026-02-10 11:58:02] [DEBUG   ] [MainProcess] Putting file 26/36 into queue | fname=37290355 Process PO Credit Memo (PO).pdf
[2026-02-10 11:58:06] [INFO    ] [Worker-4] Worker-4 OCR completed in 18.88s | fname=34260911 Missing Item Qty. (PO).pdf
[2026-02-10 11:58:06] [INFO    ] [Worker-4] Worker-4 extracted 30 lines from 2 page(s) | fname=34260911 Missing Item Qty. (PO).pdf
[2026-02-10 11:58:06] [INFO    ] [Worker-4] Worker-4 output written to ./ocr_output/34260911 Missing Item Qty. (PO).pdf.txt (0.0002s) | fname=34260911 Missing Item Qty. (PO).pdf
[2026-02-10 11:58:06] [INFO    ] [Worker-4] Worker-4 completed (OCR=18.88s, total=18.89s) | fname=34260911 Missing Item Qty. (PO).pdf
[2026-02-10 11:58:06] [DEBUG   ] [Worker-4] Worker-4 waiting for next task from queue | fname=QUEUE_WAIT
[2026-02-10 11:58:06] [INFO    ] [Worker-4] Worker-4 picked up task | fname=36292740 Suspected Duplicate (NPO).pdf
[2026-02-10 11:58:06] [INFO    ] [Worker-4] Worker-4 starting OCR (0.03 MB) | fname=36292740 Suspected Duplicate (NPO).pdf
[2026-02-10 11:58:06] [DEBUG   ] [MainProcess] File enqueued successfully (26/36) | fname=37290355 Process PO Credit Memo (PO).pdf
[2026-02-10 11:58:06] [DEBUG   ] [MainProcess] Putting file 27/36 into queue | fname=37371307 Invalid Currency (PO).pdf
[2026-02-10 11:58:08] [INFO    ] [Worker-8] Worker-8 OCR completed in 39.85s | fname=23867942 Invoice Older than Allowed (PO).pdf
[2026-02-10 11:58:08] [INFO    ] [Worker-8] Worker-8 extracted 90 lines from 6 page(s) | fname=23867942 Invoice Older than Allowed (PO).pdf
[2026-02-10 11:58:08] [INFO    ] [Worker-8] Worker-8 output written to ./ocr_output/23867942 Invoice Older than Allowed (PO).pdf.txt (0.0001s) | fname=23867942 Invoice Older than Allowed (PO).pdf
[2026-02-10 11:58:08] [INFO    ] [Worker-8] Worker-8 completed (OCR=39.85s, total=39.85s) | fname=23867942 Invoice Older than Allowed (PO).pdf
[2026-02-10 11:58:08] [DEBUG   ] [Worker-8] Worker-8 waiting for next task from queue | fname=QUEUE_WAIT
[2026-02-10 11:58:08] [INFO    ] [Worker-8] Worker-8 picked up task | fname=36364887 Accounting Vendor Maintenance Required (PO).pdf
[2026-02-10 11:58:08] [INFO    ] [Worker-8] Worker-8 starting OCR (0.02 MB) | fname=36364887 Accounting Vendor Maintenance Required (PO).pdf
[2026-02-10 11:58:08] [DEBUG   ] [MainProcess] File enqueued successfully (27/36) | fname=37371307 Invalid Currency (PO).pdf
[2026-02-10 11:58:08] [DEBUG   ] [MainProcess] Putting file 28/36 into queue | fname=37451662 Missing Vendor Invoice Reference Number (NPO).pdf
[2026-02-10 11:58:13] [INFO    ] [Worker-0] Worker-0 OCR completed in 11.58s | fname=36289412 Missing Invoice Date (PO).pdf
[2026-02-10 11:58:13] [INFO    ] [Worker-0] Worker-0 extracted 30 lines from 2 page(s) | fname=36289412 Missing Invoice Date (PO).pdf
[2026-02-10 11:58:13] [INFO    ] [Worker-0] Worker-0 output written to ./ocr_output/36289412 Missing Invoice Date (PO).pdf.txt (0.0002s) | fname=36289412 Missing Invoice Date (PO).pdf
[2026-02-10 11:58:13] [INFO    ] [Worker-0] Worker-0 completed (OCR=11.58s, total=11.58s) | fname=36289412 Missing Invoice Date (PO).pdf
[2026-02-10 11:58:13] [DEBUG   ] [Worker-0] Worker-0 waiting for next task from queue | fname=QUEUE_WAIT
[2026-02-10 11:58:13] [INFO    ] [Worker-0] Worker-0 picked up task | fname=36532827   Missing Mandatory Information (NPO).pdf
[2026-02-10 11:58:13] [INFO    ] [Worker-0] Worker-0 starting OCR (0.02 MB) | fname=36532827   Missing Mandatory Information (NPO).pdf
[2026-02-10 11:58:13] [DEBUG   ] [MainProcess] File enqueued successfully (28/36) | fname=37451662 Missing Vendor Invoice Reference Number (NPO).pdf
[2026-02-10 11:58:13] [DEBUG   ] [MainProcess] Putting file 29/36 into queue | fname=37654394 Invalid PO Number (PO).pdf
[2026-02-10 11:58:14] [INFO    ] [Worker-1] Worker-1 OCR completed in 19.26s | fname=34728178 Vendor Mismatch (PO).pdf
[2026-02-10 11:58:14] [INFO    ] [Worker-1] Worker-1 extracted 30 lines from 2 page(s) | fname=34728178 Vendor Mismatch (PO).pdf
[2026-02-10 11:58:14] [INFO    ] [Worker-1] Worker-1 output written to ./ocr_output/34728178 Vendor Mismatch (PO).pdf.txt (0.0002s) | fname=34728178 Vendor Mismatch (PO).pdf
[2026-02-10 11:58:14] [INFO    ] [Worker-1] Worker-1 completed (OCR=19.26s, total=19.26s) | fname=34728178 Vendor Mismatch (PO).pdf
[2026-02-10 11:58:14] [DEBUG   ] [Worker-1] Worker-1 waiting for next task from queue | fname=QUEUE_WAIT
[2026-02-10 11:58:14] [INFO    ] [Worker-1] Worker-1 picked up task | fname=36761716 Invoice Older than Allowed (NPO).pdf
[2026-02-10 11:58:14] [INFO    ] [Worker-1] Worker-1 starting OCR (0.03 MB) | fname=36761716 Invoice Older than Allowed (NPO).pdf
[2026-02-10 11:58:14] [DEBUG   ] [MainProcess] File enqueued successfully (29/36) | fname=37654394 Invalid PO Number (PO).pdf
[2026-02-10 11:58:14] [DEBUG   ] [MainProcess] Putting file 30/36 into queue | fname=37689388 Process Non-PO Invoice (NPO).pdf
[2026-02-10 11:58:18] [INFO    ] [Worker-9] Worker-9 OCR completed in 22.33s | fname=35294023 Please Index (NPO).pdf
[2026-02-10 11:58:18] [INFO    ] [Worker-9] Worker-9 extracted 45 lines from 3 page(s) | fname=35294023 Please Index (NPO).pdf
[2026-02-10 11:58:18] [INFO    ] [Worker-9] Worker-9 output written to ./ocr_output/35294023 Please Index (NPO).pdf.txt (0.0002s) | fname=35294023 Please Index (NPO).pdf
[2026-02-10 11:58:18] [INFO    ] [Worker-9] Worker-9 completed (OCR=22.33s, total=22.33s) | fname=35294023 Please Index (NPO).pdf
[2026-02-10 11:58:18] [DEBUG   ] [Worker-9] Worker-9 waiting for next task from queue | fname=QUEUE_WAIT
[2026-02-10 11:58:18] [INFO    ] [Worker-9] Worker-9 picked up task | fname=37151454 Process Non-PO Credit Memo (NPO).pdf
[2026-02-10 11:58:18] [INFO    ] [Worker-9] Worker-9 starting OCR (0.04 MB) | fname=37151454 Process Non-PO Credit Memo (NPO).pdf
[2026-02-10 11:58:18] [DEBUG   ] [MainProcess] File enqueued successfully (30/36) | fname=37689388 Process Non-PO Invoice (NPO).pdf
[2026-02-10 11:58:18] [DEBUG   ] [MainProcess] Putting file 31/36 into queue | fname=37689884 Invalid Vendor (NPO).pdf
[2026-02-10 11:58:19] [INFO    ] [Worker-8] Worker-8 OCR completed in 10.82s | fname=36364887 Accounting Vendor Maintenance Required (PO).pdf
[2026-02-10 11:58:19] [INFO    ] [Worker-8] Worker-8 extracted 30 lines from 2 page(s) | fname=36364887 Accounting Vendor Maintenance Required (PO).pdf
[2026-02-10 11:58:19] [INFO    ] [Worker-8] Worker-8 output written to ./ocr_output/36364887 Accounting Vendor Maintenance Required (PO).pdf.txt (0.0003s) | fname=36364887 Accounting Vendor Maintenance Required (PO).pdf
[2026-02-10 11:58:19] [INFO    ] [Worker-8] Worker-8 completed (OCR=10.82s, total=10.82s) | fname=36364887 Accounting Vendor Maintenance Required (PO).pdf
[2026-02-10 11:58:19] [DEBUG   ] [Worker-8] Worker-8 waiting for next task from queue | fname=QUEUE_WAIT
[2026-02-10 11:58:19] [INFO    ] [Worker-8] Worker-8 picked up task | fname=37290355 Process PO Credit Memo (PO).pdf
[2026-02-10 11:58:19] [DEBUG   ] [MainProcess] File enqueued successfully (31/36) | fname=37689884 Invalid Vendor (NPO).pdf
[2026-02-10 11:58:19] [INFO    ] [Worker-8] Worker-8 starting OCR (0.03 MB) | fname=37290355 Process PO Credit Memo (PO).pdf
[2026-02-10 11:58:19] [DEBUG   ] [MainProcess] Putting file 32/36 into queue | fname=37691076 Please Index (PO).pdf
[2026-02-10 11:58:20] [INFO    ] [Worker-0] Worker-0 OCR completed in 7.67s | fname=36532827   Missing Mandatory Information (NPO).pdf
[2026-02-10 11:58:20] [INFO    ] [Worker-0] Worker-0 extracted 15 lines from 1 page(s) | fname=36532827   Missing Mandatory Information (NPO).pdf
[2026-02-10 11:58:20] [INFO    ] [Worker-0] Worker-0 output written to ./ocr_output/36532827   Missing Mandatory Information (NPO).pdf.txt (0.0003s) | fname=36532827   Missing Mandatory Information (NPO).pdf
[2026-02-10 11:58:20] [INFO    ] [Worker-0] Worker-0 completed (OCR=7.67s, total=7.67s) | fname=36532827   Missing Mandatory Information (NPO).pdf
[2026-02-10 11:58:20] [DEBUG   ] [Worker-0] Worker-0 waiting for next task from queue | fname=QUEUE_WAIT
[2026-02-10 11:58:20] [INFO    ] [Worker-0] Worker-0 picked up task | fname=37371307 Invalid Currency (PO).pdf
[2026-02-10 11:58:20] [INFO    ] [Worker-0] Worker-0 starting OCR (0.03 MB) | fname=37371307 Invalid Currency (PO).pdf
[2026-02-10 11:58:20] [DEBUG   ] [MainProcess] File enqueued successfully (32/36) | fname=37691076 Please Index (PO).pdf
[2026-02-10 11:58:20] [DEBUG   ] [MainProcess] Putting file 33/36 into queue | fname=37691214 Missing Vendor Invoice Reference (PO).pdf
[2026-02-10 11:58:22] [INFO    ] [Worker-3] Worker-3 OCR completed in 21.83s | fname=36114864 Invalid Tax Info (NPO).pdf
[2026-02-10 11:58:22] [INFO    ] [Worker-3] Worker-3 extracted 45 lines from 3 page(s) | fname=36114864 Invalid Tax Info (NPO).pdf
[2026-02-10 11:58:22] [INFO    ] [Worker-3] Worker-3 output written to ./ocr_output/36114864 Invalid Tax Info (NPO).pdf.txt (0.0001s) | fname=36114864 Invalid Tax Info (NPO).pdf
[2026-02-10 11:58:22] [INFO    ] [Worker-3] Worker-3 completed (OCR=21.83s, total=21.83s) | fname=36114864 Invalid Tax Info (NPO).pdf
[2026-02-10 11:58:22] [DEBUG   ] [Worker-3] Worker-3 waiting for next task from queue | fname=QUEUE_WAIT
[2026-02-10 11:58:22] [INFO    ] [Worker-3] Worker-3 picked up task | fname=37451662 Missing Vendor Invoice Reference Number (NPO).pdf
[2026-02-10 11:58:22] [INFO    ] [Worker-3] Worker-3 starting OCR (0.06 MB) | fname=37451662 Missing Vendor Invoice Reference Number (NPO).pdf
[2026-02-10 11:58:22] [DEBUG   ] [MainProcess] File enqueued successfully (33/36) | fname=37691214 Missing Vendor Invoice Reference (PO).pdf
[2026-02-10 11:58:22] [DEBUG   ] [MainProcess] Putting file 34/36 into queue | fname=37692967 Invalid UOM (PO).pdf
[2026-02-10 11:58:24] [INFO    ] [Worker-2] Worker-2 OCR completed in 25.45s | fname=35659400  Company Code Mismatch (PO).pdf
[2026-02-10 11:58:24] [INFO    ] [Worker-2] Worker-2 extracted 45 lines from 3 page(s) | fname=35659400  Company Code Mismatch (PO).pdf
[2026-02-10 11:58:24] [INFO    ] [Worker-2] Worker-2 output written to ./ocr_output/35659400  Company Code Mismatch (PO).pdf.txt (0.0003s) | fname=35659400  Company Code Mismatch (PO).pdf
[2026-02-10 11:58:24] [INFO    ] [Worker-2] Worker-2 completed (OCR=25.45s, total=25.46s) | fname=35659400  Company Code Mismatch (PO).pdf
[2026-02-10 11:58:24] [DEBUG   ] [Worker-2] Worker-2 waiting for next task from queue | fname=QUEUE_WAIT
[2026-02-10 11:58:24] [INFO    ] [Worker-2] Worker-2 picked up task | fname=37654394 Invalid PO Number (PO).pdf
[2026-02-10 11:58:24] [DEBUG   ] [MainProcess] File enqueued successfully (34/36) | fname=37692967 Invalid UOM (PO).pdf
[2026-02-10 11:58:24] [INFO    ] [Worker-2] Worker-2 starting OCR (0.01 MB) | fname=37654394 Invalid PO Number (PO).pdf
[2026-02-10 11:58:24] [DEBUG   ] [MainProcess] Putting file 35/36 into queue | fname=37768719 Approval Required (NPO).pdf
[2026-02-10 11:58:25] [INFO    ] [Worker-7] Worker-7 OCR completed in 31.14s | fname=34606454 Multiple Bank Accounts Exist (PO).pdf
[2026-02-10 11:58:25] [INFO    ] [Worker-7] Worker-7 extracted 60 lines from 4 page(s) | fname=34606454 Multiple Bank Accounts Exist (PO).pdf
[2026-02-10 11:58:25] [INFO    ] [Worker-7] Worker-7 output written to ./ocr_output/34606454 Multiple Bank Accounts Exist (PO).pdf.txt (0.0002s) | fname=34606454 Multiple Bank Accounts Exist (PO).pdf
[2026-02-10 11:58:25] [INFO    ] [Worker-7] Worker-7 completed (OCR=31.14s, total=31.14s) | fname=34606454 Multiple Bank Accounts Exist (PO).pdf
[2026-02-10 11:58:25] [DEBUG   ] [Worker-7] Worker-7 waiting for next task from queue | fname=QUEUE_WAIT
[2026-02-10 11:58:25] [INFO    ] [Worker-7] Worker-7 picked up task | fname=37689388 Process Non-PO Invoice (NPO).pdf
[2026-02-10 11:58:25] [INFO    ] [Worker-7] Worker-7 starting OCR (0.02 MB) | fname=37689388 Process Non-PO Invoice (NPO).pdf
[2026-02-10 11:58:25] [DEBUG   ] [MainProcess] File enqueued successfully (35/36) | fname=37768719 Approval Required (NPO).pdf
[2026-02-10 11:58:25] [DEBUG   ] [MainProcess] Putting file 36/36 into queue | fname=37794522 Invalid Vendor (PO).pdf
[2026-02-10 11:58:27] [INFO    ] [Worker-4] Worker-4 OCR completed in 21.10s | fname=36292740 Suspected Duplicate (NPO).pdf
[2026-02-10 11:58:27] [INFO    ] [Worker-4] Worker-4 extracted 45 lines from 3 page(s) | fname=36292740 Suspected Duplicate (NPO).pdf
[2026-02-10 11:58:27] [INFO    ] [Worker-4] Worker-4 output written to ./ocr_output/36292740 Suspected Duplicate (NPO).pdf.txt (0.0003s) | fname=36292740 Suspected Duplicate (NPO).pdf
[2026-02-10 11:58:27] [INFO    ] [Worker-4] Worker-4 completed (OCR=21.10s, total=21.10s) | fname=36292740 Suspected Duplicate (NPO).pdf
[2026-02-10 11:58:27] [DEBUG   ] [Worker-4] Worker-4 waiting for next task from queue | fname=QUEUE_WAIT
[2026-02-10 11:58:27] [INFO    ] [Worker-4] Worker-4 picked up task | fname=37689884 Invalid Vendor (NPO).pdf
[2026-02-10 11:58:27] [INFO    ] [Worker-4] Worker-4 starting OCR (0.04 MB) | fname=37689884 Invalid Vendor (NPO).pdf
[2026-02-10 11:58:27] [DEBUG   ] [MainProcess] File enqueued successfully (36/36) | fname=37794522 Invalid Vendor (PO).pdf
[2026-02-10 11:58:27] [INFO    ] [MainProcess] All 36 files enqueued in 69.607s | fname=ENQUEUE
[2026-02-10 11:58:27] [INFO    ] [MainProcess] Sending 10 sentinel(s) to shut down workers | fname=SHUTDOWN
[2026-02-10 11:58:28] [INFO    ] [Worker-5] Worker-5 OCR completed in 25.30s | fname=36289708  Process Non Invoice Document.pdf
[2026-02-10 11:58:28] [INFO    ] [Worker-5] Worker-5 extracted 45 lines from 3 page(s) | fname=36289708  Process Non Invoice Document.pdf
[2026-02-10 11:58:28] [INFO    ] [Worker-5] Worker-5 output written to ./ocr_output/36289708  Process Non Invoice Document.pdf.txt (0.0002s) | fname=36289708  Process Non Invoice Document.pdf
[2026-02-10 11:58:28] [INFO    ] [Worker-5] Worker-5 completed (OCR=25.30s, total=25.30s) | fname=36289708  Process Non Invoice Document.pdf
[2026-02-10 11:58:28] [DEBUG   ] [Worker-5] Worker-5 waiting for next task from queue | fname=QUEUE_WAIT
[2026-02-10 11:58:28] [INFO    ] [Worker-5] Worker-5 picked up task | fname=37691076 Please Index (PO).pdf
[2026-02-10 11:58:28] [INFO    ] [Worker-5] Worker-5 starting OCR (0.06 MB) | fname=37691076 Please Index (PO).pdf
[2026-02-10 11:58:32] [INFO    ] [Worker-1] Worker-1 OCR completed in 17.67s | fname=36761716 Invoice Older than Allowed (NPO).pdf
[2026-02-10 11:58:32] [INFO    ] [Worker-1] Worker-1 extracted 30 lines from 2 page(s) | fname=36761716 Invoice Older than Allowed (NPO).pdf
[2026-02-10 11:58:32] [INFO    ] [Worker-1] Worker-1 output written to ./ocr_output/36761716 Invoice Older than Allowed (NPO).pdf.txt (0.0003s) | fname=36761716 Invoice Older than Allowed (NPO).pdf
[2026-02-10 11:58:32] [INFO    ] [Worker-1] Worker-1 completed (OCR=17.67s, total=17.67s) | fname=36761716 Invoice Older than Allowed (NPO).pdf
[2026-02-10 11:58:32] [DEBUG   ] [Worker-1] Worker-1 waiting for next task from queue | fname=QUEUE_WAIT
[2026-02-10 11:58:32] [INFO    ] [Worker-1] Worker-1 picked up task | fname=37691214 Missing Vendor Invoice Reference (PO).pdf
[2026-02-10 11:58:32] [INFO    ] [Worker-1] Worker-1 starting OCR (0.18 MB) | fname=37691214 Missing Vendor Invoice Reference (PO).pdf
[2026-02-10 11:58:33] [INFO    ] [Worker-2] Worker-2 OCR completed in 8.44s | fname=37654394 Invalid PO Number (PO).pdf
[2026-02-10 11:58:33] [INFO    ] [Worker-2] Worker-2 extracted 15 lines from 1 page(s) | fname=37654394 Invalid PO Number (PO).pdf
[2026-02-10 11:58:33] [INFO    ] [Worker-2] Worker-2 output written to ./ocr_output/37654394 Invalid PO Number (PO).pdf.txt (0.0002s) | fname=37654394 Invalid PO Number (PO).pdf
[2026-02-10 11:58:33] [INFO    ] [Worker-2] Worker-2 completed (OCR=8.44s, total=8.44s) | fname=37654394 Invalid PO Number (PO).pdf
[2026-02-10 11:58:33] [DEBUG   ] [Worker-2] Worker-2 waiting for next task from queue | fname=QUEUE_WAIT
[2026-02-10 11:58:33] [INFO    ] [Worker-2] Worker-2 picked up task | fname=37692967 Invalid UOM (PO).pdf
[2026-02-10 11:58:33] [INFO    ] [Worker-2] Worker-2 starting OCR (0.10 MB) | fname=37692967 Invalid UOM (PO).pdf
[2026-02-10 11:58:34] [INFO    ] [Worker-8] Worker-8 OCR completed in 15.51s | fname=37290355 Process PO Credit Memo (PO).pdf
[2026-02-10 11:58:34] [INFO    ] [Worker-8] Worker-8 extracted 30 lines from 2 page(s) | fname=37290355 Process PO Credit Memo (PO).pdf
[2026-02-10 11:58:34] [INFO    ] [Worker-8] Worker-8 output written to ./ocr_output/37290355 Process PO Credit Memo (PO).pdf.txt (0.0002s) | fname=37290355 Process PO Credit Memo (PO).pdf
[2026-02-10 11:58:34] [INFO    ] [Worker-8] Worker-8 completed (OCR=15.51s, total=15.51s) | fname=37290355 Process PO Credit Memo (PO).pdf
[2026-02-10 11:58:34] [DEBUG   ] [Worker-8] Worker-8 waiting for next task from queue | fname=QUEUE_WAIT
[2026-02-10 11:58:34] [INFO    ] [Worker-8] Worker-8 picked up task | fname=37768719 Approval Required (NPO).pdf
[2026-02-10 11:58:34] [INFO    ] [Worker-8] Worker-8 starting OCR (0.02 MB) | fname=37768719 Approval Required (NPO).pdf
[2026-02-10 11:58:36] [INFO    ] [Worker-0] Worker-0 OCR completed in 15.20s | fname=37371307 Invalid Currency (PO).pdf
[2026-02-10 11:58:36] [INFO    ] [Worker-0] Worker-0 extracted 30 lines from 2 page(s) | fname=37371307 Invalid Currency (PO).pdf
[2026-02-10 11:58:36] [INFO    ] [Worker-0] Worker-0 output written to ./ocr_output/37371307 Invalid Currency (PO).pdf.txt (0.0002s) | fname=37371307 Invalid Currency (PO).pdf
[2026-02-10 11:58:36] [INFO    ] [Worker-0] Worker-0 completed (OCR=15.20s, total=15.20s) | fname=37371307 Invalid Currency (PO).pdf
[2026-02-10 11:58:36] [DEBUG   ] [Worker-0] Worker-0 waiting for next task from queue | fname=QUEUE_WAIT
[2026-02-10 11:58:36] [INFO    ] [Worker-0] Worker-0 picked up task | fname=37794522 Invalid Vendor (PO).pdf
[2026-02-10 11:58:36] [INFO    ] [Worker-0] Worker-0 starting OCR (0.09 MB) | fname=37794522 Invalid Vendor (PO).pdf
[2026-02-10 11:58:36] [INFO    ] [Worker-6] Worker-6 OCR completed in 55.02s | fname=33815264 Invalid Currency (NPO).pdf
[2026-02-10 11:58:36] [INFO    ] [Worker-6] Worker-6 extracted 105 lines from 7 page(s) | fname=33815264 Invalid Currency (NPO).pdf
[2026-02-10 11:58:36] [INFO    ] [Worker-6] Worker-6 output written to ./ocr_output/33815264 Invalid Currency (NPO).pdf.txt (0.0002s) | fname=33815264 Invalid Currency (NPO).pdf
[2026-02-10 11:58:36] [INFO    ] [Worker-6] Worker-6 completed (OCR=55.02s, total=55.03s) | fname=33815264 Invalid Currency (NPO).pdf
[2026-02-10 11:58:36] [DEBUG   ] [Worker-6] Worker-6 waiting for next task from queue | fname=QUEUE_WAIT
[2026-02-10 11:58:36] [INFO    ] [Worker-6] Worker-6 received sentinel. Shutting down. | fname=SENTINEL
[2026-02-10 11:58:36] [INFO    ] [Worker-6] Worker-6 summary — processed=1, failed=0, total_ocr_time=55.02s, avg_ocr_per_file=55.02s, model_init_time=23.42s | fname=SUMMARY
[2026-02-10 11:58:36] [INFO    ] [Worker-6] Worker-6 exiting | fname=SHUTDOWN
[2026-02-10 11:58:39] [INFO    ] [Worker-9] Worker-9 OCR completed in 21.09s | fname=37151454 Process Non-PO Credit Memo (NPO).pdf
[2026-02-10 11:58:39] [INFO    ] [Worker-9] Worker-9 extracted 45 lines from 3 page(s) | fname=37151454 Process Non-PO Credit Memo (NPO).pdf
[2026-02-10 11:58:39] [INFO    ] [Worker-9] Worker-9 output written to ./ocr_output/37151454 Process Non-PO Credit Memo (NPO).pdf.txt (0.0002s) | fname=37151454 Process Non-PO Credit Memo (NPO).pdf
[2026-02-10 11:58:39] [INFO    ] [Worker-9] Worker-9 completed (OCR=21.09s, total=21.09s) | fname=37151454 Process Non-PO Credit Memo (NPO).pdf
[2026-02-10 11:58:39] [DEBUG   ] [Worker-9] Worker-9 waiting for next task from queue | fname=QUEUE_WAIT
[2026-02-10 11:58:39] [INFO    ] [Worker-9] Worker-9 received sentinel. Shutting down. | fname=SENTINEL
[2026-02-10 11:58:39] [INFO    ] [Worker-9] Worker-9 summary — processed=3, failed=0, total_ocr_time=63.35s, avg_ocr_per_file=21.12s, model_init_time=18.42s | fname=SUMMARY
[2026-02-10 11:58:39] [INFO    ] [Worker-9] Worker-9 exiting | fname=SHUTDOWN
[2026-02-10 11:58:42] [INFO    ] [Worker-7] Worker-7 OCR completed in 16.61s | fname=37689388 Process Non-PO Invoice (NPO).pdf
[2026-02-10 11:58:42] [INFO    ] [Worker-7] Worker-7 extracted 30 lines from 2 page(s) | fname=37689388 Process Non-PO Invoice (NPO).pdf
[2026-02-10 11:58:42] [INFO    ] [Worker-7] Worker-7 output written to ./ocr_output/37689388 Process Non-PO Invoice (NPO).pdf.txt (0.0001s) | fname=37689388 Process Non-PO Invoice (NPO).pdf
[2026-02-10 11:58:42] [INFO    ] [Worker-7] Worker-7 completed (OCR=16.61s, total=16.61s) | fname=37689388 Process Non-PO Invoice (NPO).pdf
[2026-02-10 11:58:42] [DEBUG   ] [Worker-7] Worker-7 waiting for next task from queue | fname=QUEUE_WAIT
[2026-02-10 11:58:42] [INFO    ] [Worker-7] Worker-7 received sentinel. Shutting down. | fname=SENTINEL
[2026-02-10 11:58:42] [INFO    ] [Worker-7] Worker-7 summary — processed=4, failed=0, total_ocr_time=69.67s, avg_ocr_per_file=17.42s, model_init_time=14.88s | fname=SUMMARY
[2026-02-10 11:58:42] [INFO    ] [Worker-7] Worker-7 exiting | fname=SHUTDOWN
[2026-02-10 11:58:44] [INFO    ] [Worker-5] Worker-5 OCR completed in 15.89s | fname=37691076 Please Index (PO).pdf
[2026-02-10 11:58:44] [INFO    ] [Worker-5] Worker-5 extracted 30 lines from 2 page(s) | fname=37691076 Please Index (PO).pdf
[2026-02-10 11:58:44] [INFO    ] [Worker-5] Worker-5 output written to ./ocr_output/37691076 Please Index (PO).pdf.txt (0.0002s) | fname=37691076 Please Index (PO).pdf
[2026-02-10 11:58:44] [INFO    ] [Worker-5] Worker-5 completed (OCR=15.89s, total=15.89s) | fname=37691076 Please Index (PO).pdf
[2026-02-10 11:58:44] [DEBUG   ] [Worker-5] Worker-5 waiting for next task from queue | fname=QUEUE_WAIT
[2026-02-10 11:58:44] [INFO    ] [Worker-5] Worker-5 received sentinel. Shutting down. | fname=SENTINEL
[2026-02-10 11:58:44] [INFO    ] [Worker-5] Worker-5 summary — processed=3, failed=0, total_ocr_time=67.36s, avg_ocr_per_file=22.45s, model_init_time=18.87s | fname=SUMMARY
[2026-02-10 11:58:44] [INFO    ] [Worker-5] Worker-5 exiting | fname=SHUTDOWN
[2026-02-10 11:58:48] [INFO    ] [Worker-8] Worker-8 OCR completed in 13.14s | fname=37768719 Approval Required (NPO).pdf
[2026-02-10 11:58:48] [INFO    ] [Worker-8] Worker-8 extracted 30 lines from 2 page(s) | fname=37768719 Approval Required (NPO).pdf
[2026-02-10 11:58:48] [INFO    ] [Worker-8] Worker-8 output written to ./ocr_output/37768719 Approval Required (NPO).pdf.txt (0.0001s) | fname=37768719 Approval Required (NPO).pdf
[2026-02-10 11:58:48] [INFO    ] [Worker-8] Worker-8 completed (OCR=13.14s, total=13.14s) | fname=37768719 Approval Required (NPO).pdf
[2026-02-10 11:58:48] [DEBUG   ] [Worker-8] Worker-8 waiting for next task from queue | fname=QUEUE_WAIT
[2026-02-10 11:58:48] [INFO    ] [Worker-8] Worker-8 received sentinel. Shutting down. | fname=SENTINEL
[2026-02-10 11:58:48] [INFO    ] [Worker-8] Worker-8 summary — processed=4, failed=0, total_ocr_time=79.32s, avg_ocr_per_file=19.83s, model_init_time=10.86s | fname=SUMMARY
[2026-02-10 11:58:48] [INFO    ] [Worker-8] Worker-8 exiting | fname=SHUTDOWN
[2026-02-10 11:58:48] [DEBUG   ] [MainProcess] All sentinels sent | fname=SHUTDOWN
[2026-02-10 11:58:48] [INFO    ] [MainProcess] Waiting for workers to finish... | fname=SHUTDOWN
[2026-02-10 11:58:49] [INFO    ] [Worker-3] Worker-3 OCR completed in 26.58s | fname=37451662 Missing Vendor Invoice Reference Number (NPO).pdf
[2026-02-10 11:58:49] [INFO    ] [Worker-3] Worker-3 extracted 60 lines from 4 page(s) | fname=37451662 Missing Vendor Invoice Reference Number (NPO).pdf
[2026-02-10 11:58:49] [INFO    ] [Worker-3] Worker-3 output written to ./ocr_output/37451662 Missing Vendor Invoice Reference Number (NPO).pdf.txt (0.0008s) | fname=37451662 Missing Vendor Invoice Reference Number (NPO).pdf
[2026-02-10 11:58:49] [INFO    ] [Worker-3] Worker-3 completed (OCR=26.58s, total=26.59s) | fname=37451662 Missing Vendor Invoice Reference Number (NPO).pdf
[2026-02-10 11:58:49] [DEBUG   ] [Worker-3] Worker-3 waiting for next task from queue | fname=QUEUE_WAIT
[2026-02-10 11:58:49] [INFO    ] [Worker-3] Worker-3 received sentinel. Shutting down. | fname=SENTINEL
[2026-02-10 11:58:49] [INFO    ] [Worker-3] Worker-3 summary — processed=4, failed=0, total_ocr_time=80.84s, avg_ocr_per_file=20.21s, model_init_time=10.65s | fname=SUMMARY
[2026-02-10 11:58:49] [INFO    ] [Worker-3] Worker-3 exiting | fname=SHUTDOWN
[2026-02-10 11:58:53] [INFO    ] [Worker-4] Worker-4 OCR completed in 25.59s | fname=37689884 Invalid Vendor (NPO).pdf
[2026-02-10 11:58:53] [INFO    ] [Worker-4] Worker-4 extracted 60 lines from 4 page(s) | fname=37689884 Invalid Vendor (NPO).pdf
[2026-02-10 11:58:53] [INFO    ] [Worker-4] Worker-4 output written to ./ocr_output/37689884 Invalid Vendor (NPO).pdf.txt (0.0003s) | fname=37689884 Invalid Vendor (NPO).pdf
[2026-02-10 11:58:53] [INFO    ] [Worker-4] Worker-4 completed (OCR=25.59s, total=25.59s) | fname=37689884 Invalid Vendor (NPO).pdf
[2026-02-10 11:58:53] [DEBUG   ] [Worker-4] Worker-4 waiting for next task from queue | fname=QUEUE_WAIT
[2026-02-10 11:58:53] [INFO    ] [Worker-4] Worker-4 received sentinel. Shutting down. | fname=SENTINEL
[2026-02-10 11:58:53] [INFO    ] [Worker-4] Worker-4 summary — processed=4, failed=0, total_ocr_time=77.14s, avg_ocr_per_file=19.29s, model_init_time=18.00s | fname=SUMMARY
[2026-02-10 11:58:53] [INFO    ] [Worker-4] Worker-4 exiting | fname=SHUTDOWN
[2026-02-10 11:59:02] [INFO    ] [Worker-2] Worker-2 OCR completed in 28.63s | fname=37692967 Invalid UOM (PO).pdf
[2026-02-10 11:59:02] [INFO    ] [Worker-2] Worker-2 extracted 90 lines from 6 page(s) | fname=37692967 Invalid UOM (PO).pdf
[2026-02-10 11:59:02] [INFO    ] [Worker-2] Worker-2 output written to ./ocr_output/37692967 Invalid UOM (PO).pdf.txt (0.0002s) | fname=37692967 Invalid UOM (PO).pdf
[2026-02-10 11:59:02] [INFO    ] [Worker-2] Worker-2 completed (OCR=28.63s, total=28.63s) | fname=37692967 Invalid UOM (PO).pdf
[2026-02-10 11:59:02] [DEBUG   ] [Worker-2] Worker-2 waiting for next task from queue | fname=QUEUE_WAIT
[2026-02-10 11:59:02] [INFO    ] [Worker-2] Worker-2 received sentinel. Shutting down. | fname=SENTINEL
[2026-02-10 11:59:02] [INFO    ] [Worker-2] Worker-2 summary — processed=3, failed=0, total_ocr_time=62.52s, avg_ocr_per_file=20.84s, model_init_time=41.66s | fname=SUMMARY
[2026-02-10 11:59:02] [INFO    ] [Worker-2] Worker-2 exiting | fname=SHUTDOWN
[2026-02-10 11:59:03] [INFO    ] [Worker-0] Worker-0 OCR completed in 27.18s | fname=37794522 Invalid Vendor (PO).pdf
[2026-02-10 11:59:03] [INFO    ] [Worker-0] Worker-0 extracted 75 lines from 5 page(s) | fname=37794522 Invalid Vendor (PO).pdf
[2026-02-10 11:59:03] [INFO    ] [Worker-0] Worker-0 output written to ./ocr_output/37794522 Invalid Vendor (PO).pdf.txt (0.0002s) | fname=37794522 Invalid Vendor (PO).pdf
[2026-02-10 11:59:03] [INFO    ] [Worker-0] Worker-0 completed (OCR=27.18s, total=27.18s) | fname=37794522 Invalid Vendor (PO).pdf
[2026-02-10 11:59:03] [DEBUG   ] [Worker-0] Worker-0 waiting for next task from queue | fname=QUEUE_WAIT
[2026-02-10 11:59:03] [INFO    ] [Worker-0] Worker-0 received sentinel. Shutting down. | fname=SENTINEL
[2026-02-10 11:59:03] [INFO    ] [Worker-0] Worker-0 summary — processed=6, failed=0, total_ocr_time=90.74s, avg_ocr_per_file=15.12s, model_init_time=14.59s | fname=SUMMARY
[2026-02-10 11:59:03] [INFO    ] [Worker-0] Worker-0 exiting | fname=SHUTDOWN
[2026-02-10 11:59:03] [INFO    ] [MainProcess] Worker Worker-0 (PID=5682) joined — OK | fname=SHUTDOWN
[2026-02-10 11:59:04] [INFO    ] [Worker-1] Worker-1 OCR completed in 32.42s | fname=37691214 Missing Vendor Invoice Reference (PO).pdf
[2026-02-10 11:59:04] [INFO    ] [Worker-1] Worker-1 extracted 60 lines from 4 page(s) | fname=37691214 Missing Vendor Invoice Reference (PO).pdf
[2026-02-10 11:59:04] [INFO    ] [Worker-1] Worker-1 output written to ./ocr_output/37691214 Missing Vendor Invoice Reference (PO).pdf.txt (0.0003s) | fname=37691214 Missing Vendor Invoice Reference (PO).pdf
[2026-02-10 11:59:04] [INFO    ] [Worker-1] Worker-1 completed (OCR=32.42s, total=32.42s) | fname=37691214 Missing Vendor Invoice Reference (PO).pdf
[2026-02-10 11:59:04] [DEBUG   ] [Worker-1] Worker-1 waiting for next task from queue | fname=QUEUE_WAIT
[2026-02-10 11:59:04] [INFO    ] [Worker-1] Worker-1 received sentinel. Shutting down. | fname=SENTINEL
[2026-02-10 11:59:04] [INFO    ] [Worker-1] Worker-1 summary — processed=4, failed=0, total_ocr_time=92.17s, avg_ocr_per_file=23.04s, model_init_time=14.53s | fname=SUMMARY
[2026-02-10 11:59:04] [INFO    ] [Worker-1] Worker-1 exiting | fname=SHUTDOWN
[2026-02-10 11:59:05] [INFO    ] [MainProcess] Worker Worker-1 (PID=5683) joined — OK | fname=SHUTDOWN
[2026-02-10 11:59:05] [INFO    ] [MainProcess] Worker Worker-2 (PID=5684) joined — OK | fname=SHUTDOWN
[2026-02-10 11:59:05] [INFO    ] [MainProcess] Worker Worker-3 (PID=5685) joined — OK | fname=SHUTDOWN
[2026-02-10 11:59:05] [INFO    ] [MainProcess] Worker Worker-4 (PID=5686) joined — OK | fname=SHUTDOWN
[2026-02-10 11:59:05] [INFO    ] [MainProcess] Worker Worker-5 (PID=5687) joined — OK | fname=SHUTDOWN
[2026-02-10 11:59:05] [INFO    ] [MainProcess] Worker Worker-6 (PID=5688) joined — OK | fname=SHUTDOWN
[2026-02-10 11:59:05] [INFO    ] [MainProcess] Worker Worker-7 (PID=5689) joined — OK | fname=SHUTDOWN
[2026-02-10 11:59:05] [INFO    ] [MainProcess] Worker Worker-8 (PID=5690) joined — OK | fname=SHUTDOWN
[2026-02-10 11:59:05] [INFO    ] [MainProcess] Worker Worker-9 (PID=5691) joined — OK | fname=SHUTDOWN
[2026-02-10 11:59:05] [INFO    ] [MainProcess] ========== OCR Pipeline Complete ========== | fname=DONE
[2026-02-10 11:59:05] [INFO    ] [MainProcess] Total files processed : 36 | fname=DONE
[2026-02-10 11:59:05] [INFO    ] [MainProcess] Total wall-clock time : 107.23s | fname=DONE
[2026-02-10 11:59:05] [INFO    ] [MainProcess] Average time per file : 2.98s | fname=DONE
[2026-02-10 11:59:05] [INFO    ] [MainProcess] Log saved to          : ./logs/ocr_run_20260210_115717.log | fname=DONE
