[2026-02-09 14:34:32] [INFO    ] [MainProcess] Log file created: ./logs/ocr_run_20260209_143432.log | fname=INIT
[2026-02-09 14:34:32] [INFO    ] [MainProcess] ========== OCR Pipeline Starting ========== | fname=INIT
[2026-02-09 14:34:32] [INFO    ] [MainProcess] Input directory : /home/whirldata/cpu_multi_paddle_try/attachments | fname=INIT
[2026-02-09 14:34:32] [INFO    ] [MainProcess] Output directory: /home/whirldata/cpu_multi_paddle_try/ocr_output | fname=INIT
[2026-02-09 14:34:32] [INFO    ] [MainProcess] Num workers     : 4 | fname=INIT
[2026-02-09 14:34:32] [INFO    ] [MainProcess] Queue size      : 8 | fname=INIT
[2026-02-09 14:34:32] [INFO    ] [MainProcess] Supported exts  : {'.jpg', '.png', '.tif', '.bmp', '.pdf', '.tiff', '.jpeg', '.webp'} | fname=INIT
[2026-02-09 14:34:32] [INFO    ] [MainProcess] Total entries found in input directory: 20 | fname=SCAN
[2026-02-09 14:34:32] [DEBUG   ] [MainProcess] All entries: ['0001_1700000449_2025_01.PDF', '0001_1700000356_2025_01.PDF', '0001_1700000446_2025_01.PDF', '0001_1700000354_2025_02.PDF', '0001_1700000451_2025_01.PDF', '0001_1700000448_2025_01.PDF', '0002_1700000096_2025_01.PDF', '0001_1700000455_2025_01.PDF', '0001_1700000452_2025_01.PDF', '0001_1700000356_2025_02.PDF', '0001_1700000447_2025_01.PDF', '0001_1700000454_2025_01.PDF', '0001_1700000163_2025_01.PDF', '0002_1700000000_2025_01.PDF', '0001_1700000450_2025_01.PDF', '0038_1700000012_2025_01.PDF', '0001_1700000354_2025_03.PDF', '0002_1700000095_2025_01.PDF', '0002_1700000097_2025_01.PDF', '0001_1700000445_2025_01.PDF'] | fname=SCAN
[2026-02-09 14:34:32] [DEBUG   ] [MainProcess] Queuing file: 0001_1700000163_2025_01.PDF (0.02 MB) | fname=0001_1700000163_2025_01.PDF
[2026-02-09 14:34:32] [DEBUG   ] [MainProcess] Queuing file: 0001_1700000354_2025_02.PDF (0.02 MB) | fname=0001_1700000354_2025_02.PDF
[2026-02-09 14:34:32] [DEBUG   ] [MainProcess] Queuing file: 0001_1700000354_2025_03.PDF (0.30 MB) | fname=0001_1700000354_2025_03.PDF
[2026-02-09 14:34:32] [DEBUG   ] [MainProcess] Queuing file: 0001_1700000356_2025_01.PDF (0.30 MB) | fname=0001_1700000356_2025_01.PDF
[2026-02-09 14:34:32] [DEBUG   ] [MainProcess] Queuing file: 0001_1700000356_2025_02.PDF (0.02 MB) | fname=0001_1700000356_2025_02.PDF
[2026-02-09 14:34:32] [DEBUG   ] [MainProcess] Queuing file: 0001_1700000445_2025_01.PDF (0.02 MB) | fname=0001_1700000445_2025_01.PDF
[2026-02-09 14:34:32] [DEBUG   ] [MainProcess] Queuing file: 0001_1700000446_2025_01.PDF (0.25 MB) | fname=0001_1700000446_2025_01.PDF
[2026-02-09 14:34:32] [DEBUG   ] [MainProcess] Queuing file: 0001_1700000447_2025_01.PDF (0.08 MB) | fname=0001_1700000447_2025_01.PDF
[2026-02-09 14:34:32] [DEBUG   ] [MainProcess] Queuing file: 0001_1700000448_2025_01.PDF (0.76 MB) | fname=0001_1700000448_2025_01.PDF
[2026-02-09 14:34:32] [DEBUG   ] [MainProcess] Queuing file: 0001_1700000449_2025_01.PDF (0.28 MB) | fname=0001_1700000449_2025_01.PDF
[2026-02-09 14:34:32] [DEBUG   ] [MainProcess] Queuing file: 0001_1700000450_2025_01.PDF (0.28 MB) | fname=0001_1700000450_2025_01.PDF
[2026-02-09 14:34:32] [DEBUG   ] [MainProcess] Queuing file: 0001_1700000451_2025_01.PDF (0.01 MB) | fname=0001_1700000451_2025_01.PDF
[2026-02-09 14:34:32] [DEBUG   ] [MainProcess] Queuing file: 0001_1700000452_2025_01.PDF (0.01 MB) | fname=0001_1700000452_2025_01.PDF
[2026-02-09 14:34:32] [DEBUG   ] [MainProcess] Queuing file: 0001_1700000454_2025_01.PDF (0.01 MB) | fname=0001_1700000454_2025_01.PDF
[2026-02-09 14:34:32] [DEBUG   ] [MainProcess] Queuing file: 0001_1700000455_2025_01.PDF (0.25 MB) | fname=0001_1700000455_2025_01.PDF
[2026-02-09 14:34:32] [DEBUG   ] [MainProcess] Queuing file: 0002_1700000000_2025_01.PDF (0.04 MB) | fname=0002_1700000000_2025_01.PDF
[2026-02-09 14:34:32] [DEBUG   ] [MainProcess] Queuing file: 0002_1700000095_2025_01.PDF (0.22 MB) | fname=0002_1700000095_2025_01.PDF
[2026-02-09 14:34:32] [DEBUG   ] [MainProcess] Queuing file: 0002_1700000096_2025_01.PDF (0.24 MB) | fname=0002_1700000096_2025_01.PDF
[2026-02-09 14:34:32] [DEBUG   ] [MainProcess] Queuing file: 0002_1700000097_2025_01.PDF (7.38 MB) | fname=0002_1700000097_2025_01.PDF
[2026-02-09 14:34:32] [DEBUG   ] [MainProcess] Queuing file: 0038_1700000012_2025_01.PDF (0.17 MB) | fname=0038_1700000012_2025_01.PDF
[2026-02-09 14:34:32] [INFO    ] [MainProcess] Files to process: 20, Skipped: 0 | fname=SCAN
[2026-02-09 14:34:32] [INFO    ] [MainProcess] Multiprocessing start method set to 'spawn' | fname=INIT
[2026-02-09 14:34:32] [DEBUG   ] [MainProcess] Task queue created with maxsize=8 | fname=INIT
[2026-02-09 14:34:32] [INFO    ] [MainProcess] Spawning 4 worker processes... | fname=INIT
[2026-02-09 14:34:32] [INFO    ] [MainProcess] Worker-0 started (PID=7773) | fname=INIT
[2026-02-09 14:34:32] [INFO    ] [MainProcess] Worker-1 started (PID=7774) | fname=INIT
[2026-02-09 14:34:32] [INFO    ] [MainProcess] Worker-2 started (PID=7775) | fname=INIT
[2026-02-09 14:34:32] [INFO    ] [MainProcess] Worker-3 started (PID=7776) | fname=INIT
[2026-02-09 14:34:32] [INFO    ] [MainProcess] Enqueuing 20 file(s)... | fname=ENQUEUE
[2026-02-09 14:34:32] [DEBUG   ] [MainProcess] Putting file 1/20 into queue | fname=0001_1700000163_2025_01.PDF
[2026-02-09 14:34:32] [DEBUG   ] [MainProcess] File enqueued successfully (1/20) | fname=0001_1700000163_2025_01.PDF
[2026-02-09 14:34:32] [DEBUG   ] [MainProcess] Putting file 2/20 into queue | fname=0001_1700000354_2025_02.PDF
[2026-02-09 14:34:32] [DEBUG   ] [MainProcess] File enqueued successfully (2/20) | fname=0001_1700000354_2025_02.PDF
[2026-02-09 14:34:32] [DEBUG   ] [MainProcess] Putting file 3/20 into queue | fname=0001_1700000354_2025_03.PDF
[2026-02-09 14:34:32] [DEBUG   ] [MainProcess] File enqueued successfully (3/20) | fname=0001_1700000354_2025_03.PDF
[2026-02-09 14:34:32] [DEBUG   ] [MainProcess] Putting file 4/20 into queue | fname=0001_1700000356_2025_01.PDF
[2026-02-09 14:34:32] [DEBUG   ] [MainProcess] File enqueued successfully (4/20) | fname=0001_1700000356_2025_01.PDF
[2026-02-09 14:34:32] [DEBUG   ] [MainProcess] Putting file 5/20 into queue | fname=0001_1700000356_2025_02.PDF
[2026-02-09 14:34:32] [DEBUG   ] [MainProcess] File enqueued successfully (5/20) | fname=0001_1700000356_2025_02.PDF
[2026-02-09 14:34:32] [DEBUG   ] [MainProcess] Putting file 6/20 into queue | fname=0001_1700000445_2025_01.PDF
[2026-02-09 14:34:32] [DEBUG   ] [MainProcess] File enqueued successfully (6/20) | fname=0001_1700000445_2025_01.PDF
[2026-02-09 14:34:32] [DEBUG   ] [MainProcess] Putting file 7/20 into queue | fname=0001_1700000446_2025_01.PDF
[2026-02-09 14:34:32] [DEBUG   ] [MainProcess] File enqueued successfully (7/20) | fname=0001_1700000446_2025_01.PDF
[2026-02-09 14:34:32] [DEBUG   ] [MainProcess] Putting file 8/20 into queue | fname=0001_1700000447_2025_01.PDF
[2026-02-09 14:34:32] [DEBUG   ] [MainProcess] File enqueued successfully (8/20) | fname=0001_1700000447_2025_01.PDF
[2026-02-09 14:34:32] [DEBUG   ] [MainProcess] Putting file 9/20 into queue | fname=0001_1700000448_2025_01.PDF
[2026-02-09 14:34:32] [INFO    ] [Worker-1] Worker-1 process started (PID=7774) | fname=INIT
[2026-02-09 14:34:32] [INFO    ] [Worker-1] Thread env — OMP=10, MKL=10, NUMEXPR=10 | fname=INIT
[2026-02-09 14:34:32] [INFO    ] [Worker-0] Worker-0 process started (PID=7773) | fname=INIT
[2026-02-09 14:34:32] [INFO    ] [Worker-3] Worker-3 process started (PID=7776) | fname=INIT
[2026-02-09 14:34:32] [INFO    ] [Worker-1] Worker-1 initializing PaddleOCR model... | fname=INIT
[2026-02-09 14:34:32] [INFO    ] [Worker-3] Thread env — OMP=10, MKL=10, NUMEXPR=10 | fname=INIT
[2026-02-09 14:34:32] [INFO    ] [Worker-0] Thread env — OMP=10, MKL=10, NUMEXPR=10 | fname=INIT
[2026-02-09 14:34:32] [INFO    ] [Worker-3] Worker-3 initializing PaddleOCR model... | fname=INIT
[2026-02-09 14:34:32] [INFO    ] [Worker-0] Worker-0 initializing PaddleOCR model... | fname=INIT
[2026-02-09 14:34:32] [INFO    ] [Worker-2] Worker-2 process started (PID=7775) | fname=INIT
[2026-02-09 14:34:32] [INFO    ] [Worker-2] Thread env — OMP=10, MKL=10, NUMEXPR=10 | fname=INIT
[2026-02-09 14:34:32] [INFO    ] [Worker-2] Worker-2 initializing PaddleOCR model... | fname=INIT
[2026-02-09 14:34:36] [CRITICAL] [Worker-0] Worker-0 FAILED to initialize PaddleOCR after 4.36s: libGL.so.1: cannot open shared object file: No such file or directory | fname=INIT
[2026-02-09 14:34:36] [DEBUG   ] [Worker-0] Traceback:
Traceback (most recent call last):
  File "/home/whirldata/cpu_multi_paddle_try/ocr_worker.py", line 52, in ocr_worker
    from paddleocr import PaddleOCR
  File "/home/whirldata/cpu_multi_paddle_try/venv/lib/python3.11/site-packages/paddleocr/__init__.py", line 15, in <module>
    from paddlex.inference.utils.benchmark import benchmark
  File "/home/whirldata/cpu_multi_paddle_try/venv/lib/python3.11/site-packages/paddlex/__init__.py", line 49, in <module>
    from .inference import create_pipeline, create_predictor
  File "/home/whirldata/cpu_multi_paddle_try/venv/lib/python3.11/site-packages/paddlex/inference/__init__.py", line 16, in <module>
    from .models import create_predictor
  File "/home/whirldata/cpu_multi_paddle_try/venv/lib/python3.11/site-packages/paddlex/inference/models/__init__.py", line 26, in <module>
    from .anomaly_detection import UadPredictor
  File "/home/whirldata/cpu_multi_paddle_try/venv/lib/python3.11/site-packages/paddlex/inference/models/anomaly_detection/__init__.py", line 15, in <module>
    from .predictor import UadPredictor
  File "/home/whirldata/cpu_multi_paddle_try/venv/lib/python3.11/site-packages/paddlex/inference/models/anomaly_detection/predictor.py", line 19, in <module>
    from ....modules.anomaly_detection.model_list import MODELS
  File "/home/whirldata/cpu_multi_paddle_try/venv/lib/python3.11/site-packages/paddlex/modules/__init__.py", line 16, in <module>
    from .anomaly_detection import UadDatasetChecker, UadEvaluator, UadExportor, UadTrainer
  File "/home/whirldata/cpu_multi_paddle_try/venv/lib/python3.11/site-packages/paddlex/modules/anomaly_detection/__init__.py", line 15, in <module>
    from .dataset_checker import UadDatasetChecker
  File "/home/whirldata/cpu_multi_paddle_try/venv/lib/python3.11/site-packages/paddlex/modules/anomaly_detection/dataset_checker/__init__.py", line 21, in <module>
    from .dataset_src import anaylse_dataset, check_dataset, convert_dataset, split_dataset
  File "/home/whirldata/cpu_multi_paddle_try/venv/lib/python3.11/site-packages/paddlex/modules/anomaly_detection/dataset_checker/dataset_src/__init__.py", line 17, in <module>
    from .check_dataset import check_dataset
  File "/home/whirldata/cpu_multi_paddle_try/venv/lib/python3.11/site-packages/paddlex/modules/anomaly_detection/dataset_checker/dataset_src/check_dataset.py", line 26, in <module>
    from .utils.visualizer import visualize
  File "/home/whirldata/cpu_multi_paddle_try/venv/lib/python3.11/site-packages/paddlex/modules/anomaly_detection/dataset_checker/dataset_src/utils/visualizer.py", line 21, in <module>
    import cv2
  File "/home/whirldata/cpu_multi_paddle_try/venv/lib/python3.11/site-packages/cv2/__init__.py", line 181, in <module>
    bootstrap()
  File "/home/whirldata/cpu_multi_paddle_try/venv/lib/python3.11/site-packages/cv2/__init__.py", line 153, in bootstrap
    native_module = importlib.import_module("cv2")
                    ^^^^^^^^^^^^^^^^^^^^^^^^^^^^^^
  File "/usr/lib/python3.11/importlib/__init__.py", line 126, in import_module
    return _bootstrap._gcd_import(name[level:], package, level)
           ^^^^^^^^^^^^^^^^^^^^^^^^^^^^^^^^^^^^^^^^^^^^^^^^^^^^
ImportError: libGL.so.1: cannot open shared object file: No such file or directory
 | fname=INIT
[2026-02-09 14:34:36] [CRITICAL] [Worker-2] Worker-2 FAILED to initialize PaddleOCR after 4.43s: libGL.so.1: cannot open shared object file: No such file or directory | fname=INIT
[2026-02-09 14:34:36] [DEBUG   ] [Worker-2] Traceback:
Traceback (most recent call last):
  File "/home/whirldata/cpu_multi_paddle_try/ocr_worker.py", line 52, in ocr_worker
    from paddleocr import PaddleOCR
  File "/home/whirldata/cpu_multi_paddle_try/venv/lib/python3.11/site-packages/paddleocr/__init__.py", line 15, in <module>
    from paddlex.inference.utils.benchmark import benchmark
  File "/home/whirldata/cpu_multi_paddle_try/venv/lib/python3.11/site-packages/paddlex/__init__.py", line 49, in <module>
    from .inference import create_pipeline, create_predictor
  File "/home/whirldata/cpu_multi_paddle_try/venv/lib/python3.11/site-packages/paddlex/inference/__init__.py", line 16, in <module>
    from .models import create_predictor
  File "/home/whirldata/cpu_multi_paddle_try/venv/lib/python3.11/site-packages/paddlex/inference/models/__init__.py", line 26, in <module>
    from .anomaly_detection import UadPredictor
  File "/home/whirldata/cpu_multi_paddle_try/venv/lib/python3.11/site-packages/paddlex/inference/models/anomaly_detection/__init__.py", line 15, in <module>
    from .predictor import UadPredictor
  File "/home/whirldata/cpu_multi_paddle_try/venv/lib/python3.11/site-packages/paddlex/inference/models/anomaly_detection/predictor.py", line 19, in <module>
    from ....modules.anomaly_detection.model_list import MODELS
  File "/home/whirldata/cpu_multi_paddle_try/venv/lib/python3.11/site-packages/paddlex/modules/__init__.py", line 16, in <module>
    from .anomaly_detection import UadDatasetChecker, UadEvaluator, UadExportor, UadTrainer
  File "/home/whirldata/cpu_multi_paddle_try/venv/lib/python3.11/site-packages/paddlex/modules/anomaly_detection/__init__.py", line 15, in <module>
    from .dataset_checker import UadDatasetChecker
  File "/home/whirldata/cpu_multi_paddle_try/venv/lib/python3.11/site-packages/paddlex/modules/anomaly_detection/dataset_checker/__init__.py", line 21, in <module>
    from .dataset_src import anaylse_dataset, check_dataset, convert_dataset, split_dataset
  File "/home/whirldata/cpu_multi_paddle_try/venv/lib/python3.11/site-packages/paddlex/modules/anomaly_detection/dataset_checker/dataset_src/__init__.py", line 17, in <module>
    from .check_dataset import check_dataset
  File "/home/whirldata/cpu_multi_paddle_try/venv/lib/python3.11/site-packages/paddlex/modules/anomaly_detection/dataset_checker/dataset_src/check_dataset.py", line 26, in <module>
    from .utils.visualizer import visualize
  File "/home/whirldata/cpu_multi_paddle_try/venv/lib/python3.11/site-packages/paddlex/modules/anomaly_detection/dataset_checker/dataset_src/utils/visualizer.py", line 21, in <module>
    import cv2
  File "/home/whirldata/cpu_multi_paddle_try/venv/lib/python3.11/site-packages/cv2/__init__.py", line 181, in <module>
    bootstrap()
  File "/home/whirldata/cpu_multi_paddle_try/venv/lib/python3.11/site-packages/cv2/__init__.py", line 153, in bootstrap
    native_module = importlib.import_module("cv2")
                    ^^^^^^^^^^^^^^^^^^^^^^^^^^^^^^
  File "/usr/lib/python3.11/importlib/__init__.py", line 126, in import_module
    return _bootstrap._gcd_import(name[level:], package, level)
           ^^^^^^^^^^^^^^^^^^^^^^^^^^^^^^^^^^^^^^^^^^^^^^^^^^^^
ImportError: libGL.so.1: cannot open shared object file: No such file or directory
 | fname=INIT
[2026-02-09 14:34:36] [CRITICAL] [Worker-3] Worker-3 FAILED to initialize PaddleOCR after 4.50s: libGL.so.1: cannot open shared object file: No such file or directory | fname=INIT
[2026-02-09 14:34:36] [DEBUG   ] [Worker-3] Traceback:
Traceback (most recent call last):
  File "/home/whirldata/cpu_multi_paddle_try/ocr_worker.py", line 52, in ocr_worker
    from paddleocr import PaddleOCR
  File "/home/whirldata/cpu_multi_paddle_try/venv/lib/python3.11/site-packages/paddleocr/__init__.py", line 15, in <module>
    from paddlex.inference.utils.benchmark import benchmark
  File "/home/whirldata/cpu_multi_paddle_try/venv/lib/python3.11/site-packages/paddlex/__init__.py", line 49, in <module>
    from .inference import create_pipeline, create_predictor
  File "/home/whirldata/cpu_multi_paddle_try/venv/lib/python3.11/site-packages/paddlex/inference/__init__.py", line 16, in <module>
    from .models import create_predictor
  File "/home/whirldata/cpu_multi_paddle_try/venv/lib/python3.11/site-packages/paddlex/inference/models/__init__.py", line 26, in <module>
    from .anomaly_detection import UadPredictor
  File "/home/whirldata/cpu_multi_paddle_try/venv/lib/python3.11/site-packages/paddlex/inference/models/anomaly_detection/__init__.py", line 15, in <module>
    from .predictor import UadPredictor
  File "/home/whirldata/cpu_multi_paddle_try/venv/lib/python3.11/site-packages/paddlex/inference/models/anomaly_detection/predictor.py", line 19, in <module>
    from ....modules.anomaly_detection.model_list import MODELS
  File "/home/whirldata/cpu_multi_paddle_try/venv/lib/python3.11/site-packages/paddlex/modules/__init__.py", line 16, in <module>
    from .anomaly_detection import UadDatasetChecker, UadEvaluator, UadExportor, UadTrainer
  File "/home/whirldata/cpu_multi_paddle_try/venv/lib/python3.11/site-packages/paddlex/modules/anomaly_detection/__init__.py", line 15, in <module>
    from .dataset_checker import UadDatasetChecker
  File "/home/whirldata/cpu_multi_paddle_try/venv/lib/python3.11/site-packages/paddlex/modules/anomaly_detection/dataset_checker/__init__.py", line 21, in <module>
    from .dataset_src import anaylse_dataset, check_dataset, convert_dataset, split_dataset
  File "/home/whirldata/cpu_multi_paddle_try/venv/lib/python3.11/site-packages/paddlex/modules/anomaly_detection/dataset_checker/dataset_src/__init__.py", line 17, in <module>
    from .check_dataset import check_dataset
  File "/home/whirldata/cpu_multi_paddle_try/venv/lib/python3.11/site-packages/paddlex/modules/anomaly_detection/dataset_checker/dataset_src/check_dataset.py", line 26, in <module>
    from .utils.visualizer import visualize
  File "/home/whirldata/cpu_multi_paddle_try/venv/lib/python3.11/site-packages/paddlex/modules/anomaly_detection/dataset_checker/dataset_src/utils/visualizer.py", line 21, in <module>
    import cv2
  File "/home/whirldata/cpu_multi_paddle_try/venv/lib/python3.11/site-packages/cv2/__init__.py", line 181, in <module>
    bootstrap()
  File "/home/whirldata/cpu_multi_paddle_try/venv/lib/python3.11/site-packages/cv2/__init__.py", line 153, in bootstrap
    native_module = importlib.import_module("cv2")
                    ^^^^^^^^^^^^^^^^^^^^^^^^^^^^^^
  File "/usr/lib/python3.11/importlib/__init__.py", line 126, in import_module
    return _bootstrap._gcd_import(name[level:], package, level)
           ^^^^^^^^^^^^^^^^^^^^^^^^^^^^^^^^^^^^^^^^^^^^^^^^^^^^
ImportError: libGL.so.1: cannot open shared object file: No such file or directory
 | fname=INIT
[2026-02-09 14:34:36] [CRITICAL] [Worker-1] Worker-1 FAILED to initialize PaddleOCR after 4.61s: libGL.so.1: cannot open shared object file: No such file or directory | fname=INIT
[2026-02-09 14:34:36] [DEBUG   ] [Worker-1] Traceback:
Traceback (most recent call last):
  File "/home/whirldata/cpu_multi_paddle_try/ocr_worker.py", line 52, in ocr_worker
    from paddleocr import PaddleOCR
  File "/home/whirldata/cpu_multi_paddle_try/venv/lib/python3.11/site-packages/paddleocr/__init__.py", line 15, in <module>
    from paddlex.inference.utils.benchmark import benchmark
  File "/home/whirldata/cpu_multi_paddle_try/venv/lib/python3.11/site-packages/paddlex/__init__.py", line 49, in <module>
    from .inference import create_pipeline, create_predictor
  File "/home/whirldata/cpu_multi_paddle_try/venv/lib/python3.11/site-packages/paddlex/inference/__init__.py", line 16, in <module>
    from .models import create_predictor
  File "/home/whirldata/cpu_multi_paddle_try/venv/lib/python3.11/site-packages/paddlex/inference/models/__init__.py", line 26, in <module>
    from .anomaly_detection import UadPredictor
  File "/home/whirldata/cpu_multi_paddle_try/venv/lib/python3.11/site-packages/paddlex/inference/models/anomaly_detection/__init__.py", line 15, in <module>
    from .predictor import UadPredictor
  File "/home/whirldata/cpu_multi_paddle_try/venv/lib/python3.11/site-packages/paddlex/inference/models/anomaly_detection/predictor.py", line 19, in <module>
    from ....modules.anomaly_detection.model_list import MODELS
  File "/home/whirldata/cpu_multi_paddle_try/venv/lib/python3.11/site-packages/paddlex/modules/__init__.py", line 16, in <module>
    from .anomaly_detection import UadDatasetChecker, UadEvaluator, UadExportor, UadTrainer
  File "/home/whirldata/cpu_multi_paddle_try/venv/lib/python3.11/site-packages/paddlex/modules/anomaly_detection/__init__.py", line 15, in <module>
    from .dataset_checker import UadDatasetChecker
  File "/home/whirldata/cpu_multi_paddle_try/venv/lib/python3.11/site-packages/paddlex/modules/anomaly_detection/dataset_checker/__init__.py", line 21, in <module>
    from .dataset_src import anaylse_dataset, check_dataset, convert_dataset, split_dataset
  File "/home/whirldata/cpu_multi_paddle_try/venv/lib/python3.11/site-packages/paddlex/modules/anomaly_detection/dataset_checker/dataset_src/__init__.py", line 17, in <module>
    from .check_dataset import check_dataset
  File "/home/whirldata/cpu_multi_paddle_try/venv/lib/python3.11/site-packages/paddlex/modules/anomaly_detection/dataset_checker/dataset_src/check_dataset.py", line 26, in <module>
    from .utils.visualizer import visualize
  File "/home/whirldata/cpu_multi_paddle_try/venv/lib/python3.11/site-packages/paddlex/modules/anomaly_detection/dataset_checker/dataset_src/utils/visualizer.py", line 21, in <module>
    import cv2
  File "/home/whirldata/cpu_multi_paddle_try/venv/lib/python3.11/site-packages/cv2/__init__.py", line 181, in <module>
    bootstrap()
  File "/home/whirldata/cpu_multi_paddle_try/venv/lib/python3.11/site-packages/cv2/__init__.py", line 153, in bootstrap
    native_module = importlib.import_module("cv2")
                    ^^^^^^^^^^^^^^^^^^^^^^^^^^^^^^
  File "/usr/lib/python3.11/importlib/__init__.py", line 126, in import_module
    return _bootstrap._gcd_import(name[level:], package, level)
           ^^^^^^^^^^^^^^^^^^^^^^^^^^^^^^^^^^^^^^^^^^^^^^^^^^^^
ImportError: libGL.so.1: cannot open shared object file: No such file or directory
 | fname=INIT
