[2026-02-10 09:03:03] [INFO    ] [MainProcess] Log file created: ./logs/ocr_run_20260210_090303.log | fname=
[2026-02-10 09:03:03] [INFO    ] [MainProcess] ========== OCR Pipeline Starting ========== | fname=INIT
[2026-02-10 09:03:03] [INFO    ] [MainProcess] Input directory : /home/whirldata/cpu_multi_paddle_try/attachments | fname=INIT
[2026-02-10 09:03:03] [INFO    ] [MainProcess] Output directory: /home/whirldata/cpu_multi_paddle_try/ocr_output | fname=INIT
[2026-02-10 09:03:03] [INFO    ] [MainProcess] Total vCPUs     : 30 | fname=INIT
[2026-02-10 09:03:03] [INFO    ] [MainProcess] Num workers     : 4 | fname=INIT
[2026-02-10 09:03:03] [INFO    ] [MainProcess] Threads/worker  : 5 | fname=INIT
[2026-02-10 09:03:03] [INFO    ] [MainProcess] Queue size      : 8 | fname=INIT
[2026-02-10 09:03:03] [INFO    ] [MainProcess] Supported exts  : {'.jpg', '.png', '.tiff', '.webp', '.jpeg', '.tif', '.bmp', '.pdf'} | fname=INIT
[2026-02-10 09:03:03] [INFO    ] [MainProcess] Total entries found in input directory: 18 | fname=SCAN
[2026-02-10 09:03:03] [DEBUG   ] [MainProcess] All entries: ['0001_1700000449_2025_01.PDF', '0001_1700000356_2025_01.PDF', '0001_1700000446_2025_01.PDF', '0001_1700000354_2025_02.PDF', '0001_1700000451_2025_01.PDF', '0001_1700000448_2025_01.PDF', '0002_1700000096_2025_01.PDF', '0001_1700000455_2025_01.PDF', '0001_1700000452_2025_01.PDF', '0001_1700000356_2025_02.PDF', '0001_1700000447_2025_01.PDF', '0001_1700000454_2025_01.PDF', '0001_1700000163_2025_01.PDF', '0001_1700000450_2025_01.PDF', '0038_1700000012_2025_01.PDF', '0001_1700000354_2025_03.PDF', '0002_1700000095_2025_01.PDF', '0001_1700000445_2025_01.PDF'] | fname=SCAN
[2026-02-10 09:03:03] [DEBUG   ] [MainProcess] Queuing file: 0001_1700000163_2025_01.PDF (0.02 MB) | fname=0001_1700000163_2025_01.PDF
[2026-02-10 09:03:03] [DEBUG   ] [MainProcess] Queuing file: 0001_1700000354_2025_02.PDF (0.02 MB) | fname=0001_1700000354_2025_02.PDF
[2026-02-10 09:03:03] [DEBUG   ] [MainProcess] Queuing file: 0001_1700000354_2025_03.PDF (0.30 MB) | fname=0001_1700000354_2025_03.PDF
[2026-02-10 09:03:03] [DEBUG   ] [MainProcess] Queuing file: 0001_1700000356_2025_01.PDF (0.30 MB) | fname=0001_1700000356_2025_01.PDF
[2026-02-10 09:03:03] [DEBUG   ] [MainProcess] Queuing file: 0001_1700000356_2025_02.PDF (0.02 MB) | fname=0001_1700000356_2025_02.PDF
[2026-02-10 09:03:03] [DEBUG   ] [MainProcess] Queuing file: 0001_1700000445_2025_01.PDF (0.02 MB) | fname=0001_1700000445_2025_01.PDF
[2026-02-10 09:03:03] [DEBUG   ] [MainProcess] Queuing file: 0001_1700000446_2025_01.PDF (0.25 MB) | fname=0001_1700000446_2025_01.PDF
[2026-02-10 09:03:03] [DEBUG   ] [MainProcess] Queuing file: 0001_1700000447_2025_01.PDF (0.08 MB) | fname=0001_1700000447_2025_01.PDF
[2026-02-10 09:03:03] [DEBUG   ] [MainProcess] Queuing file: 0001_1700000448_2025_01.PDF (0.76 MB) | fname=0001_1700000448_2025_01.PDF
[2026-02-10 09:03:03] [DEBUG   ] [MainProcess] Queuing file: 0001_1700000449_2025_01.PDF (0.28 MB) | fname=0001_1700000449_2025_01.PDF
[2026-02-10 09:03:03] [DEBUG   ] [MainProcess] Queuing file: 0001_1700000450_2025_01.PDF (0.28 MB) | fname=0001_1700000450_2025_01.PDF
[2026-02-10 09:03:03] [DEBUG   ] [MainProcess] Queuing file: 0001_1700000451_2025_01.PDF (0.01 MB) | fname=0001_1700000451_2025_01.PDF
[2026-02-10 09:03:03] [DEBUG   ] [MainProcess] Queuing file: 0001_1700000452_2025_01.PDF (0.01 MB) | fname=0001_1700000452_2025_01.PDF
[2026-02-10 09:03:03] [DEBUG   ] [MainProcess] Queuing file: 0001_1700000454_2025_01.PDF (0.01 MB) | fname=0001_1700000454_2025_01.PDF
[2026-02-10 09:03:03] [DEBUG   ] [MainProcess] Queuing file: 0001_1700000455_2025_01.PDF (0.25 MB) | fname=0001_1700000455_2025_01.PDF
[2026-02-10 09:03:03] [DEBUG   ] [MainProcess] Queuing file: 0002_1700000095_2025_01.PDF (0.22 MB) | fname=0002_1700000095_2025_01.PDF
[2026-02-10 09:03:03] [DEBUG   ] [MainProcess] Queuing file: 0002_1700000096_2025_01.PDF (0.24 MB) | fname=0002_1700000096_2025_01.PDF
[2026-02-10 09:03:03] [DEBUG   ] [MainProcess] Queuing file: 0038_1700000012_2025_01.PDF (0.17 MB) | fname=0038_1700000012_2025_01.PDF
[2026-02-10 09:03:03] [INFO    ] [MainProcess] Files to process: 18, Skipped: 0 | fname=SCAN
[2026-02-10 09:03:03] [INFO    ] [MainProcess] Multiprocessing start method set to 'spawn' | fname=INIT
[2026-02-10 09:03:03] [DEBUG   ] [MainProcess] Task queue created with maxsize=8 | fname=INIT
[2026-02-10 09:03:03] [INFO    ] [MainProcess] Spawning 4 worker processes... | fname=INIT
[2026-02-10 09:03:03] [INFO    ] [MainProcess] Worker-0 started (PID=26281) | fname=INIT
[2026-02-10 09:03:03] [INFO    ] [MainProcess] Worker-1 started (PID=26282) | fname=INIT
[2026-02-10 09:03:03] [INFO    ] [MainProcess] Worker-2 started (PID=26283) | fname=INIT
[2026-02-10 09:03:03] [INFO    ] [MainProcess] Worker-3 started (PID=26284) | fname=INIT
[2026-02-10 09:03:03] [INFO    ] [MainProcess] Enqueuing 18 file(s)... | fname=ENQUEUE
[2026-02-10 09:03:03] [DEBUG   ] [MainProcess] Putting file 1/18 into queue | fname=0001_1700000163_2025_01.PDF
[2026-02-10 09:03:03] [DEBUG   ] [MainProcess] File enqueued successfully (1/18) | fname=0001_1700000163_2025_01.PDF
[2026-02-10 09:03:03] [DEBUG   ] [MainProcess] Putting file 2/18 into queue | fname=0001_1700000354_2025_02.PDF
[2026-02-10 09:03:03] [DEBUG   ] [MainProcess] File enqueued successfully (2/18) | fname=0001_1700000354_2025_02.PDF
[2026-02-10 09:03:03] [DEBUG   ] [MainProcess] Putting file 3/18 into queue | fname=0001_1700000354_2025_03.PDF
[2026-02-10 09:03:03] [DEBUG   ] [MainProcess] File enqueued successfully (3/18) | fname=0001_1700000354_2025_03.PDF
[2026-02-10 09:03:03] [DEBUG   ] [MainProcess] Putting file 4/18 into queue | fname=0001_1700000356_2025_01.PDF
[2026-02-10 09:03:03] [DEBUG   ] [MainProcess] File enqueued successfully (4/18) | fname=0001_1700000356_2025_01.PDF
[2026-02-10 09:03:03] [DEBUG   ] [MainProcess] Putting file 5/18 into queue | fname=0001_1700000356_2025_02.PDF
[2026-02-10 09:03:03] [DEBUG   ] [MainProcess] File enqueued successfully (5/18) | fname=0001_1700000356_2025_02.PDF
[2026-02-10 09:03:03] [DEBUG   ] [MainProcess] Putting file 6/18 into queue | fname=0001_1700000445_2025_01.PDF
[2026-02-10 09:03:03] [DEBUG   ] [MainProcess] File enqueued successfully (6/18) | fname=0001_1700000445_2025_01.PDF
[2026-02-10 09:03:03] [DEBUG   ] [MainProcess] Putting file 7/18 into queue | fname=0001_1700000446_2025_01.PDF
[2026-02-10 09:03:03] [DEBUG   ] [MainProcess] File enqueued successfully (7/18) | fname=0001_1700000446_2025_01.PDF
[2026-02-10 09:03:03] [DEBUG   ] [MainProcess] Putting file 8/18 into queue | fname=0001_1700000447_2025_01.PDF
[2026-02-10 09:03:03] [DEBUG   ] [MainProcess] File enqueued successfully (8/18) | fname=0001_1700000447_2025_01.PDF
[2026-02-10 09:03:03] [DEBUG   ] [MainProcess] Putting file 9/18 into queue | fname=0001_1700000448_2025_01.PDF
[2026-02-10 09:03:03] [INFO    ] [Worker-0] Worker-0 process started (PID=26281) | fname=INIT
[2026-02-10 09:03:03] [INFO    ] [Worker-0] Thread env — OMP=5, MKL=5, NUMEXPR=5 | fname=INIT
[2026-02-10 09:03:03] [INFO    ] [Worker-0] Worker-0 initializing PaddleOCR model... | fname=INIT
[2026-02-10 09:03:03] [INFO    ] [Worker-2] Worker-2 process started (PID=26283) | fname=INIT
[2026-02-10 09:03:03] [INFO    ] [Worker-1] Worker-1 process started (PID=26282) | fname=INIT
[2026-02-10 09:03:03] [INFO    ] [Worker-2] Thread env — OMP=5, MKL=5, NUMEXPR=5 | fname=INIT
[2026-02-10 09:03:03] [INFO    ] [Worker-1] Thread env — OMP=5, MKL=5, NUMEXPR=5 | fname=INIT
[2026-02-10 09:03:03] [INFO    ] [Worker-2] Worker-2 initializing PaddleOCR model... | fname=INIT
[2026-02-10 09:03:03] [INFO    ] [Worker-1] Worker-1 initializing PaddleOCR model... | fname=INIT
[2026-02-10 09:03:03] [INFO    ] [Worker-3] Worker-3 process started (PID=26284) | fname=INIT
[2026-02-10 09:03:03] [INFO    ] [Worker-3] Thread env — OMP=5, MKL=5, NUMEXPR=5 | fname=INIT
[2026-02-10 09:03:03] [INFO    ] [Worker-3] Worker-3 initializing PaddleOCR model... | fname=INIT
[2026-02-10 09:03:11] [INFO    ] [Worker-1] Worker-1 PaddleOCR model initialized in 7.32s | fname=INIT
[2026-02-10 09:03:11] [INFO    ] [Worker-1] Worker-1 entering processing loop | fname=INIT
[2026-02-10 09:03:11] [DEBUG   ] [Worker-1] Worker-1 waiting for next task from queue | fname=QUEUE_WAIT
[2026-02-10 09:03:11] [INFO    ] [Worker-1] Worker-1 picked up task | fname=0001_1700000163_2025_01.PDF
[2026-02-10 09:03:11] [INFO    ] [Worker-1] Worker-1 starting OCR (0.02 MB) | fname=0001_1700000163_2025_01.PDF
[2026-02-10 09:03:11] [DEBUG   ] [MainProcess] File enqueued successfully (9/18) | fname=0001_1700000448_2025_01.PDF
[2026-02-10 09:03:11] [DEBUG   ] [MainProcess] Putting file 10/18 into queue | fname=0001_1700000449_2025_01.PDF
[2026-02-10 09:03:11] [INFO    ] [Worker-3] Worker-3 PaddleOCR model initialized in 7.33s | fname=INIT
[2026-02-10 09:03:11] [INFO    ] [Worker-3] Worker-3 entering processing loop | fname=INIT
[2026-02-10 09:03:11] [DEBUG   ] [Worker-3] Worker-3 waiting for next task from queue | fname=QUEUE_WAIT
[2026-02-10 09:03:11] [INFO    ] [Worker-3] Worker-3 picked up task | fname=0001_1700000354_2025_02.PDF
[2026-02-10 09:03:11] [DEBUG   ] [MainProcess] File enqueued successfully (10/18) | fname=0001_1700000449_2025_01.PDF
[2026-02-10 09:03:11] [INFO    ] [Worker-3] Worker-3 starting OCR (0.02 MB) | fname=0001_1700000354_2025_02.PDF
[2026-02-10 09:03:11] [DEBUG   ] [MainProcess] Putting file 11/18 into queue | fname=0001_1700000450_2025_01.PDF
[2026-02-10 09:03:11] [INFO    ] [Worker-2] Worker-2 PaddleOCR model initialized in 7.33s | fname=INIT
[2026-02-10 09:03:11] [INFO    ] [Worker-2] Worker-2 entering processing loop | fname=INIT
[2026-02-10 09:03:11] [DEBUG   ] [Worker-2] Worker-2 waiting for next task from queue | fname=QUEUE_WAIT
[2026-02-10 09:03:11] [DEBUG   ] [MainProcess] File enqueued successfully (11/18) | fname=0001_1700000450_2025_01.PDF
[2026-02-10 09:03:11] [INFO    ] [Worker-2] Worker-2 picked up task | fname=0001_1700000354_2025_03.PDF
[2026-02-10 09:03:11] [DEBUG   ] [MainProcess] Putting file 12/18 into queue | fname=0001_1700000451_2025_01.PDF
[2026-02-10 09:03:11] [INFO    ] [Worker-2] Worker-2 starting OCR (0.30 MB) | fname=0001_1700000354_2025_03.PDF
[2026-02-10 09:03:11] [INFO    ] [Worker-0] Worker-0 PaddleOCR model initialized in 7.33s | fname=INIT
[2026-02-10 09:03:11] [INFO    ] [Worker-0] Worker-0 entering processing loop | fname=INIT
[2026-02-10 09:03:11] [DEBUG   ] [Worker-0] Worker-0 waiting for next task from queue | fname=QUEUE_WAIT
[2026-02-10 09:03:11] [DEBUG   ] [MainProcess] File enqueued successfully (12/18) | fname=0001_1700000451_2025_01.PDF
[2026-02-10 09:03:11] [INFO    ] [Worker-0] Worker-0 picked up task | fname=0001_1700000356_2025_01.PDF
[2026-02-10 09:03:11] [DEBUG   ] [MainProcess] Putting file 13/18 into queue | fname=0001_1700000452_2025_01.PDF
[2026-02-10 09:03:11] [INFO    ] [Worker-0] Worker-0 starting OCR (0.30 MB) | fname=0001_1700000356_2025_01.PDF
[2026-02-10 09:03:18] [INFO    ] [Worker-2] Worker-2 OCR completed in 7.51s | fname=0001_1700000354_2025_03.PDF
[2026-02-10 09:03:18] [INFO    ] [Worker-2] Worker-2 extracted 15 lines from 1 page(s) | fname=0001_1700000354_2025_03.PDF
[2026-02-10 09:03:18] [INFO    ] [Worker-2] Worker-2 output written to ./ocr_output/0001_1700000354_2025_03.PDF.txt (0.0002s) | fname=0001_1700000354_2025_03.PDF
[2026-02-10 09:03:18] [INFO    ] [Worker-2] Worker-2 completed (OCR=7.51s, total=7.51s) | fname=0001_1700000354_2025_03.PDF
[2026-02-10 09:03:18] [DEBUG   ] [Worker-2] Worker-2 waiting for next task from queue | fname=QUEUE_WAIT
[2026-02-10 09:03:18] [INFO    ] [Worker-2] Worker-2 picked up task | fname=0001_1700000356_2025_02.PDF
[2026-02-10 09:03:18] [INFO    ] [Worker-2] Worker-2 starting OCR (0.02 MB) | fname=0001_1700000356_2025_02.PDF
[2026-02-10 09:03:18] [DEBUG   ] [MainProcess] File enqueued successfully (13/18) | fname=0001_1700000452_2025_01.PDF
[2026-02-10 09:03:18] [DEBUG   ] [MainProcess] Putting file 14/18 into queue | fname=0001_1700000454_2025_01.PDF
[2026-02-10 09:03:18] [INFO    ] [Worker-0] Worker-0 OCR completed in 7.71s | fname=0001_1700000356_2025_01.PDF
[2026-02-10 09:03:18] [INFO    ] [Worker-0] Worker-0 extracted 15 lines from 1 page(s) | fname=0001_1700000356_2025_01.PDF
[2026-02-10 09:03:18] [INFO    ] [Worker-0] Worker-0 output written to ./ocr_output/0001_1700000356_2025_01.PDF.txt (0.0002s) | fname=0001_1700000356_2025_01.PDF
[2026-02-10 09:03:18] [INFO    ] [Worker-0] Worker-0 completed (OCR=7.71s, total=7.71s) | fname=0001_1700000356_2025_01.PDF
[2026-02-10 09:03:18] [DEBUG   ] [Worker-0] Worker-0 waiting for next task from queue | fname=QUEUE_WAIT
[2026-02-10 09:03:18] [INFO    ] [Worker-0] Worker-0 picked up task | fname=0001_1700000445_2025_01.PDF
[2026-02-10 09:03:18] [INFO    ] [Worker-0] Worker-0 starting OCR (0.02 MB) | fname=0001_1700000445_2025_01.PDF
[2026-02-10 09:03:18] [DEBUG   ] [MainProcess] File enqueued successfully (14/18) | fname=0001_1700000454_2025_01.PDF
[2026-02-10 09:03:18] [DEBUG   ] [MainProcess] Putting file 15/18 into queue | fname=0001_1700000455_2025_01.PDF
[2026-02-10 09:03:23] [INFO    ] [Worker-1] Worker-1 OCR completed in 12.02s | fname=0001_1700000163_2025_01.PDF
[2026-02-10 09:03:23] [INFO    ] [Worker-1] Worker-1 extracted 30 lines from 2 page(s) | fname=0001_1700000163_2025_01.PDF
[2026-02-10 09:03:23] [INFO    ] [Worker-1] Worker-1 output written to ./ocr_output/0001_1700000163_2025_01.PDF.txt (0.0002s) | fname=0001_1700000163_2025_01.PDF
[2026-02-10 09:03:23] [INFO    ] [Worker-1] Worker-1 completed (OCR=12.02s, total=12.03s) | fname=0001_1700000163_2025_01.PDF
[2026-02-10 09:03:23] [DEBUG   ] [Worker-1] Worker-1 waiting for next task from queue | fname=QUEUE_WAIT
[2026-02-10 09:03:23] [INFO    ] [Worker-1] Worker-1 picked up task | fname=0001_1700000446_2025_01.PDF
[2026-02-10 09:03:23] [INFO    ] [Worker-1] Worker-1 starting OCR (0.25 MB) | fname=0001_1700000446_2025_01.PDF
[2026-02-10 09:03:23] [DEBUG   ] [MainProcess] File enqueued successfully (15/18) | fname=0001_1700000455_2025_01.PDF
[2026-02-10 09:03:23] [DEBUG   ] [MainProcess] Putting file 16/18 into queue | fname=0002_1700000095_2025_01.PDF
[2026-02-10 09:03:24] [INFO    ] [Worker-3] Worker-3 OCR completed in 13.32s | fname=0001_1700000354_2025_02.PDF
[2026-02-10 09:03:24] [INFO    ] [Worker-3] Worker-3 extracted 30 lines from 2 page(s) | fname=0001_1700000354_2025_02.PDF
[2026-02-10 09:03:24] [INFO    ] [Worker-3] Worker-3 output written to ./ocr_output/0001_1700000354_2025_02.PDF.txt (0.0001s) | fname=0001_1700000354_2025_02.PDF
[2026-02-10 09:03:24] [INFO    ] [Worker-3] Worker-3 completed (OCR=13.32s, total=13.32s) | fname=0001_1700000354_2025_02.PDF
[2026-02-10 09:03:24] [DEBUG   ] [Worker-3] Worker-3 waiting for next task from queue | fname=QUEUE_WAIT
[2026-02-10 09:03:24] [INFO    ] [Worker-3] Worker-3 picked up task | fname=0001_1700000447_2025_01.PDF
[2026-02-10 09:03:24] [INFO    ] [Worker-3] Worker-3 starting OCR (0.08 MB) | fname=0001_1700000447_2025_01.PDF
[2026-02-10 09:03:24] [DEBUG   ] [MainProcess] File enqueued successfully (16/18) | fname=0002_1700000095_2025_01.PDF
[2026-02-10 09:03:24] [DEBUG   ] [MainProcess] Putting file 17/18 into queue | fname=0002_1700000096_2025_01.PDF
[2026-02-10 09:03:30] [INFO    ] [Worker-3] Worker-3 OCR completed in 5.62s | fname=0001_1700000447_2025_01.PDF
[2026-02-10 09:03:30] [INFO    ] [Worker-3] Worker-3 extracted 15 lines from 1 page(s) | fname=0001_1700000447_2025_01.PDF
[2026-02-10 09:03:30] [INFO    ] [Worker-3] Worker-3 output written to ./ocr_output/0001_1700000447_2025_01.PDF.txt (0.0002s) | fname=0001_1700000447_2025_01.PDF
[2026-02-10 09:03:30] [INFO    ] [Worker-3] Worker-3 completed (OCR=5.62s, total=5.62s) | fname=0001_1700000447_2025_01.PDF
[2026-02-10 09:03:30] [DEBUG   ] [Worker-3] Worker-3 waiting for next task from queue | fname=QUEUE_WAIT
[2026-02-10 09:03:30] [INFO    ] [Worker-3] Worker-3 picked up task | fname=0001_1700000448_2025_01.PDF
[2026-02-10 09:03:30] [INFO    ] [Worker-3] Worker-3 starting OCR (0.76 MB) | fname=0001_1700000448_2025_01.PDF
[2026-02-10 09:03:30] [DEBUG   ] [MainProcess] File enqueued successfully (17/18) | fname=0002_1700000096_2025_01.PDF
[2026-02-10 09:03:30] [DEBUG   ] [MainProcess] Putting file 18/18 into queue | fname=0038_1700000012_2025_01.PDF
[2026-02-10 09:03:32] [INFO    ] [Worker-0] Worker-0 OCR completed in 13.78s | fname=0001_1700000445_2025_01.PDF
[2026-02-10 09:03:32] [INFO    ] [Worker-0] Worker-0 extracted 30 lines from 2 page(s) | fname=0001_1700000445_2025_01.PDF
[2026-02-10 09:03:32] [INFO    ] [Worker-0] Worker-0 output written to ./ocr_output/0001_1700000445_2025_01.PDF.txt (0.0002s) | fname=0001_1700000445_2025_01.PDF
[2026-02-10 09:03:32] [INFO    ] [Worker-0] Worker-0 completed (OCR=13.78s, total=13.78s) | fname=0001_1700000445_2025_01.PDF
[2026-02-10 09:03:32] [DEBUG   ] [Worker-0] Worker-0 waiting for next task from queue | fname=QUEUE_WAIT
[2026-02-10 09:03:32] [INFO    ] [Worker-0] Worker-0 picked up task | fname=0001_1700000449_2025_01.PDF
[2026-02-10 09:03:32] [INFO    ] [Worker-0] Worker-0 starting OCR (0.28 MB) | fname=0001_1700000449_2025_01.PDF
[2026-02-10 09:03:32] [DEBUG   ] [MainProcess] File enqueued successfully (18/18) | fname=0038_1700000012_2025_01.PDF
[2026-02-10 09:03:32] [INFO    ] [MainProcess] All 18 files enqueued in 28.856s | fname=ENQUEUE
[2026-02-10 09:03:32] [INFO    ] [MainProcess] Sending 4 sentinel(s) to shut down workers | fname=SHUTDOWN
[2026-02-10 09:03:32] [INFO    ] [Worker-2] Worker-2 OCR completed in 13.99s | fname=0001_1700000356_2025_02.PDF
[2026-02-10 09:03:32] [INFO    ] [Worker-2] Worker-2 extracted 30 lines from 2 page(s) | fname=0001_1700000356_2025_02.PDF
[2026-02-10 09:03:32] [INFO    ] [Worker-2] Worker-2 output written to ./ocr_output/0001_1700000356_2025_02.PDF.txt (0.0002s) | fname=0001_1700000356_2025_02.PDF
[2026-02-10 09:03:32] [INFO    ] [Worker-2] Worker-2 completed (OCR=13.99s, total=13.99s) | fname=0001_1700000356_2025_02.PDF
[2026-02-10 09:03:32] [DEBUG   ] [Worker-2] Worker-2 waiting for next task from queue | fname=QUEUE_WAIT
[2026-02-10 09:03:32] [INFO    ] [Worker-2] Worker-2 picked up task | fname=0001_1700000450_2025_01.PDF
[2026-02-10 09:03:32] [INFO    ] [Worker-2] Worker-2 starting OCR (0.28 MB) | fname=0001_1700000450_2025_01.PDF
[2026-02-10 09:03:36] [INFO    ] [Worker-1] Worker-1 OCR completed in 13.01s | fname=0001_1700000446_2025_01.PDF
[2026-02-10 09:03:36] [INFO    ] [Worker-1] Worker-1 extracted 30 lines from 2 page(s) | fname=0001_1700000446_2025_01.PDF
[2026-02-10 09:03:36] [INFO    ] [Worker-1] Worker-1 output written to ./ocr_output/0001_1700000446_2025_01.PDF.txt (0.0002s) | fname=0001_1700000446_2025_01.PDF
[2026-02-10 09:03:36] [INFO    ] [Worker-1] Worker-1 completed (OCR=13.01s, total=13.01s) | fname=0001_1700000446_2025_01.PDF
[2026-02-10 09:03:36] [DEBUG   ] [Worker-1] Worker-1 waiting for next task from queue | fname=QUEUE_WAIT
[2026-02-10 09:03:36] [INFO    ] [Worker-1] Worker-1 picked up task | fname=0001_1700000451_2025_01.PDF
[2026-02-10 09:03:36] [INFO    ] [Worker-1] Worker-1 starting OCR (0.01 MB) | fname=0001_1700000451_2025_01.PDF
[2026-02-10 09:03:43] [INFO    ] [Worker-1] Worker-1 OCR completed in 7.16s | fname=0001_1700000451_2025_01.PDF
[2026-02-10 09:03:43] [INFO    ] [Worker-1] Worker-1 extracted 15 lines from 1 page(s) | fname=0001_1700000451_2025_01.PDF
[2026-02-10 09:03:43] [INFO    ] [Worker-1] Worker-1 output written to ./ocr_output/0001_1700000451_2025_01.PDF.txt (0.0002s) | fname=0001_1700000451_2025_01.PDF
[2026-02-10 09:03:43] [INFO    ] [Worker-1] Worker-1 completed (OCR=7.16s, total=7.17s) | fname=0001_1700000451_2025_01.PDF
[2026-02-10 09:03:43] [DEBUG   ] [Worker-1] Worker-1 waiting for next task from queue | fname=QUEUE_WAIT
[2026-02-10 09:03:43] [INFO    ] [Worker-1] Worker-1 picked up task | fname=0001_1700000452_2025_01.PDF
[2026-02-10 09:03:43] [INFO    ] [Worker-1] Worker-1 starting OCR (0.01 MB) | fname=0001_1700000452_2025_01.PDF
[2026-02-10 09:03:49] [INFO    ] [Worker-1] Worker-1 OCR completed in 6.21s | fname=0001_1700000452_2025_01.PDF
[2026-02-10 09:03:49] [INFO    ] [Worker-1] Worker-1 extracted 15 lines from 1 page(s) | fname=0001_1700000452_2025_01.PDF
[2026-02-10 09:03:49] [INFO    ] [Worker-1] Worker-1 output written to ./ocr_output/0001_1700000452_2025_01.PDF.txt (0.0003s) | fname=0001_1700000452_2025_01.PDF
[2026-02-10 09:03:49] [INFO    ] [Worker-1] Worker-1 completed (OCR=6.21s, total=6.21s) | fname=0001_1700000452_2025_01.PDF
[2026-02-10 09:03:49] [DEBUG   ] [Worker-1] Worker-1 waiting for next task from queue | fname=QUEUE_WAIT
[2026-02-10 09:03:49] [INFO    ] [Worker-1] Worker-1 picked up task | fname=0001_1700000454_2025_01.PDF
[2026-02-10 09:03:49] [DEBUG   ] [MainProcess] All sentinels sent | fname=SHUTDOWN
[2026-02-10 09:03:49] [INFO    ] [Worker-1] Worker-1 starting OCR (0.01 MB) | fname=0001_1700000454_2025_01.PDF
[2026-02-10 09:03:49] [INFO    ] [MainProcess] Waiting for workers to finish... | fname=SHUTDOWN
[2026-02-10 09:03:58] [INFO    ] [Worker-1] Worker-1 OCR completed in 8.66s | fname=0001_1700000454_2025_01.PDF
[2026-02-10 09:03:58] [INFO    ] [Worker-1] Worker-1 extracted 15 lines from 1 page(s) | fname=0001_1700000454_2025_01.PDF
[2026-02-10 09:03:58] [INFO    ] [Worker-1] Worker-1 output written to ./ocr_output/0001_1700000454_2025_01.PDF.txt (0.0002s) | fname=0001_1700000454_2025_01.PDF
[2026-02-10 09:03:58] [INFO    ] [Worker-1] Worker-1 completed (OCR=8.66s, total=8.66s) | fname=0001_1700000454_2025_01.PDF
[2026-02-10 09:03:58] [DEBUG   ] [Worker-1] Worker-1 waiting for next task from queue | fname=QUEUE_WAIT
[2026-02-10 09:03:58] [INFO    ] [Worker-1] Worker-1 picked up task | fname=0001_1700000455_2025_01.PDF
[2026-02-10 09:03:58] [INFO    ] [Worker-1] Worker-1 starting OCR (0.25 MB) | fname=0001_1700000455_2025_01.PDF
[2026-02-10 09:03:59] [INFO    ] [Worker-3] Worker-3 OCR completed in 29.77s | fname=0001_1700000448_2025_01.PDF
[2026-02-10 09:03:59] [INFO    ] [Worker-3] Worker-3 extracted 45 lines from 3 page(s) | fname=0001_1700000448_2025_01.PDF
[2026-02-10 09:03:59] [INFO    ] [Worker-3] Worker-3 output written to ./ocr_output/0001_1700000448_2025_01.PDF.txt (0.0001s) | fname=0001_1700000448_2025_01.PDF
[2026-02-10 09:03:59] [INFO    ] [Worker-3] Worker-3 completed (OCR=29.77s, total=29.77s) | fname=0001_1700000448_2025_01.PDF
[2026-02-10 09:03:59] [DEBUG   ] [Worker-3] Worker-3 waiting for next task from queue | fname=QUEUE_WAIT
[2026-02-10 09:03:59] [INFO    ] [Worker-3] Worker-3 picked up task | fname=0002_1700000095_2025_01.PDF
[2026-02-10 09:03:59] [INFO    ] [Worker-3] Worker-3 starting OCR (0.22 MB) | fname=0002_1700000095_2025_01.PDF
[2026-02-10 09:04:07] [INFO    ] [Worker-3] Worker-3 OCR completed in 7.39s | fname=0002_1700000095_2025_01.PDF
[2026-02-10 09:04:07] [INFO    ] [Worker-3] Worker-3 extracted 15 lines from 1 page(s) | fname=0002_1700000095_2025_01.PDF
[2026-02-10 09:04:07] [INFO    ] [Worker-3] Worker-3 output written to ./ocr_output/0002_1700000095_2025_01.PDF.txt (0.0002s) | fname=0002_1700000095_2025_01.PDF
[2026-02-10 09:04:07] [INFO    ] [Worker-3] Worker-3 completed (OCR=7.39s, total=7.39s) | fname=0002_1700000095_2025_01.PDF
[2026-02-10 09:04:07] [DEBUG   ] [Worker-3] Worker-3 waiting for next task from queue | fname=QUEUE_WAIT
[2026-02-10 09:04:07] [INFO    ] [Worker-3] Worker-3 picked up task | fname=0002_1700000096_2025_01.PDF
[2026-02-10 09:04:07] [INFO    ] [Worker-3] Worker-3 starting OCR (0.24 MB) | fname=0002_1700000096_2025_01.PDF
[2026-02-10 09:04:10] [INFO    ] [Worker-2] Worker-2 OCR completed in 37.53s | fname=0001_1700000450_2025_01.PDF
[2026-02-10 09:04:10] [INFO    ] [Worker-2] Worker-2 extracted 75 lines from 5 page(s) | fname=0001_1700000450_2025_01.PDF
[2026-02-10 09:04:10] [INFO    ] [Worker-2] Worker-2 output written to ./ocr_output/0001_1700000450_2025_01.PDF.txt (0.0001s) | fname=0001_1700000450_2025_01.PDF
[2026-02-10 09:04:10] [INFO    ] [Worker-2] Worker-2 completed (OCR=37.53s, total=37.53s) | fname=0001_1700000450_2025_01.PDF
[2026-02-10 09:04:10] [DEBUG   ] [Worker-2] Worker-2 waiting for next task from queue | fname=QUEUE_WAIT
[2026-02-10 09:04:10] [INFO    ] [Worker-2] Worker-2 picked up task | fname=0038_1700000012_2025_01.PDF
[2026-02-10 09:04:10] [INFO    ] [Worker-2] Worker-2 starting OCR (0.17 MB) | fname=0038_1700000012_2025_01.PDF
[2026-02-10 09:04:14] [INFO    ] [Worker-0] Worker-0 OCR completed in 41.86s | fname=0001_1700000449_2025_01.PDF
[2026-02-10 09:04:14] [INFO    ] [Worker-0] Worker-0 extracted 75 lines from 5 page(s) | fname=0001_1700000449_2025_01.PDF
[2026-02-10 09:04:14] [INFO    ] [Worker-0] Worker-0 output written to ./ocr_output/0001_1700000449_2025_01.PDF.txt (0.0002s) | fname=0001_1700000449_2025_01.PDF
[2026-02-10 09:04:14] [INFO    ] [Worker-0] Worker-0 completed (OCR=41.86s, total=41.86s) | fname=0001_1700000449_2025_01.PDF
[2026-02-10 09:04:14] [DEBUG   ] [Worker-0] Worker-0 waiting for next task from queue | fname=QUEUE_WAIT
[2026-02-10 09:04:14] [INFO    ] [Worker-0] Worker-0 received sentinel. Shutting down. | fname=SENTINEL
[2026-02-10 09:04:14] [INFO    ] [Worker-0] Worker-0 summary — processed=3, failed=0, total_ocr_time=63.34s, avg_ocr_per_file=21.11s, model_init_time=7.33s | fname=SUMMARY
[2026-02-10 09:04:14] [INFO    ] [Worker-0] Worker-0 exiting | fname=SHUTDOWN
[2026-02-10 09:04:15] [INFO    ] [Worker-3] Worker-3 OCR completed in 8.02s | fname=0002_1700000096_2025_01.PDF
[2026-02-10 09:04:15] [INFO    ] [Worker-3] Worker-3 extracted 15 lines from 1 page(s) | fname=0002_1700000096_2025_01.PDF
[2026-02-10 09:04:15] [INFO    ] [Worker-3] Worker-3 output written to ./ocr_output/0002_1700000096_2025_01.PDF.txt (0.0001s) | fname=0002_1700000096_2025_01.PDF
[2026-02-10 09:04:15] [INFO    ] [Worker-3] Worker-3 completed (OCR=8.02s, total=8.02s) | fname=0002_1700000096_2025_01.PDF
[2026-02-10 09:04:15] [DEBUG   ] [Worker-3] Worker-3 waiting for next task from queue | fname=QUEUE_WAIT
[2026-02-10 09:04:15] [INFO    ] [Worker-3] Worker-3 received sentinel. Shutting down. | fname=SENTINEL
[2026-02-10 09:04:15] [INFO    ] [Worker-3] Worker-3 summary — processed=5, failed=0, total_ocr_time=64.11s, avg_ocr_per_file=12.82s, model_init_time=7.33s | fname=SUMMARY
[2026-02-10 09:04:15] [INFO    ] [Worker-3] Worker-3 exiting | fname=SHUTDOWN
[2026-02-10 09:04:15] [INFO    ] [MainProcess] Worker Worker-0 (PID=26281) joined — OK | fname=SHUTDOWN
[2026-02-10 09:04:18] [INFO    ] [Worker-1] Worker-1 OCR completed in 20.57s | fname=0001_1700000455_2025_01.PDF
[2026-02-10 09:04:18] [INFO    ] [Worker-1] Worker-1 extracted 30 lines from 2 page(s) | fname=0001_1700000455_2025_01.PDF
[2026-02-10 09:04:18] [INFO    ] [Worker-1] Worker-1 output written to ./ocr_output/0001_1700000455_2025_01.PDF.txt (0.0001s) | fname=0001_1700000455_2025_01.PDF
[2026-02-10 09:04:18] [INFO    ] [Worker-1] Worker-1 completed (OCR=20.57s, total=20.57s) | fname=0001_1700000455_2025_01.PDF
[2026-02-10 09:04:18] [DEBUG   ] [Worker-1] Worker-1 waiting for next task from queue | fname=QUEUE_WAIT
[2026-02-10 09:04:18] [INFO    ] [Worker-1] Worker-1 received sentinel. Shutting down. | fname=SENTINEL
[2026-02-10 09:04:18] [INFO    ] [Worker-1] Worker-1 summary — processed=6, failed=0, total_ocr_time=67.64s, avg_ocr_per_file=11.27s, model_init_time=7.32s | fname=SUMMARY
[2026-02-10 09:04:18] [INFO    ] [Worker-1] Worker-1 exiting | fname=SHUTDOWN
[2026-02-10 09:04:19] [INFO    ] [MainProcess] Worker Worker-1 (PID=26282) joined — OK | fname=SHUTDOWN
[2026-02-10 09:04:21] [INFO    ] [Worker-2] Worker-2 OCR completed in 10.80s | fname=0038_1700000012_2025_01.PDF
[2026-02-10 09:04:21] [INFO    ] [Worker-2] Worker-2 extracted 15 lines from 1 page(s) | fname=0038_1700000012_2025_01.PDF
[2026-02-10 09:04:21] [INFO    ] [Worker-2] Worker-2 output written to ./ocr_output/0038_1700000012_2025_01.PDF.txt (0.0001s) | fname=0038_1700000012_2025_01.PDF
[2026-02-10 09:04:21] [INFO    ] [Worker-2] Worker-2 completed (OCR=10.80s, total=10.80s) | fname=0038_1700000012_2025_01.PDF
[2026-02-10 09:04:21] [DEBUG   ] [Worker-2] Worker-2 waiting for next task from queue | fname=QUEUE_WAIT
[2026-02-10 09:04:21] [INFO    ] [Worker-2] Worker-2 received sentinel. Shutting down. | fname=SENTINEL
[2026-02-10 09:04:21] [INFO    ] [Worker-2] Worker-2 summary — processed=4, failed=0, total_ocr_time=69.83s, avg_ocr_per_file=17.46s, model_init_time=7.33s | fname=SUMMARY
[2026-02-10 09:04:21] [INFO    ] [Worker-2] Worker-2 exiting | fname=SHUTDOWN
[2026-02-10 09:04:21] [INFO    ] [MainProcess] Worker Worker-2 (PID=26283) joined — OK | fname=SHUTDOWN
[2026-02-10 09:04:21] [INFO    ] [MainProcess] Worker Worker-3 (PID=26284) joined — OK | fname=SHUTDOWN
[2026-02-10 09:04:21] [INFO    ] [MainProcess] ========== OCR Pipeline Complete ========== | fname=DONE
[2026-02-10 09:04:21] [INFO    ] [MainProcess] Total files processed : 18 | fname=DONE
[2026-02-10 09:04:21] [INFO    ] [MainProcess] Total wall-clock time : 77.61s | fname=DONE
[2026-02-10 09:04:21] [INFO    ] [MainProcess] Average time per file : 4.31s | fname=DONE
[2026-02-10 09:04:21] [INFO    ] [MainProcess] Log saved to          : ./logs/ocr_run_20260210_090303.log | fname=DONE
