[2026-02-10 09:59:28] [INFO    ] [MainProcess] Log file created: ./logs/ocr_run_20260210_095928.log | fname=
[2026-02-10 09:59:28] [INFO    ] [MainProcess] ========== OCR Pipeline Starting ========== | fname=INIT
[2026-02-10 09:59:28] [INFO    ] [MainProcess] Input directory : /home/whirldata/cpu_multi_paddle_try/attachments | fname=INIT
[2026-02-10 09:59:28] [INFO    ] [MainProcess] Output directory: /home/whirldata/cpu_multi_paddle_try/ocr_output | fname=INIT
[2026-02-10 09:59:28] [INFO    ] [MainProcess] Total vCPUs     : 30 | fname=INIT
[2026-02-10 09:59:28] [INFO    ] [MainProcess] Num workers     : 4 | fname=INIT
[2026-02-10 09:59:28] [INFO    ] [MainProcess] Threads/worker  : 5 | fname=INIT
[2026-02-10 09:59:28] [INFO    ] [MainProcess] Queue size      : 5 | fname=INIT
[2026-02-10 09:59:28] [INFO    ] [MainProcess] Supported exts  : {'.pdf', '.webp', '.tiff', '.tif', '.jpeg', '.jpg', '.bmp', '.png'} | fname=INIT
[2026-02-10 09:59:28] [INFO    ] [MainProcess] Total entries found in input directory: 10 | fname=SCAN
[2026-02-10 09:59:28] [DEBUG   ] [MainProcess] All entries: ['0001_1700000449_2025_01.PDF', '0001_1700000446_2025_01.PDF', '0001_1700000451_2025_01.PDF', '0001_1700000448_2025_01.PDF', '0002_1700000096_2025_01.PDF', '0001_1700000455_2025_01.PDF', '0001_1700000356_2025_02.PDF', '0001_1700000454_2025_01.PDF', '0001_1700000163_2025_01.PDF', '0038_1700000012_2025_01.PDF'] | fname=SCAN
[2026-02-10 09:59:28] [DEBUG   ] [MainProcess] Queuing file: 0001_1700000163_2025_01.PDF (0.02 MB) | fname=0001_1700000163_2025_01.PDF
[2026-02-10 09:59:28] [DEBUG   ] [MainProcess] Queuing file: 0001_1700000356_2025_02.PDF (0.02 MB) | fname=0001_1700000356_2025_02.PDF
[2026-02-10 09:59:28] [DEBUG   ] [MainProcess] Queuing file: 0001_1700000446_2025_01.PDF (0.25 MB) | fname=0001_1700000446_2025_01.PDF
[2026-02-10 09:59:28] [DEBUG   ] [MainProcess] Queuing file: 0001_1700000448_2025_01.PDF (0.76 MB) | fname=0001_1700000448_2025_01.PDF
[2026-02-10 09:59:28] [DEBUG   ] [MainProcess] Queuing file: 0001_1700000449_2025_01.PDF (0.28 MB) | fname=0001_1700000449_2025_01.PDF
[2026-02-10 09:59:28] [DEBUG   ] [MainProcess] Queuing file: 0001_1700000451_2025_01.PDF (0.01 MB) | fname=0001_1700000451_2025_01.PDF
[2026-02-10 09:59:28] [DEBUG   ] [MainProcess] Queuing file: 0001_1700000454_2025_01.PDF (0.01 MB) | fname=0001_1700000454_2025_01.PDF
[2026-02-10 09:59:28] [DEBUG   ] [MainProcess] Queuing file: 0001_1700000455_2025_01.PDF (0.25 MB) | fname=0001_1700000455_2025_01.PDF
[2026-02-10 09:59:28] [DEBUG   ] [MainProcess] Queuing file: 0002_1700000096_2025_01.PDF (0.24 MB) | fname=0002_1700000096_2025_01.PDF
[2026-02-10 09:59:28] [DEBUG   ] [MainProcess] Queuing file: 0038_1700000012_2025_01.PDF (0.17 MB) | fname=0038_1700000012_2025_01.PDF
[2026-02-10 09:59:28] [INFO    ] [MainProcess] Files to process: 10, Skipped: 0 | fname=SCAN
[2026-02-10 09:59:28] [INFO    ] [MainProcess] Multiprocessing start method set to 'spawn' | fname=INIT
[2026-02-10 09:59:28] [DEBUG   ] [MainProcess] Task queue created with maxsize=5 | fname=INIT
[2026-02-10 09:59:28] [INFO    ] [MainProcess] Spawning 4 worker processes... | fname=INIT
[2026-02-10 09:59:28] [INFO    ] [MainProcess] Worker-0 started (PID=53428) | fname=INIT
[2026-02-10 09:59:28] [INFO    ] [MainProcess] Worker-1 started (PID=53429) | fname=INIT
[2026-02-10 09:59:28] [INFO    ] [MainProcess] Worker-2 started (PID=53430) | fname=INIT
[2026-02-10 09:59:28] [INFO    ] [MainProcess] Worker-3 started (PID=53431) | fname=INIT
[2026-02-10 09:59:28] [INFO    ] [MainProcess] Enqueuing 10 file(s)... | fname=ENQUEUE
[2026-02-10 09:59:28] [DEBUG   ] [MainProcess] Putting file 1/10 into queue | fname=0001_1700000163_2025_01.PDF
[2026-02-10 09:59:28] [DEBUG   ] [MainProcess] File enqueued successfully (1/10) | fname=0001_1700000163_2025_01.PDF
[2026-02-10 09:59:28] [DEBUG   ] [MainProcess] Putting file 2/10 into queue | fname=0001_1700000356_2025_02.PDF
[2026-02-10 09:59:28] [DEBUG   ] [MainProcess] File enqueued successfully (2/10) | fname=0001_1700000356_2025_02.PDF
[2026-02-10 09:59:28] [DEBUG   ] [MainProcess] Putting file 3/10 into queue | fname=0001_1700000446_2025_01.PDF
[2026-02-10 09:59:28] [DEBUG   ] [MainProcess] File enqueued successfully (3/10) | fname=0001_1700000446_2025_01.PDF
[2026-02-10 09:59:28] [DEBUG   ] [MainProcess] Putting file 4/10 into queue | fname=0001_1700000448_2025_01.PDF
[2026-02-10 09:59:28] [DEBUG   ] [MainProcess] File enqueued successfully (4/10) | fname=0001_1700000448_2025_01.PDF
[2026-02-10 09:59:28] [DEBUG   ] [MainProcess] Putting file 5/10 into queue | fname=0001_1700000449_2025_01.PDF
[2026-02-10 09:59:28] [DEBUG   ] [MainProcess] File enqueued successfully (5/10) | fname=0001_1700000449_2025_01.PDF
[2026-02-10 09:59:28] [DEBUG   ] [MainProcess] Putting file 6/10 into queue | fname=0001_1700000451_2025_01.PDF
[2026-02-10 09:59:28] [INFO    ] [Worker-0] Worker-0 process started (PID=53428) | fname=INIT
[2026-02-10 09:59:28] [INFO    ] [Worker-0] Thread env — OMP=5, MKL=5, NUMEXPR=5 | fname=INIT
[2026-02-10 09:59:28] [INFO    ] [Worker-0] Worker-0 initializing PaddleOCR model... | fname=INIT
[2026-02-10 09:59:28] [INFO    ] [Worker-1] Worker-1 process started (PID=53429) | fname=INIT
[2026-02-10 09:59:28] [INFO    ] [Worker-1] Thread env — OMP=5, MKL=5, NUMEXPR=5 | fname=INIT
[2026-02-10 09:59:28] [INFO    ] [Worker-1] Worker-1 initializing PaddleOCR model... | fname=INIT
[2026-02-10 09:59:28] [INFO    ] [Worker-2] Worker-2 process started (PID=53430) | fname=INIT
[2026-02-10 09:59:28] [INFO    ] [Worker-2] Thread env — OMP=5, MKL=5, NUMEXPR=5 | fname=INIT
[2026-02-10 09:59:28] [INFO    ] [Worker-2] Worker-2 initializing PaddleOCR model... | fname=INIT
[2026-02-10 09:59:28] [INFO    ] [Worker-3] Worker-3 process started (PID=53431) | fname=INIT
[2026-02-10 09:59:28] [INFO    ] [Worker-3] Thread env — OMP=5, MKL=5, NUMEXPR=5 | fname=INIT
[2026-02-10 09:59:28] [INFO    ] [Worker-3] Worker-3 initializing PaddleOCR model... | fname=INIT
[2026-02-10 09:59:35] [INFO    ] [Worker-3] Worker-3 PaddleOCR model initialized in 7.03s | fname=INIT
[2026-02-10 09:59:35] [INFO    ] [Worker-3] Worker-3 entering processing loop | fname=INIT
[2026-02-10 09:59:35] [DEBUG   ] [Worker-3] Worker-3 waiting for next task from queue | fname=QUEUE_WAIT
[2026-02-10 09:59:35] [INFO    ] [Worker-3] Worker-3 picked up task | fname=0001_1700000163_2025_01.PDF
[2026-02-10 09:59:35] [INFO    ] [Worker-3] Worker-3 starting OCR (0.02 MB) | fname=0001_1700000163_2025_01.PDF
[2026-02-10 09:59:35] [DEBUG   ] [MainProcess] File enqueued successfully (6/10) | fname=0001_1700000451_2025_01.PDF
[2026-02-10 09:59:35] [DEBUG   ] [MainProcess] Putting file 7/10 into queue | fname=0001_1700000454_2025_01.PDF
[2026-02-10 09:59:35] [INFO    ] [Worker-0] Worker-0 PaddleOCR model initialized in 7.20s | fname=INIT
[2026-02-10 09:59:35] [INFO    ] [Worker-0] Worker-0 entering processing loop | fname=INIT
[2026-02-10 09:59:35] [DEBUG   ] [Worker-0] Worker-0 waiting for next task from queue | fname=QUEUE_WAIT
[2026-02-10 09:59:35] [INFO    ] [Worker-0] Worker-0 picked up task | fname=0001_1700000356_2025_02.PDF
[2026-02-10 09:59:35] [INFO    ] [Worker-0] Worker-0 starting OCR (0.02 MB) | fname=0001_1700000356_2025_02.PDF
[2026-02-10 09:59:35] [DEBUG   ] [MainProcess] File enqueued successfully (7/10) | fname=0001_1700000454_2025_01.PDF
[2026-02-10 09:59:35] [DEBUG   ] [MainProcess] Putting file 8/10 into queue | fname=0001_1700000455_2025_01.PDF
[2026-02-10 09:59:35] [INFO    ] [Worker-2] Worker-2 PaddleOCR model initialized in 7.27s | fname=INIT
[2026-02-10 09:59:35] [INFO    ] [Worker-2] Worker-2 entering processing loop | fname=INIT
[2026-02-10 09:59:35] [DEBUG   ] [Worker-2] Worker-2 waiting for next task from queue | fname=QUEUE_WAIT
[2026-02-10 09:59:35] [INFO    ] [Worker-2] Worker-2 picked up task | fname=0001_1700000446_2025_01.PDF
[2026-02-10 09:59:35] [INFO    ] [Worker-2] Worker-2 starting OCR (0.25 MB) | fname=0001_1700000446_2025_01.PDF
[2026-02-10 09:59:35] [DEBUG   ] [MainProcess] File enqueued successfully (8/10) | fname=0001_1700000455_2025_01.PDF
[2026-02-10 09:59:35] [DEBUG   ] [MainProcess] Putting file 9/10 into queue | fname=0002_1700000096_2025_01.PDF
[2026-02-10 09:59:36] [INFO    ] [Worker-1] Worker-1 PaddleOCR model initialized in 8.47s | fname=INIT
[2026-02-10 09:59:36] [INFO    ] [Worker-1] Worker-1 entering processing loop | fname=INIT
[2026-02-10 09:59:36] [DEBUG   ] [Worker-1] Worker-1 waiting for next task from queue | fname=QUEUE_WAIT
[2026-02-10 09:59:36] [INFO    ] [Worker-1] Worker-1 picked up task | fname=0001_1700000448_2025_01.PDF
[2026-02-10 09:59:36] [INFO    ] [Worker-1] Worker-1 starting OCR (0.76 MB) | fname=0001_1700000448_2025_01.PDF
[2026-02-10 09:59:36] [DEBUG   ] [MainProcess] File enqueued successfully (9/10) | fname=0002_1700000096_2025_01.PDF
[2026-02-10 09:59:36] [DEBUG   ] [MainProcess] Putting file 10/10 into queue | fname=0038_1700000012_2025_01.PDF
[2026-02-10 09:59:47] [INFO    ] [Worker-3] Worker-3 OCR completed in 12.04s | fname=0001_1700000163_2025_01.PDF
[2026-02-10 09:59:47] [INFO    ] [Worker-3] Worker-3 extracted 30 lines from 2 page(s) | fname=0001_1700000163_2025_01.PDF
[2026-02-10 09:59:47] [INFO    ] [Worker-3] Worker-3 output written to ./ocr_output/0001_1700000163_2025_01.PDF.txt (0.0002s) | fname=0001_1700000163_2025_01.PDF
[2026-02-10 09:59:47] [INFO    ] [Worker-3] Worker-3 completed (OCR=12.04s, total=12.04s) | fname=0001_1700000163_2025_01.PDF
[2026-02-10 09:59:47] [DEBUG   ] [Worker-3] Worker-3 waiting for next task from queue | fname=QUEUE_WAIT
[2026-02-10 09:59:47] [INFO    ] [Worker-3] Worker-3 picked up task | fname=0001_1700000449_2025_01.PDF
[2026-02-10 09:59:47] [INFO    ] [Worker-3] Worker-3 starting OCR (0.28 MB) | fname=0001_1700000449_2025_01.PDF
[2026-02-10 09:59:47] [DEBUG   ] [MainProcess] File enqueued successfully (10/10) | fname=0038_1700000012_2025_01.PDF
[2026-02-10 09:59:47] [INFO    ] [MainProcess] All 10 files enqueued in 19.112s | fname=ENQUEUE
[2026-02-10 09:59:47] [INFO    ] [MainProcess] Sending 4 sentinel(s) to shut down workers | fname=SHUTDOWN
[2026-02-10 09:59:49] [INFO    ] [Worker-0] Worker-0 OCR completed in 14.00s | fname=0001_1700000356_2025_02.PDF
[2026-02-10 09:59:49] [INFO    ] [Worker-0] Worker-0 extracted 30 lines from 2 page(s) | fname=0001_1700000356_2025_02.PDF
[2026-02-10 09:59:49] [INFO    ] [Worker-0] Worker-0 output written to ./ocr_output/0001_1700000356_2025_02.PDF.txt (0.0002s) | fname=0001_1700000356_2025_02.PDF
[2026-02-10 09:59:49] [INFO    ] [Worker-0] Worker-0 completed (OCR=14.00s, total=14.00s) | fname=0001_1700000356_2025_02.PDF
[2026-02-10 09:59:49] [DEBUG   ] [Worker-0] Worker-0 waiting for next task from queue | fname=QUEUE_WAIT
[2026-02-10 09:59:49] [INFO    ] [Worker-0] Worker-0 picked up task | fname=0001_1700000451_2025_01.PDF
[2026-02-10 09:59:49] [INFO    ] [Worker-0] Worker-0 starting OCR (0.01 MB) | fname=0001_1700000451_2025_01.PDF
[2026-02-10 09:59:51] [INFO    ] [Worker-2] Worker-2 OCR completed in 16.23s | fname=0001_1700000446_2025_01.PDF
[2026-02-10 09:59:51] [INFO    ] [Worker-2] Worker-2 extracted 30 lines from 2 page(s) | fname=0001_1700000446_2025_01.PDF
[2026-02-10 09:59:51] [INFO    ] [Worker-2] Worker-2 output written to ./ocr_output/0001_1700000446_2025_01.PDF.txt (0.0002s) | fname=0001_1700000446_2025_01.PDF
[2026-02-10 09:59:51] [INFO    ] [Worker-2] Worker-2 completed (OCR=16.23s, total=16.23s) | fname=0001_1700000446_2025_01.PDF
[2026-02-10 09:59:51] [DEBUG   ] [Worker-2] Worker-2 waiting for next task from queue | fname=QUEUE_WAIT
[2026-02-10 09:59:51] [INFO    ] [Worker-2] Worker-2 picked up task | fname=0001_1700000454_2025_01.PDF
[2026-02-10 09:59:51] [INFO    ] [Worker-2] Worker-2 starting OCR (0.01 MB) | fname=0001_1700000454_2025_01.PDF
[2026-02-10 09:59:55] [INFO    ] [Worker-0] Worker-0 OCR completed in 6.13s | fname=0001_1700000451_2025_01.PDF
[2026-02-10 09:59:55] [INFO    ] [Worker-0] Worker-0 extracted 15 lines from 1 page(s) | fname=0001_1700000451_2025_01.PDF
[2026-02-10 09:59:55] [INFO    ] [Worker-0] Worker-0 output written to ./ocr_output/0001_1700000451_2025_01.PDF.txt (0.0002s) | fname=0001_1700000451_2025_01.PDF
[2026-02-10 09:59:55] [INFO    ] [Worker-0] Worker-0 completed (OCR=6.13s, total=6.13s) | fname=0001_1700000451_2025_01.PDF
[2026-02-10 09:59:55] [DEBUG   ] [Worker-0] Worker-0 waiting for next task from queue | fname=QUEUE_WAIT
[2026-02-10 09:59:55] [INFO    ] [Worker-0] Worker-0 picked up task | fname=0001_1700000455_2025_01.PDF
[2026-02-10 09:59:55] [INFO    ] [Worker-0] Worker-0 starting OCR (0.25 MB) | fname=0001_1700000455_2025_01.PDF
[2026-02-10 10:00:00] [INFO    ] [Worker-2] Worker-2 OCR completed in 8.24s | fname=0001_1700000454_2025_01.PDF
[2026-02-10 10:00:00] [INFO    ] [Worker-2] Worker-2 extracted 15 lines from 1 page(s) | fname=0001_1700000454_2025_01.PDF
[2026-02-10 10:00:00] [INFO    ] [Worker-2] Worker-2 output written to ./ocr_output/0001_1700000454_2025_01.PDF.txt (0.0001s) | fname=0001_1700000454_2025_01.PDF
[2026-02-10 10:00:00] [INFO    ] [Worker-2] Worker-2 completed (OCR=8.24s, total=8.24s) | fname=0001_1700000454_2025_01.PDF
[2026-02-10 10:00:00] [DEBUG   ] [Worker-2] Worker-2 waiting for next task from queue | fname=QUEUE_WAIT
[2026-02-10 10:00:00] [INFO    ] [Worker-2] Worker-2 picked up task | fname=0002_1700000096_2025_01.PDF
[2026-02-10 10:00:00] [INFO    ] [Worker-2] Worker-2 starting OCR (0.24 MB) | fname=0002_1700000096_2025_01.PDF
[2026-02-10 10:00:00] [DEBUG   ] [MainProcess] All sentinels sent | fname=SHUTDOWN
[2026-02-10 10:00:00] [INFO    ] [MainProcess] Waiting for workers to finish... | fname=SHUTDOWN
[2026-02-10 10:00:06] [INFO    ] [Worker-1] Worker-1 OCR completed in 29.85s | fname=0001_1700000448_2025_01.PDF
[2026-02-10 10:00:06] [INFO    ] [Worker-1] Worker-1 extracted 45 lines from 3 page(s) | fname=0001_1700000448_2025_01.PDF
[2026-02-10 10:00:06] [INFO    ] [Worker-1] Worker-1 output written to ./ocr_output/0001_1700000448_2025_01.PDF.txt (0.0002s) | fname=0001_1700000448_2025_01.PDF
[2026-02-10 10:00:06] [INFO    ] [Worker-1] Worker-1 completed (OCR=29.85s, total=29.85s) | fname=0001_1700000448_2025_01.PDF
[2026-02-10 10:00:06] [DEBUG   ] [Worker-1] Worker-1 waiting for next task from queue | fname=QUEUE_WAIT
[2026-02-10 10:00:06] [INFO    ] [Worker-1] Worker-1 picked up task | fname=0038_1700000012_2025_01.PDF
[2026-02-10 10:00:06] [INFO    ] [Worker-1] Worker-1 starting OCR (0.17 MB) | fname=0038_1700000012_2025_01.PDF
[2026-02-10 10:00:08] [INFO    ] [Worker-2] Worker-2 OCR completed in 8.65s | fname=0002_1700000096_2025_01.PDF
[2026-02-10 10:00:08] [INFO    ] [Worker-2] Worker-2 extracted 15 lines from 1 page(s) | fname=0002_1700000096_2025_01.PDF
[2026-02-10 10:00:08] [INFO    ] [Worker-2] Worker-2 output written to ./ocr_output/0002_1700000096_2025_01.PDF.txt (0.0001s) | fname=0002_1700000096_2025_01.PDF
[2026-02-10 10:00:08] [INFO    ] [Worker-2] Worker-2 completed (OCR=8.65s, total=8.66s) | fname=0002_1700000096_2025_01.PDF
[2026-02-10 10:00:08] [DEBUG   ] [Worker-2] Worker-2 waiting for next task from queue | fname=QUEUE_WAIT
[2026-02-10 10:00:08] [INFO    ] [Worker-2] Worker-2 received sentinel. Shutting down. | fname=SENTINEL
[2026-02-10 10:00:08] [INFO    ] [Worker-2] Worker-2 summary — processed=3, failed=0, total_ocr_time=33.13s, avg_ocr_per_file=11.04s, model_init_time=7.27s | fname=SUMMARY
[2026-02-10 10:00:08] [INFO    ] [Worker-2] Worker-2 exiting | fname=SHUTDOWN
[2026-02-10 10:00:16] [INFO    ] [Worker-0] Worker-0 OCR completed in 20.43s | fname=0001_1700000455_2025_01.PDF
[2026-02-10 10:00:16] [INFO    ] [Worker-0] Worker-0 extracted 30 lines from 2 page(s) | fname=0001_1700000455_2025_01.PDF
[2026-02-10 10:00:16] [INFO    ] [Worker-0] Worker-0 output written to ./ocr_output/0001_1700000455_2025_01.PDF.txt (0.0002s) | fname=0001_1700000455_2025_01.PDF
[2026-02-10 10:00:16] [INFO    ] [Worker-0] Worker-0 completed (OCR=20.43s, total=20.44s) | fname=0001_1700000455_2025_01.PDF
[2026-02-10 10:00:16] [DEBUG   ] [Worker-0] Worker-0 waiting for next task from queue | fname=QUEUE_WAIT
[2026-02-10 10:00:16] [INFO    ] [Worker-0] Worker-0 received sentinel. Shutting down. | fname=SENTINEL
[2026-02-10 10:00:16] [INFO    ] [Worker-0] Worker-0 summary — processed=3, failed=0, total_ocr_time=40.56s, avg_ocr_per_file=13.52s, model_init_time=7.20s | fname=SUMMARY
[2026-02-10 10:00:16] [INFO    ] [Worker-0] Worker-0 exiting | fname=SHUTDOWN
[2026-02-10 10:00:16] [INFO    ] [MainProcess] Worker Worker-0 (PID=53428) joined — OK | fname=SHUTDOWN
[2026-02-10 10:00:16] [INFO    ] [Worker-1] Worker-1 OCR completed in 10.10s | fname=0038_1700000012_2025_01.PDF
[2026-02-10 10:00:16] [INFO    ] [Worker-1] Worker-1 extracted 15 lines from 1 page(s) | fname=0038_1700000012_2025_01.PDF
[2026-02-10 10:00:16] [INFO    ] [Worker-1] Worker-1 output written to ./ocr_output/0038_1700000012_2025_01.PDF.txt (0.0001s) | fname=0038_1700000012_2025_01.PDF
[2026-02-10 10:00:16] [INFO    ] [Worker-1] Worker-1 completed (OCR=10.10s, total=10.10s) | fname=0038_1700000012_2025_01.PDF
[2026-02-10 10:00:16] [DEBUG   ] [Worker-1] Worker-1 waiting for next task from queue | fname=QUEUE_WAIT
[2026-02-10 10:00:16] [INFO    ] [Worker-1] Worker-1 received sentinel. Shutting down. | fname=SENTINEL
[2026-02-10 10:00:16] [INFO    ] [Worker-1] Worker-1 summary — processed=2, failed=0, total_ocr_time=39.94s, avg_ocr_per_file=19.97s, model_init_time=8.47s | fname=SUMMARY
[2026-02-10 10:00:16] [INFO    ] [Worker-1] Worker-1 exiting | fname=SHUTDOWN
[2026-02-10 10:00:17] [INFO    ] [MainProcess] Worker Worker-1 (PID=53429) joined — OK | fname=SHUTDOWN
[2026-02-10 10:00:17] [INFO    ] [MainProcess] Worker Worker-2 (PID=53430) joined — OK | fname=SHUTDOWN
[2026-02-10 10:00:23] [INFO    ] [Worker-3] Worker-3 OCR completed in 35.65s | fname=0001_1700000449_2025_01.PDF
[2026-02-10 10:00:23] [INFO    ] [Worker-3] Worker-3 extracted 75 lines from 5 page(s) | fname=0001_1700000449_2025_01.PDF
[2026-02-10 10:00:23] [INFO    ] [Worker-3] Worker-3 output written to ./ocr_output/0001_1700000449_2025_01.PDF.txt (0.0001s) | fname=0001_1700000449_2025_01.PDF
[2026-02-10 10:00:23] [INFO    ] [Worker-3] Worker-3 completed (OCR=35.65s, total=35.65s) | fname=0001_1700000449_2025_01.PDF
[2026-02-10 10:00:23] [DEBUG   ] [Worker-3] Worker-3 waiting for next task from queue | fname=QUEUE_WAIT
[2026-02-10 10:00:23] [INFO    ] [Worker-3] Worker-3 received sentinel. Shutting down. | fname=SENTINEL
[2026-02-10 10:00:23] [INFO    ] [Worker-3] Worker-3 summary — processed=2, failed=0, total_ocr_time=47.69s, avg_ocr_per_file=23.84s, model_init_time=7.03s | fname=SUMMARY
[2026-02-10 10:00:23] [INFO    ] [Worker-3] Worker-3 exiting | fname=SHUTDOWN
[2026-02-10 10:00:23] [INFO    ] [MainProcess] Worker Worker-3 (PID=53431) joined — OK | fname=SHUTDOWN
[2026-02-10 10:00:23] [INFO    ] [MainProcess] ========== OCR Pipeline Complete ========== | fname=DONE
[2026-02-10 10:00:23] [INFO    ] [MainProcess] Total files processed : 10 | fname=DONE
[2026-02-10 10:00:23] [INFO    ] [MainProcess] Total wall-clock time : 55.19s | fname=DONE
[2026-02-10 10:00:23] [INFO    ] [MainProcess] Average time per file : 5.52s | fname=DONE
[2026-02-10 10:00:23] [INFO    ] [MainProcess] Log saved to          : ./logs/ocr_run_20260210_095928.log | fname=DONE
