[2026-02-09 14:45:46] [INFO    ] [MainProcess] Log file created: ./logs/ocr_run_20260209_144546.log | fname=INIT
[2026-02-09 14:45:46] [INFO    ] [MainProcess] ========== OCR Pipeline Starting ========== | fname=INIT
[2026-02-09 14:45:46] [INFO    ] [MainProcess] Input directory : /home/whirldata/cpu_multi_paddle_try/attachments | fname=INIT
[2026-02-09 14:45:46] [INFO    ] [MainProcess] Output directory: /home/whirldata/cpu_multi_paddle_try/ocr_output | fname=INIT
[2026-02-09 14:45:46] [INFO    ] [MainProcess] Num workers     : 2 | fname=INIT
[2026-02-09 14:45:46] [INFO    ] [MainProcess] Queue size      : 5 | fname=INIT
[2026-02-09 14:45:46] [INFO    ] [MainProcess] Supported exts  : {'.tiff', '.jpeg', '.webp', '.jpg', '.bmp', '.png', '.tif', '.pdf'} | fname=INIT
[2026-02-09 14:45:46] [INFO    ] [MainProcess] Total entries found in input directory: 20 | fname=SCAN
[2026-02-09 14:45:46] [DEBUG   ] [MainProcess] All entries: ['0001_1700000449_2025_01.PDF', '0001_1700000356_2025_01.PDF', '0001_1700000446_2025_01.PDF', '0001_1700000354_2025_02.PDF', '0001_1700000451_2025_01.PDF', '0001_1700000448_2025_01.PDF', '0002_1700000096_2025_01.PDF', '0001_1700000455_2025_01.PDF', '0001_1700000452_2025_01.PDF', '0001_1700000356_2025_02.PDF', '0001_1700000447_2025_01.PDF', '0001_1700000454_2025_01.PDF', '0001_1700000163_2025_01.PDF', '0002_1700000000_2025_01.PDF', '0001_1700000450_2025_01.PDF', '0038_1700000012_2025_01.PDF', '0001_1700000354_2025_03.PDF', '0002_1700000095_2025_01.PDF', '0002_1700000097_2025_01.PDF', '0001_1700000445_2025_01.PDF'] | fname=SCAN
[2026-02-09 14:45:46] [DEBUG   ] [MainProcess] Queuing file: 0001_1700000163_2025_01.PDF (0.02 MB) | fname=0001_1700000163_2025_01.PDF
[2026-02-09 14:45:46] [DEBUG   ] [MainProcess] Queuing file: 0001_1700000354_2025_02.PDF (0.02 MB) | fname=0001_1700000354_2025_02.PDF
[2026-02-09 14:45:46] [DEBUG   ] [MainProcess] Queuing file: 0001_1700000354_2025_03.PDF (0.30 MB) | fname=0001_1700000354_2025_03.PDF
[2026-02-09 14:45:46] [DEBUG   ] [MainProcess] Queuing file: 0001_1700000356_2025_01.PDF (0.30 MB) | fname=0001_1700000356_2025_01.PDF
[2026-02-09 14:45:46] [DEBUG   ] [MainProcess] Queuing file: 0001_1700000356_2025_02.PDF (0.02 MB) | fname=0001_1700000356_2025_02.PDF
[2026-02-09 14:45:46] [DEBUG   ] [MainProcess] Queuing file: 0001_1700000445_2025_01.PDF (0.02 MB) | fname=0001_1700000445_2025_01.PDF
[2026-02-09 14:45:46] [DEBUG   ] [MainProcess] Queuing file: 0001_1700000446_2025_01.PDF (0.25 MB) | fname=0001_1700000446_2025_01.PDF
[2026-02-09 14:45:46] [DEBUG   ] [MainProcess] Queuing file: 0001_1700000447_2025_01.PDF (0.08 MB) | fname=0001_1700000447_2025_01.PDF
[2026-02-09 14:45:46] [DEBUG   ] [MainProcess] Queuing file: 0001_1700000448_2025_01.PDF (0.76 MB) | fname=0001_1700000448_2025_01.PDF
[2026-02-09 14:45:46] [DEBUG   ] [MainProcess] Queuing file: 0001_1700000449_2025_01.PDF (0.28 MB) | fname=0001_1700000449_2025_01.PDF
[2026-02-09 14:45:46] [DEBUG   ] [MainProcess] Queuing file: 0001_1700000450_2025_01.PDF (0.28 MB) | fname=0001_1700000450_2025_01.PDF
[2026-02-09 14:45:46] [DEBUG   ] [MainProcess] Queuing file: 0001_1700000451_2025_01.PDF (0.01 MB) | fname=0001_1700000451_2025_01.PDF
[2026-02-09 14:45:46] [DEBUG   ] [MainProcess] Queuing file: 0001_1700000452_2025_01.PDF (0.01 MB) | fname=0001_1700000452_2025_01.PDF
[2026-02-09 14:45:46] [DEBUG   ] [MainProcess] Queuing file: 0001_1700000454_2025_01.PDF (0.01 MB) | fname=0001_1700000454_2025_01.PDF
[2026-02-09 14:45:46] [DEBUG   ] [MainProcess] Queuing file: 0001_1700000455_2025_01.PDF (0.25 MB) | fname=0001_1700000455_2025_01.PDF
[2026-02-09 14:45:46] [DEBUG   ] [MainProcess] Queuing file: 0002_1700000000_2025_01.PDF (0.04 MB) | fname=0002_1700000000_2025_01.PDF
[2026-02-09 14:45:46] [DEBUG   ] [MainProcess] Queuing file: 0002_1700000095_2025_01.PDF (0.22 MB) | fname=0002_1700000095_2025_01.PDF
[2026-02-09 14:45:46] [DEBUG   ] [MainProcess] Queuing file: 0002_1700000096_2025_01.PDF (0.24 MB) | fname=0002_1700000096_2025_01.PDF
[2026-02-09 14:45:46] [DEBUG   ] [MainProcess] Queuing file: 0002_1700000097_2025_01.PDF (7.38 MB) | fname=0002_1700000097_2025_01.PDF
[2026-02-09 14:45:46] [DEBUG   ] [MainProcess] Queuing file: 0038_1700000012_2025_01.PDF (0.17 MB) | fname=0038_1700000012_2025_01.PDF
[2026-02-09 14:45:46] [INFO    ] [MainProcess] Files to process: 20, Skipped: 0 | fname=SCAN
[2026-02-09 14:45:46] [INFO    ] [MainProcess] Multiprocessing start method set to 'spawn' | fname=INIT
[2026-02-09 14:45:46] [DEBUG   ] [MainProcess] Task queue created with maxsize=5 | fname=INIT
[2026-02-09 14:45:46] [INFO    ] [MainProcess] Spawning 2 worker processes... | fname=INIT
[2026-02-09 14:45:46] [INFO    ] [MainProcess] Worker-0 started (PID=14890) | fname=INIT
[2026-02-09 14:45:46] [INFO    ] [MainProcess] Worker-1 started (PID=14891) | fname=INIT
[2026-02-09 14:45:46] [INFO    ] [MainProcess] Enqueuing 20 file(s)... | fname=ENQUEUE
[2026-02-09 14:45:46] [DEBUG   ] [MainProcess] Putting file 1/20 into queue | fname=0001_1700000163_2025_01.PDF
[2026-02-09 14:45:46] [DEBUG   ] [MainProcess] File enqueued successfully (1/20) | fname=0001_1700000163_2025_01.PDF
[2026-02-09 14:45:46] [DEBUG   ] [MainProcess] Putting file 2/20 into queue | fname=0001_1700000354_2025_02.PDF
[2026-02-09 14:45:46] [DEBUG   ] [MainProcess] File enqueued successfully (2/20) | fname=0001_1700000354_2025_02.PDF
[2026-02-09 14:45:46] [DEBUG   ] [MainProcess] Putting file 3/20 into queue | fname=0001_1700000354_2025_03.PDF
[2026-02-09 14:45:46] [DEBUG   ] [MainProcess] File enqueued successfully (3/20) | fname=0001_1700000354_2025_03.PDF
[2026-02-09 14:45:46] [DEBUG   ] [MainProcess] Putting file 4/20 into queue | fname=0001_1700000356_2025_01.PDF
[2026-02-09 14:45:46] [DEBUG   ] [MainProcess] File enqueued successfully (4/20) | fname=0001_1700000356_2025_01.PDF
[2026-02-09 14:45:46] [DEBUG   ] [MainProcess] Putting file 5/20 into queue | fname=0001_1700000356_2025_02.PDF
[2026-02-09 14:45:46] [DEBUG   ] [MainProcess] File enqueued successfully (5/20) | fname=0001_1700000356_2025_02.PDF
[2026-02-09 14:45:46] [DEBUG   ] [MainProcess] Putting file 6/20 into queue | fname=0001_1700000445_2025_01.PDF
[2026-02-09 14:45:46] [INFO    ] [Worker-0] Worker-0 process started (PID=14890) | fname=INIT
[2026-02-09 14:45:46] [INFO    ] [Worker-0] Thread env — OMP=10, MKL=10, NUMEXPR=10 | fname=INIT
[2026-02-09 14:45:46] [INFO    ] [Worker-0] Worker-0 initializing PaddleOCR model... | fname=INIT
[2026-02-09 14:45:46] [INFO    ] [Worker-1] Worker-1 process started (PID=14891) | fname=INIT
[2026-02-09 14:45:46] [INFO    ] [Worker-1] Thread env — OMP=10, MKL=10, NUMEXPR=10 | fname=INIT
[2026-02-09 14:45:46] [INFO    ] [Worker-1] Worker-1 initializing PaddleOCR model... | fname=INIT
[2026-02-09 14:45:52] [INFO    ] [Worker-0] Worker-0 PaddleOCR model initialized in 6.52s | fname=INIT
[2026-02-09 14:45:52] [INFO    ] [Worker-0] Worker-0 entering processing loop | fname=INIT
[2026-02-09 14:45:52] [DEBUG   ] [Worker-0] Worker-0 waiting for next task from queue | fname=QUEUE_WAIT
[2026-02-09 14:45:52] [INFO    ] [Worker-0] Worker-0 picked up task | fname=0001_1700000163_2025_01.PDF
[2026-02-09 14:45:52] [INFO    ] [Worker-0] Worker-0 starting OCR (0.02 MB) | fname=0001_1700000163_2025_01.PDF
[2026-02-09 14:45:52] [DEBUG   ] [MainProcess] File enqueued successfully (6/20) | fname=0001_1700000445_2025_01.PDF
[2026-02-09 14:45:52] [DEBUG   ] [MainProcess] Putting file 7/20 into queue | fname=0001_1700000446_2025_01.PDF
[2026-02-09 14:45:53] [INFO    ] [Worker-1] Worker-1 PaddleOCR model initialized in 7.15s | fname=INIT
[2026-02-09 14:45:53] [INFO    ] [Worker-1] Worker-1 entering processing loop | fname=INIT
[2026-02-09 14:45:53] [DEBUG   ] [Worker-1] Worker-1 waiting for next task from queue | fname=QUEUE_WAIT
[2026-02-09 14:45:53] [INFO    ] [Worker-1] Worker-1 picked up task | fname=0001_1700000354_2025_02.PDF
[2026-02-09 14:45:53] [INFO    ] [Worker-1] Worker-1 starting OCR (0.02 MB) | fname=0001_1700000354_2025_02.PDF
[2026-02-09 14:45:53] [DEBUG   ] [MainProcess] File enqueued successfully (7/20) | fname=0001_1700000446_2025_01.PDF
[2026-02-09 14:45:53] [DEBUG   ] [MainProcess] Putting file 8/20 into queue | fname=0001_1700000447_2025_01.PDF
[2026-02-09 14:46:03] [INFO    ] [Worker-0] Worker-0 OCR completed in 11.29s | fname=0001_1700000163_2025_01.PDF
[2026-02-09 14:46:03] [INFO    ] [Worker-0] Worker-0 extracted 30 lines from 2 page(s) | fname=0001_1700000163_2025_01.PDF
[2026-02-09 14:46:03] [INFO    ] [Worker-0] Worker-0 output written to ./ocr_output/0001_1700000163_2025_01.PDF.txt (0.0003s) | fname=0001_1700000163_2025_01.PDF
[2026-02-09 14:46:03] [INFO    ] [Worker-0] Worker-0 completed (OCR=11.29s, total=11.29s) | fname=0001_1700000163_2025_01.PDF
[2026-02-09 14:46:03] [DEBUG   ] [Worker-0] Worker-0 waiting for next task from queue | fname=QUEUE_WAIT
[2026-02-09 14:46:03] [INFO    ] [Worker-0] Worker-0 picked up task | fname=0001_1700000354_2025_03.PDF
[2026-02-09 14:46:03] [INFO    ] [Worker-0] Worker-0 starting OCR (0.30 MB) | fname=0001_1700000354_2025_03.PDF
[2026-02-09 14:46:03] [DEBUG   ] [MainProcess] File enqueued successfully (8/20) | fname=0001_1700000447_2025_01.PDF
[2026-02-09 14:46:03] [DEBUG   ] [MainProcess] Putting file 9/20 into queue | fname=0001_1700000448_2025_01.PDF
[2026-02-09 14:46:04] [INFO    ] [Worker-1] Worker-1 OCR completed in 11.71s | fname=0001_1700000354_2025_02.PDF
[2026-02-09 14:46:04] [INFO    ] [Worker-1] Worker-1 extracted 30 lines from 2 page(s) | fname=0001_1700000354_2025_02.PDF
[2026-02-09 14:46:04] [INFO    ] [Worker-1] Worker-1 output written to ./ocr_output/0001_1700000354_2025_02.PDF.txt (0.0001s) | fname=0001_1700000354_2025_02.PDF
[2026-02-09 14:46:04] [INFO    ] [Worker-1] Worker-1 completed (OCR=11.71s, total=11.71s) | fname=0001_1700000354_2025_02.PDF
[2026-02-09 14:46:04] [DEBUG   ] [Worker-1] Worker-1 waiting for next task from queue | fname=QUEUE_WAIT
[2026-02-09 14:46:04] [INFO    ] [Worker-1] Worker-1 picked up task | fname=0001_1700000356_2025_01.PDF
[2026-02-09 14:46:04] [INFO    ] [Worker-1] Worker-1 starting OCR (0.30 MB) | fname=0001_1700000356_2025_01.PDF
[2026-02-09 14:46:04] [DEBUG   ] [MainProcess] File enqueued successfully (9/20) | fname=0001_1700000448_2025_01.PDF
[2026-02-09 14:46:04] [DEBUG   ] [MainProcess] Putting file 10/20 into queue | fname=0001_1700000449_2025_01.PDF
[2026-02-09 14:46:08] [INFO    ] [Worker-0] Worker-0 OCR completed in 4.37s | fname=0001_1700000354_2025_03.PDF
[2026-02-09 14:46:08] [INFO    ] [Worker-0] Worker-0 extracted 15 lines from 1 page(s) | fname=0001_1700000354_2025_03.PDF
[2026-02-09 14:46:08] [INFO    ] [Worker-0] Worker-0 output written to ./ocr_output/0001_1700000354_2025_03.PDF.txt (0.0001s) | fname=0001_1700000354_2025_03.PDF
[2026-02-09 14:46:08] [INFO    ] [Worker-0] Worker-0 completed (OCR=4.37s, total=4.37s) | fname=0001_1700000354_2025_03.PDF
[2026-02-09 14:46:08] [DEBUG   ] [Worker-0] Worker-0 waiting for next task from queue | fname=QUEUE_WAIT
[2026-02-09 14:46:08] [INFO    ] [Worker-0] Worker-0 picked up task | fname=0001_1700000356_2025_02.PDF
[2026-02-09 14:46:08] [INFO    ] [Worker-0] Worker-0 starting OCR (0.02 MB) | fname=0001_1700000356_2025_02.PDF
[2026-02-09 14:46:08] [DEBUG   ] [MainProcess] File enqueued successfully (10/20) | fname=0001_1700000449_2025_01.PDF
[2026-02-09 14:46:08] [DEBUG   ] [MainProcess] Putting file 11/20 into queue | fname=0001_1700000450_2025_01.PDF
[2026-02-09 14:46:09] [INFO    ] [Worker-1] Worker-1 OCR completed in 4.41s | fname=0001_1700000356_2025_01.PDF
[2026-02-09 14:46:09] [INFO    ] [Worker-1] Worker-1 extracted 15 lines from 1 page(s) | fname=0001_1700000356_2025_01.PDF
[2026-02-09 14:46:09] [INFO    ] [Worker-1] Worker-1 output written to ./ocr_output/0001_1700000356_2025_01.PDF.txt (0.0002s) | fname=0001_1700000356_2025_01.PDF
[2026-02-09 14:46:09] [INFO    ] [Worker-1] Worker-1 completed (OCR=4.41s, total=4.41s) | fname=0001_1700000356_2025_01.PDF
[2026-02-09 14:46:09] [DEBUG   ] [Worker-1] Worker-1 waiting for next task from queue | fname=QUEUE_WAIT
[2026-02-09 14:46:09] [INFO    ] [Worker-1] Worker-1 picked up task | fname=0001_1700000445_2025_01.PDF
[2026-02-09 14:46:09] [INFO    ] [Worker-1] Worker-1 starting OCR (0.02 MB) | fname=0001_1700000445_2025_01.PDF
[2026-02-09 14:46:09] [DEBUG   ] [MainProcess] File enqueued successfully (11/20) | fname=0001_1700000450_2025_01.PDF
[2026-02-09 14:46:09] [DEBUG   ] [MainProcess] Putting file 12/20 into queue | fname=0001_1700000451_2025_01.PDF
[2026-02-09 14:46:16] [INFO    ] [Worker-1] Worker-1 OCR completed in 7.16s | fname=0001_1700000445_2025_01.PDF
[2026-02-09 14:46:16] [INFO    ] [Worker-1] Worker-1 extracted 30 lines from 2 page(s) | fname=0001_1700000445_2025_01.PDF
[2026-02-09 14:46:16] [INFO    ] [Worker-1] Worker-1 output written to ./ocr_output/0001_1700000445_2025_01.PDF.txt (0.0001s) | fname=0001_1700000445_2025_01.PDF
[2026-02-09 14:46:16] [INFO    ] [Worker-1] Worker-1 completed (OCR=7.16s, total=7.16s) | fname=0001_1700000445_2025_01.PDF
[2026-02-09 14:46:16] [DEBUG   ] [Worker-1] Worker-1 waiting for next task from queue | fname=QUEUE_WAIT
[2026-02-09 14:46:16] [INFO    ] [Worker-1] Worker-1 picked up task | fname=0001_1700000446_2025_01.PDF
[2026-02-09 14:46:16] [INFO    ] [Worker-1] Worker-1 starting OCR (0.25 MB) | fname=0001_1700000446_2025_01.PDF
[2026-02-09 14:46:16] [DEBUG   ] [MainProcess] File enqueued successfully (12/20) | fname=0001_1700000451_2025_01.PDF
[2026-02-09 14:46:16] [DEBUG   ] [MainProcess] Putting file 13/20 into queue | fname=0001_1700000452_2025_01.PDF
[2026-02-09 14:46:17] [INFO    ] [Worker-0] Worker-0 OCR completed in 8.84s | fname=0001_1700000356_2025_02.PDF
[2026-02-09 14:46:17] [INFO    ] [Worker-0] Worker-0 extracted 30 lines from 2 page(s) | fname=0001_1700000356_2025_02.PDF
[2026-02-09 14:46:17] [INFO    ] [Worker-0] Worker-0 output written to ./ocr_output/0001_1700000356_2025_02.PDF.txt (0.0001s) | fname=0001_1700000356_2025_02.PDF
[2026-02-09 14:46:17] [INFO    ] [Worker-0] Worker-0 completed (OCR=8.84s, total=8.84s) | fname=0001_1700000356_2025_02.PDF
[2026-02-09 14:46:17] [DEBUG   ] [Worker-0] Worker-0 waiting for next task from queue | fname=QUEUE_WAIT
[2026-02-09 14:46:17] [INFO    ] [Worker-0] Worker-0 picked up task | fname=0001_1700000447_2025_01.PDF
[2026-02-09 14:46:17] [INFO    ] [Worker-0] Worker-0 starting OCR (0.08 MB) | fname=0001_1700000447_2025_01.PDF
[2026-02-09 14:46:17] [DEBUG   ] [MainProcess] File enqueued successfully (13/20) | fname=0001_1700000452_2025_01.PDF
[2026-02-09 14:46:17] [DEBUG   ] [MainProcess] Putting file 14/20 into queue | fname=0001_1700000454_2025_01.PDF
[2026-02-09 14:46:21] [INFO    ] [Worker-0] Worker-0 OCR completed in 4.87s | fname=0001_1700000447_2025_01.PDF
[2026-02-09 14:46:21] [INFO    ] [Worker-0] Worker-0 extracted 15 lines from 1 page(s) | fname=0001_1700000447_2025_01.PDF
[2026-02-09 14:46:21] [INFO    ] [Worker-0] Worker-0 output written to ./ocr_output/0001_1700000447_2025_01.PDF.txt (0.0003s) | fname=0001_1700000447_2025_01.PDF
[2026-02-09 14:46:21] [INFO    ] [Worker-0] Worker-0 completed (OCR=4.87s, total=4.87s) | fname=0001_1700000447_2025_01.PDF
[2026-02-09 14:46:21] [DEBUG   ] [Worker-0] Worker-0 waiting for next task from queue | fname=QUEUE_WAIT
[2026-02-09 14:46:21] [INFO    ] [Worker-0] Worker-0 picked up task | fname=0001_1700000448_2025_01.PDF
[2026-02-09 14:46:21] [DEBUG   ] [MainProcess] File enqueued successfully (14/20) | fname=0001_1700000454_2025_01.PDF
[2026-02-09 14:46:21] [INFO    ] [Worker-0] Worker-0 starting OCR (0.76 MB) | fname=0001_1700000448_2025_01.PDF
[2026-02-09 14:46:21] [DEBUG   ] [MainProcess] Putting file 15/20 into queue | fname=0001_1700000455_2025_01.PDF
[2026-02-09 14:46:27] [INFO    ] [Worker-1] Worker-1 OCR completed in 10.63s | fname=0001_1700000446_2025_01.PDF
[2026-02-09 14:46:27] [INFO    ] [Worker-1] Worker-1 extracted 30 lines from 2 page(s) | fname=0001_1700000446_2025_01.PDF
[2026-02-09 14:46:27] [INFO    ] [Worker-1] Worker-1 output written to ./ocr_output/0001_1700000446_2025_01.PDF.txt (0.0001s) | fname=0001_1700000446_2025_01.PDF
[2026-02-09 14:46:27] [INFO    ] [Worker-1] Worker-1 completed (OCR=10.63s, total=10.63s) | fname=0001_1700000446_2025_01.PDF
[2026-02-09 14:46:27] [DEBUG   ] [Worker-1] Worker-1 waiting for next task from queue | fname=QUEUE_WAIT
[2026-02-09 14:46:27] [INFO    ] [Worker-1] Worker-1 picked up task | fname=0001_1700000449_2025_01.PDF
[2026-02-09 14:46:27] [INFO    ] [Worker-1] Worker-1 starting OCR (0.28 MB) | fname=0001_1700000449_2025_01.PDF
[2026-02-09 14:46:27] [DEBUG   ] [MainProcess] File enqueued successfully (15/20) | fname=0001_1700000455_2025_01.PDF
[2026-02-09 14:46:27] [DEBUG   ] [MainProcess] Putting file 16/20 into queue | fname=0002_1700000000_2025_01.PDF
[2026-02-09 14:46:43] [INFO    ] [Worker-0] Worker-0 OCR completed in 21.92s | fname=0001_1700000448_2025_01.PDF
[2026-02-09 14:46:43] [INFO    ] [Worker-0] Worker-0 extracted 45 lines from 3 page(s) | fname=0001_1700000448_2025_01.PDF
[2026-02-09 14:46:43] [INFO    ] [Worker-0] Worker-0 output written to ./ocr_output/0001_1700000448_2025_01.PDF.txt (0.0001s) | fname=0001_1700000448_2025_01.PDF
[2026-02-09 14:46:43] [INFO    ] [Worker-0] Worker-0 completed (OCR=21.92s, total=21.92s) | fname=0001_1700000448_2025_01.PDF
[2026-02-09 14:46:43] [DEBUG   ] [Worker-0] Worker-0 waiting for next task from queue | fname=QUEUE_WAIT
[2026-02-09 14:46:43] [INFO    ] [Worker-0] Worker-0 picked up task | fname=0001_1700000450_2025_01.PDF
[2026-02-09 14:46:43] [INFO    ] [Worker-0] Worker-0 starting OCR (0.28 MB) | fname=0001_1700000450_2025_01.PDF
[2026-02-09 14:46:43] [DEBUG   ] [MainProcess] File enqueued successfully (16/20) | fname=0002_1700000000_2025_01.PDF
[2026-02-09 14:46:43] [DEBUG   ] [MainProcess] Putting file 17/20 into queue | fname=0002_1700000095_2025_01.PDF
[2026-02-09 14:46:55] [INFO    ] [Worker-1] Worker-1 OCR completed in 28.80s | fname=0001_1700000449_2025_01.PDF
[2026-02-09 14:46:55] [INFO    ] [Worker-1] Worker-1 extracted 75 lines from 5 page(s) | fname=0001_1700000449_2025_01.PDF
[2026-02-09 14:46:55] [INFO    ] [Worker-1] Worker-1 output written to ./ocr_output/0001_1700000449_2025_01.PDF.txt (0.0002s) | fname=0001_1700000449_2025_01.PDF
[2026-02-09 14:46:55] [INFO    ] [Worker-1] Worker-1 completed (OCR=28.80s, total=28.80s) | fname=0001_1700000449_2025_01.PDF
[2026-02-09 14:46:55] [DEBUG   ] [Worker-1] Worker-1 waiting for next task from queue | fname=QUEUE_WAIT
[2026-02-09 14:46:55] [INFO    ] [Worker-1] Worker-1 picked up task | fname=0001_1700000451_2025_01.PDF
[2026-02-09 14:46:55] [DEBUG   ] [MainProcess] File enqueued successfully (17/20) | fname=0002_1700000095_2025_01.PDF
[2026-02-09 14:46:55] [INFO    ] [Worker-1] Worker-1 starting OCR (0.01 MB) | fname=0001_1700000451_2025_01.PDF
[2026-02-09 14:46:55] [DEBUG   ] [MainProcess] Putting file 18/20 into queue | fname=0002_1700000096_2025_01.PDF
[2026-02-09 14:47:00] [INFO    ] [Worker-1] Worker-1 OCR completed in 4.52s | fname=0001_1700000451_2025_01.PDF
[2026-02-09 14:47:00] [INFO    ] [Worker-1] Worker-1 extracted 15 lines from 1 page(s) | fname=0001_1700000451_2025_01.PDF
[2026-02-09 14:47:00] [INFO    ] [Worker-1] Worker-1 output written to ./ocr_output/0001_1700000451_2025_01.PDF.txt (0.0002s) | fname=0001_1700000451_2025_01.PDF
[2026-02-09 14:47:00] [INFO    ] [Worker-1] Worker-1 completed (OCR=4.52s, total=4.52s) | fname=0001_1700000451_2025_01.PDF
[2026-02-09 14:47:00] [DEBUG   ] [Worker-1] Worker-1 waiting for next task from queue | fname=QUEUE_WAIT
[2026-02-09 14:47:00] [INFO    ] [Worker-1] Worker-1 picked up task | fname=0001_1700000452_2025_01.PDF
[2026-02-09 14:47:00] [INFO    ] [Worker-1] Worker-1 starting OCR (0.01 MB) | fname=0001_1700000452_2025_01.PDF
[2026-02-09 14:47:00] [DEBUG   ] [MainProcess] File enqueued successfully (18/20) | fname=0002_1700000096_2025_01.PDF
[2026-02-09 14:47:00] [DEBUG   ] [MainProcess] Putting file 19/20 into queue | fname=0002_1700000097_2025_01.PDF
[2026-02-09 14:47:06] [INFO    ] [Worker-1] Worker-1 OCR completed in 5.68s | fname=0001_1700000452_2025_01.PDF
[2026-02-09 14:47:06] [INFO    ] [Worker-1] Worker-1 extracted 15 lines from 1 page(s) | fname=0001_1700000452_2025_01.PDF
[2026-02-09 14:47:06] [INFO    ] [Worker-1] Worker-1 output written to ./ocr_output/0001_1700000452_2025_01.PDF.txt (0.0001s) | fname=0001_1700000452_2025_01.PDF
[2026-02-09 14:47:06] [INFO    ] [Worker-1] Worker-1 completed (OCR=5.68s, total=5.68s) | fname=0001_1700000452_2025_01.PDF
[2026-02-09 14:47:06] [DEBUG   ] [Worker-1] Worker-1 waiting for next task from queue | fname=QUEUE_WAIT
[2026-02-09 14:47:06] [INFO    ] [Worker-1] Worker-1 picked up task | fname=0001_1700000454_2025_01.PDF
[2026-02-09 14:47:06] [INFO    ] [Worker-1] Worker-1 starting OCR (0.01 MB) | fname=0001_1700000454_2025_01.PDF
[2026-02-09 14:47:06] [DEBUG   ] [MainProcess] File enqueued successfully (19/20) | fname=0002_1700000097_2025_01.PDF
[2026-02-09 14:47:06] [DEBUG   ] [MainProcess] Putting file 20/20 into queue | fname=0038_1700000012_2025_01.PDF
[2026-02-09 14:47:08] [INFO    ] [Worker-0] Worker-0 OCR completed in 24.13s | fname=0001_1700000450_2025_01.PDF
[2026-02-09 14:47:08] [INFO    ] [Worker-0] Worker-0 extracted 75 lines from 5 page(s) | fname=0001_1700000450_2025_01.PDF
[2026-02-09 14:47:08] [INFO    ] [Worker-0] Worker-0 output written to ./ocr_output/0001_1700000450_2025_01.PDF.txt (0.0002s) | fname=0001_1700000450_2025_01.PDF
[2026-02-09 14:47:08] [INFO    ] [Worker-0] Worker-0 completed (OCR=24.13s, total=24.13s) | fname=0001_1700000450_2025_01.PDF
[2026-02-09 14:47:08] [DEBUG   ] [Worker-0] Worker-0 waiting for next task from queue | fname=QUEUE_WAIT
[2026-02-09 14:47:08] [INFO    ] [Worker-0] Worker-0 picked up task | fname=0001_1700000455_2025_01.PDF
[2026-02-09 14:47:08] [INFO    ] [Worker-0] Worker-0 starting OCR (0.25 MB) | fname=0001_1700000455_2025_01.PDF
[2026-02-09 14:47:08] [DEBUG   ] [MainProcess] File enqueued successfully (20/20) | fname=0038_1700000012_2025_01.PDF
[2026-02-09 14:47:08] [INFO    ] [MainProcess] All 20 files enqueued in 81.983s | fname=ENQUEUE
[2026-02-09 14:47:08] [INFO    ] [MainProcess] Sending 2 sentinel(s) to shut down workers | fname=SHUTDOWN
[2026-02-09 14:47:12] [INFO    ] [Worker-1] Worker-1 OCR completed in 6.27s | fname=0001_1700000454_2025_01.PDF
[2026-02-09 14:47:12] [INFO    ] [Worker-1] Worker-1 extracted 15 lines from 1 page(s) | fname=0001_1700000454_2025_01.PDF
[2026-02-09 14:47:12] [INFO    ] [Worker-1] Worker-1 output written to ./ocr_output/0001_1700000454_2025_01.PDF.txt (0.0001s) | fname=0001_1700000454_2025_01.PDF
[2026-02-09 14:47:12] [INFO    ] [Worker-1] Worker-1 completed (OCR=6.27s, total=6.27s) | fname=0001_1700000454_2025_01.PDF
[2026-02-09 14:47:12] [DEBUG   ] [Worker-1] Worker-1 waiting for next task from queue | fname=QUEUE_WAIT
[2026-02-09 14:47:12] [INFO    ] [Worker-1] Worker-1 picked up task | fname=0002_1700000000_2025_01.PDF
[2026-02-09 14:47:12] [INFO    ] [Worker-1] Worker-1 starting OCR (0.04 MB) | fname=0002_1700000000_2025_01.PDF
[2026-02-09 14:47:15] [INFO    ] [Worker-1] Worker-1 OCR completed in 2.81s | fname=0002_1700000000_2025_01.PDF
[2026-02-09 14:47:15] [INFO    ] [Worker-1] Worker-1 extracted 15 lines from 1 page(s) | fname=0002_1700000000_2025_01.PDF
[2026-02-09 14:47:15] [INFO    ] [Worker-1] Worker-1 output written to ./ocr_output/0002_1700000000_2025_01.PDF.txt (0.0001s) | fname=0002_1700000000_2025_01.PDF
[2026-02-09 14:47:15] [INFO    ] [Worker-1] Worker-1 completed (OCR=2.81s, total=2.81s) | fname=0002_1700000000_2025_01.PDF
[2026-02-09 14:47:15] [DEBUG   ] [Worker-1] Worker-1 waiting for next task from queue | fname=QUEUE_WAIT
[2026-02-09 14:47:15] [INFO    ] [Worker-1] Worker-1 picked up task | fname=0002_1700000095_2025_01.PDF
[2026-02-09 14:47:15] [INFO    ] [Worker-1] Worker-1 starting OCR (0.22 MB) | fname=0002_1700000095_2025_01.PDF
[2026-02-09 14:47:15] [DEBUG   ] [MainProcess] All sentinels sent | fname=SHUTDOWN
[2026-02-09 14:47:15] [INFO    ] [MainProcess] Waiting for workers to finish... | fname=SHUTDOWN
[2026-02-09 14:47:22] [INFO    ] [Worker-0] Worker-0 OCR completed in 14.02s | fname=0001_1700000455_2025_01.PDF
[2026-02-09 14:47:22] [INFO    ] [Worker-0] Worker-0 extracted 30 lines from 2 page(s) | fname=0001_1700000455_2025_01.PDF
[2026-02-09 14:47:22] [INFO    ] [Worker-0] Worker-0 output written to ./ocr_output/0001_1700000455_2025_01.PDF.txt (0.0004s) | fname=0001_1700000455_2025_01.PDF
[2026-02-09 14:47:22] [INFO    ] [Worker-0] Worker-0 completed (OCR=14.02s, total=14.02s) | fname=0001_1700000455_2025_01.PDF
[2026-02-09 14:47:22] [DEBUG   ] [Worker-0] Worker-0 waiting for next task from queue | fname=QUEUE_WAIT
[2026-02-09 14:47:22] [INFO    ] [Worker-0] Worker-0 picked up task | fname=0002_1700000096_2025_01.PDF
[2026-02-09 14:47:22] [INFO    ] [Worker-0] Worker-0 starting OCR (0.24 MB) | fname=0002_1700000096_2025_01.PDF
[2026-02-09 14:47:22] [INFO    ] [Worker-1] Worker-1 OCR completed in 7.45s | fname=0002_1700000095_2025_01.PDF
[2026-02-09 14:47:22] [INFO    ] [Worker-1] Worker-1 extracted 15 lines from 1 page(s) | fname=0002_1700000095_2025_01.PDF
[2026-02-09 14:47:22] [INFO    ] [Worker-1] Worker-1 output written to ./ocr_output/0002_1700000095_2025_01.PDF.txt (0.0001s) | fname=0002_1700000095_2025_01.PDF
[2026-02-09 14:47:22] [INFO    ] [Worker-1] Worker-1 completed (OCR=7.45s, total=7.45s) | fname=0002_1700000095_2025_01.PDF
[2026-02-09 14:47:22] [DEBUG   ] [Worker-1] Worker-1 waiting for next task from queue | fname=QUEUE_WAIT
[2026-02-09 14:47:22] [INFO    ] [Worker-1] Worker-1 picked up task | fname=0002_1700000097_2025_01.PDF
[2026-02-09 14:47:22] [INFO    ] [Worker-1] Worker-1 starting OCR (7.38 MB) | fname=0002_1700000097_2025_01.PDF
[2026-02-09 14:47:27] [INFO    ] [Worker-0] Worker-0 OCR completed in 5.04s | fname=0002_1700000096_2025_01.PDF
[2026-02-09 14:47:27] [INFO    ] [Worker-0] Worker-0 extracted 15 lines from 1 page(s) | fname=0002_1700000096_2025_01.PDF
[2026-02-09 14:47:27] [INFO    ] [Worker-0] Worker-0 output written to ./ocr_output/0002_1700000096_2025_01.PDF.txt (0.0002s) | fname=0002_1700000096_2025_01.PDF
[2026-02-09 14:47:27] [INFO    ] [Worker-0] Worker-0 completed (OCR=5.04s, total=5.04s) | fname=0002_1700000096_2025_01.PDF
[2026-02-09 14:47:27] [DEBUG   ] [Worker-0] Worker-0 waiting for next task from queue | fname=QUEUE_WAIT
[2026-02-09 14:47:27] [INFO    ] [Worker-0] Worker-0 picked up task | fname=0038_1700000012_2025_01.PDF
[2026-02-09 14:47:27] [INFO    ] [Worker-0] Worker-0 starting OCR (0.17 MB) | fname=0038_1700000012_2025_01.PDF
[2026-02-09 14:47:34] [INFO    ] [Worker-0] Worker-0 OCR completed in 7.22s | fname=0038_1700000012_2025_01.PDF
[2026-02-09 14:47:34] [INFO    ] [Worker-0] Worker-0 extracted 15 lines from 1 page(s) | fname=0038_1700000012_2025_01.PDF
[2026-02-09 14:47:34] [INFO    ] [Worker-0] Worker-0 output written to ./ocr_output/0038_1700000012_2025_01.PDF.txt (0.0001s) | fname=0038_1700000012_2025_01.PDF
[2026-02-09 14:47:34] [INFO    ] [Worker-0] Worker-0 completed (OCR=7.22s, total=7.22s) | fname=0038_1700000012_2025_01.PDF
[2026-02-09 14:47:34] [DEBUG   ] [Worker-0] Worker-0 waiting for next task from queue | fname=QUEUE_WAIT
[2026-02-09 14:47:34] [INFO    ] [Worker-0] Worker-0 received sentinel. Shutting down. | fname=SENTINEL
[2026-02-09 14:47:34] [INFO    ] [Worker-0] Worker-0 summary — processed=9, failed=0, total_ocr_time=101.69s, avg_ocr_per_file=11.30s, model_init_time=6.52s | fname=SUMMARY
[2026-02-09 14:47:34] [INFO    ] [Worker-0] Worker-0 exiting | fname=SHUTDOWN
[2026-02-09 14:47:34] [INFO    ] [MainProcess] Worker Worker-0 (PID=14890) joined — OK | fname=SHUTDOWN
