[2026-02-10 10:01:14] [INFO    ] [MainProcess] Log file created: ./logs/ocr_run_20260210_100114.log | fname=
[2026-02-10 10:01:14] [INFO    ] [MainProcess] ========== OCR Pipeline Starting ========== | fname=INIT
[2026-02-10 10:01:14] [INFO    ] [MainProcess] Input directory : /home/whirldata/cpu_multi_paddle_try/attachments | fname=INIT
[2026-02-10 10:01:14] [INFO    ] [MainProcess] Output directory: /home/whirldata/cpu_multi_paddle_try/ocr_output | fname=INIT
[2026-02-10 10:01:14] [INFO    ] [MainProcess] Total vCPUs     : 30 | fname=INIT
[2026-02-10 10:01:14] [INFO    ] [MainProcess] Num workers     : 5 | fname=INIT
[2026-02-10 10:01:14] [INFO    ] [MainProcess] Threads/worker  : 5 | fname=INIT
[2026-02-10 10:01:14] [INFO    ] [MainProcess] Queue size      : 5 | fname=INIT
[2026-02-10 10:01:14] [INFO    ] [MainProcess] Supported exts  : {'.png', '.tiff', '.tif', '.jpg', '.pdf', '.bmp', '.jpeg', '.webp'} | fname=INIT
[2026-02-10 10:01:14] [INFO    ] [MainProcess] Total entries found in input directory: 10 | fname=SCAN
[2026-02-10 10:01:14] [DEBUG   ] [MainProcess] All entries: ['0001_1700000449_2025_01.PDF', '0001_1700000446_2025_01.PDF', '0001_1700000451_2025_01.PDF', '0001_1700000448_2025_01.PDF', '0002_1700000096_2025_01.PDF', '0001_1700000455_2025_01.PDF', '0001_1700000356_2025_02.PDF', '0001_1700000454_2025_01.PDF', '0001_1700000163_2025_01.PDF', '0038_1700000012_2025_01.PDF'] | fname=SCAN
[2026-02-10 10:01:14] [DEBUG   ] [MainProcess] Queuing file: 0001_1700000163_2025_01.PDF (0.02 MB) | fname=0001_1700000163_2025_01.PDF
[2026-02-10 10:01:14] [DEBUG   ] [MainProcess] Queuing file: 0001_1700000356_2025_02.PDF (0.02 MB) | fname=0001_1700000356_2025_02.PDF
[2026-02-10 10:01:14] [DEBUG   ] [MainProcess] Queuing file: 0001_1700000446_2025_01.PDF (0.25 MB) | fname=0001_1700000446_2025_01.PDF
[2026-02-10 10:01:14] [DEBUG   ] [MainProcess] Queuing file: 0001_1700000448_2025_01.PDF (0.76 MB) | fname=0001_1700000448_2025_01.PDF
[2026-02-10 10:01:14] [DEBUG   ] [MainProcess] Queuing file: 0001_1700000449_2025_01.PDF (0.28 MB) | fname=0001_1700000449_2025_01.PDF
[2026-02-10 10:01:14] [DEBUG   ] [MainProcess] Queuing file: 0001_1700000451_2025_01.PDF (0.01 MB) | fname=0001_1700000451_2025_01.PDF
[2026-02-10 10:01:14] [DEBUG   ] [MainProcess] Queuing file: 0001_1700000454_2025_01.PDF (0.01 MB) | fname=0001_1700000454_2025_01.PDF
[2026-02-10 10:01:14] [DEBUG   ] [MainProcess] Queuing file: 0001_1700000455_2025_01.PDF (0.25 MB) | fname=0001_1700000455_2025_01.PDF
[2026-02-10 10:01:14] [DEBUG   ] [MainProcess] Queuing file: 0002_1700000096_2025_01.PDF (0.24 MB) | fname=0002_1700000096_2025_01.PDF
[2026-02-10 10:01:14] [DEBUG   ] [MainProcess] Queuing file: 0038_1700000012_2025_01.PDF (0.17 MB) | fname=0038_1700000012_2025_01.PDF
[2026-02-10 10:01:14] [INFO    ] [MainProcess] Files to process: 10, Skipped: 0 | fname=SCAN
[2026-02-10 10:01:14] [INFO    ] [MainProcess] Multiprocessing start method set to 'spawn' | fname=INIT
[2026-02-10 10:01:14] [DEBUG   ] [MainProcess] Task queue created with maxsize=5 | fname=INIT
[2026-02-10 10:01:14] [INFO    ] [MainProcess] Spawning 5 worker processes... | fname=INIT
[2026-02-10 10:01:14] [INFO    ] [MainProcess] Worker-0 started (PID=59417) | fname=INIT
[2026-02-10 10:01:14] [INFO    ] [MainProcess] Worker-1 started (PID=59418) | fname=INIT
[2026-02-10 10:01:14] [INFO    ] [MainProcess] Worker-2 started (PID=59419) | fname=INIT
[2026-02-10 10:01:14] [INFO    ] [MainProcess] Worker-3 started (PID=59420) | fname=INIT
[2026-02-10 10:01:14] [INFO    ] [MainProcess] Worker-4 started (PID=59421) | fname=INIT
[2026-02-10 10:01:14] [INFO    ] [MainProcess] Enqueuing 10 file(s)... | fname=ENQUEUE
[2026-02-10 10:01:14] [DEBUG   ] [MainProcess] Putting file 1/10 into queue | fname=0001_1700000163_2025_01.PDF
[2026-02-10 10:01:14] [DEBUG   ] [MainProcess] File enqueued successfully (1/10) | fname=0001_1700000163_2025_01.PDF
[2026-02-10 10:01:14] [DEBUG   ] [MainProcess] Putting file 2/10 into queue | fname=0001_1700000356_2025_02.PDF
[2026-02-10 10:01:14] [DEBUG   ] [MainProcess] File enqueued successfully (2/10) | fname=0001_1700000356_2025_02.PDF
[2026-02-10 10:01:14] [DEBUG   ] [MainProcess] Putting file 3/10 into queue | fname=0001_1700000446_2025_01.PDF
[2026-02-10 10:01:14] [DEBUG   ] [MainProcess] File enqueued successfully (3/10) | fname=0001_1700000446_2025_01.PDF
[2026-02-10 10:01:14] [DEBUG   ] [MainProcess] Putting file 4/10 into queue | fname=0001_1700000448_2025_01.PDF
[2026-02-10 10:01:14] [DEBUG   ] [MainProcess] File enqueued successfully (4/10) | fname=0001_1700000448_2025_01.PDF
[2026-02-10 10:01:14] [DEBUG   ] [MainProcess] Putting file 5/10 into queue | fname=0001_1700000449_2025_01.PDF
[2026-02-10 10:01:14] [DEBUG   ] [MainProcess] File enqueued successfully (5/10) | fname=0001_1700000449_2025_01.PDF
[2026-02-10 10:01:14] [DEBUG   ] [MainProcess] Putting file 6/10 into queue | fname=0001_1700000451_2025_01.PDF
[2026-02-10 10:01:14] [INFO    ] [Worker-0] Worker-0 process started (PID=59417) | fname=INIT
[2026-02-10 10:01:14] [INFO    ] [Worker-0] Thread env — OMP=5, MKL=5, NUMEXPR=5 | fname=INIT
[2026-02-10 10:01:14] [INFO    ] [Worker-0] Worker-0 initializing PaddleOCR model... | fname=INIT
[2026-02-10 10:01:14] [INFO    ] [Worker-1] Worker-1 process started (PID=59418) | fname=INIT
[2026-02-10 10:01:14] [INFO    ] [Worker-2] Worker-2 process started (PID=59419) | fname=INIT
[2026-02-10 10:01:14] [INFO    ] [Worker-1] Thread env — OMP=5, MKL=5, NUMEXPR=5 | fname=INIT
[2026-02-10 10:01:14] [INFO    ] [Worker-1] Worker-1 initializing PaddleOCR model... | fname=INIT
[2026-02-10 10:01:14] [INFO    ] [Worker-2] Thread env — OMP=5, MKL=5, NUMEXPR=5 | fname=INIT
[2026-02-10 10:01:14] [INFO    ] [Worker-2] Worker-2 initializing PaddleOCR model... | fname=INIT
[2026-02-10 10:01:14] [INFO    ] [Worker-4] Worker-4 process started (PID=59421) | fname=INIT
[2026-02-10 10:01:14] [INFO    ] [Worker-4] Thread env — OMP=5, MKL=5, NUMEXPR=5 | fname=INIT
[2026-02-10 10:01:14] [INFO    ] [Worker-4] Worker-4 initializing PaddleOCR model... | fname=INIT
[2026-02-10 10:01:14] [INFO    ] [Worker-3] Worker-3 process started (PID=59420) | fname=INIT
[2026-02-10 10:01:14] [INFO    ] [Worker-3] Thread env — OMP=5, MKL=5, NUMEXPR=5 | fname=INIT
[2026-02-10 10:01:14] [INFO    ] [Worker-3] Worker-3 initializing PaddleOCR model... | fname=INIT
[2026-02-10 10:01:22] [INFO    ] [Worker-1] Worker-1 PaddleOCR model initialized in 7.26s | fname=INIT
[2026-02-10 10:01:22] [INFO    ] [Worker-1] Worker-1 entering processing loop | fname=INIT
[2026-02-10 10:01:22] [DEBUG   ] [Worker-1] Worker-1 waiting for next task from queue | fname=QUEUE_WAIT
[2026-02-10 10:01:22] [INFO    ] [Worker-1] Worker-1 picked up task | fname=0001_1700000163_2025_01.PDF
[2026-02-10 10:01:22] [DEBUG   ] [MainProcess] File enqueued successfully (6/10) | fname=0001_1700000451_2025_01.PDF
[2026-02-10 10:01:22] [INFO    ] [Worker-1] Worker-1 starting OCR (0.02 MB) | fname=0001_1700000163_2025_01.PDF
[2026-02-10 10:01:22] [DEBUG   ] [MainProcess] Putting file 7/10 into queue | fname=0001_1700000454_2025_01.PDF
[2026-02-10 10:01:22] [INFO    ] [Worker-2] Worker-2 PaddleOCR model initialized in 7.32s | fname=INIT
[2026-02-10 10:01:22] [INFO    ] [Worker-2] Worker-2 entering processing loop | fname=INIT
[2026-02-10 10:01:22] [DEBUG   ] [Worker-2] Worker-2 waiting for next task from queue | fname=QUEUE_WAIT
[2026-02-10 10:01:22] [DEBUG   ] [MainProcess] File enqueued successfully (7/10) | fname=0001_1700000454_2025_01.PDF
[2026-02-10 10:01:22] [DEBUG   ] [MainProcess] Putting file 8/10 into queue | fname=0001_1700000455_2025_01.PDF
[2026-02-10 10:01:22] [INFO    ] [Worker-2] Worker-2 picked up task | fname=0001_1700000356_2025_02.PDF
[2026-02-10 10:01:22] [INFO    ] [Worker-2] Worker-2 starting OCR (0.02 MB) | fname=0001_1700000356_2025_02.PDF
[2026-02-10 10:01:22] [INFO    ] [Worker-3] Worker-3 PaddleOCR model initialized in 7.39s | fname=INIT
[2026-02-10 10:01:22] [INFO    ] [Worker-3] Worker-3 entering processing loop | fname=INIT
[2026-02-10 10:01:22] [DEBUG   ] [Worker-3] Worker-3 waiting for next task from queue | fname=QUEUE_WAIT
[2026-02-10 10:01:22] [INFO    ] [Worker-3] Worker-3 picked up task | fname=0001_1700000446_2025_01.PDF
[2026-02-10 10:01:22] [INFO    ] [Worker-3] Worker-3 starting OCR (0.25 MB) | fname=0001_1700000446_2025_01.PDF
[2026-02-10 10:01:22] [DEBUG   ] [MainProcess] File enqueued successfully (8/10) | fname=0001_1700000455_2025_01.PDF
[2026-02-10 10:01:22] [DEBUG   ] [MainProcess] Putting file 9/10 into queue | fname=0002_1700000096_2025_01.PDF
[2026-02-10 10:01:22] [INFO    ] [Worker-4] Worker-4 PaddleOCR model initialized in 7.66s | fname=INIT
[2026-02-10 10:01:22] [INFO    ] [Worker-4] Worker-4 entering processing loop | fname=INIT
[2026-02-10 10:01:22] [DEBUG   ] [Worker-4] Worker-4 waiting for next task from queue | fname=QUEUE_WAIT
[2026-02-10 10:01:22] [DEBUG   ] [MainProcess] File enqueued successfully (9/10) | fname=0002_1700000096_2025_01.PDF
[2026-02-10 10:01:22] [INFO    ] [Worker-4] Worker-4 picked up task | fname=0001_1700000448_2025_01.PDF
[2026-02-10 10:01:22] [DEBUG   ] [MainProcess] Putting file 10/10 into queue | fname=0038_1700000012_2025_01.PDF
[2026-02-10 10:01:22] [INFO    ] [Worker-4] Worker-4 starting OCR (0.76 MB) | fname=0001_1700000448_2025_01.PDF
[2026-02-10 10:01:23] [INFO    ] [Worker-0] Worker-0 PaddleOCR model initialized in 8.80s | fname=INIT
[2026-02-10 10:01:23] [INFO    ] [Worker-0] Worker-0 entering processing loop | fname=INIT
[2026-02-10 10:01:23] [DEBUG   ] [Worker-0] Worker-0 waiting for next task from queue | fname=QUEUE_WAIT
[2026-02-10 10:01:23] [DEBUG   ] [MainProcess] File enqueued successfully (10/10) | fname=0038_1700000012_2025_01.PDF
[2026-02-10 10:01:23] [INFO    ] [MainProcess] All 10 files enqueued in 8.838s | fname=ENQUEUE
[2026-02-10 10:01:23] [INFO    ] [Worker-0] Worker-0 picked up task | fname=0001_1700000449_2025_01.PDF
[2026-02-10 10:01:23] [INFO    ] [MainProcess] Sending 5 sentinel(s) to shut down workers | fname=SHUTDOWN
[2026-02-10 10:01:23] [INFO    ] [Worker-0] Worker-0 starting OCR (0.28 MB) | fname=0001_1700000449_2025_01.PDF
[2026-02-10 10:01:36] [INFO    ] [Worker-1] Worker-1 OCR completed in 14.72s | fname=0001_1700000163_2025_01.PDF
[2026-02-10 10:01:36] [INFO    ] [Worker-1] Worker-1 extracted 30 lines from 2 page(s) | fname=0001_1700000163_2025_01.PDF
[2026-02-10 10:01:36] [INFO    ] [Worker-1] Worker-1 output written to ./ocr_output/0001_1700000163_2025_01.PDF.txt (0.0002s) | fname=0001_1700000163_2025_01.PDF
[2026-02-10 10:01:36] [INFO    ] [Worker-1] Worker-1 completed (OCR=14.72s, total=14.72s) | fname=0001_1700000163_2025_01.PDF
[2026-02-10 10:01:36] [DEBUG   ] [Worker-1] Worker-1 waiting for next task from queue | fname=QUEUE_WAIT
[2026-02-10 10:01:36] [INFO    ] [Worker-1] Worker-1 picked up task | fname=0001_1700000451_2025_01.PDF
[2026-02-10 10:01:36] [INFO    ] [Worker-1] Worker-1 starting OCR (0.01 MB) | fname=0001_1700000451_2025_01.PDF
[2026-02-10 10:01:38] [INFO    ] [Worker-2] Worker-2 OCR completed in 16.13s | fname=0001_1700000356_2025_02.PDF
[2026-02-10 10:01:38] [INFO    ] [Worker-2] Worker-2 extracted 30 lines from 2 page(s) | fname=0001_1700000356_2025_02.PDF
[2026-02-10 10:01:38] [INFO    ] [Worker-2] Worker-2 output written to ./ocr_output/0001_1700000356_2025_02.PDF.txt (0.0002s) | fname=0001_1700000356_2025_02.PDF
[2026-02-10 10:01:38] [INFO    ] [Worker-2] Worker-2 completed (OCR=16.13s, total=16.13s) | fname=0001_1700000356_2025_02.PDF
[2026-02-10 10:01:38] [DEBUG   ] [Worker-2] Worker-2 waiting for next task from queue | fname=QUEUE_WAIT
[2026-02-10 10:01:38] [INFO    ] [Worker-2] Worker-2 picked up task | fname=0001_1700000454_2025_01.PDF
[2026-02-10 10:01:38] [INFO    ] [Worker-2] Worker-2 starting OCR (0.01 MB) | fname=0001_1700000454_2025_01.PDF
[2026-02-10 10:01:40] [INFO    ] [Worker-3] Worker-3 OCR completed in 18.23s | fname=0001_1700000446_2025_01.PDF
[2026-02-10 10:01:40] [INFO    ] [Worker-3] Worker-3 extracted 30 lines from 2 page(s) | fname=0001_1700000446_2025_01.PDF
[2026-02-10 10:01:40] [INFO    ] [Worker-3] Worker-3 output written to ./ocr_output/0001_1700000446_2025_01.PDF.txt (0.0003s) | fname=0001_1700000446_2025_01.PDF
[2026-02-10 10:01:40] [INFO    ] [Worker-3] Worker-3 completed (OCR=18.23s, total=18.23s) | fname=0001_1700000446_2025_01.PDF
[2026-02-10 10:01:40] [DEBUG   ] [Worker-3] Worker-3 waiting for next task from queue | fname=QUEUE_WAIT
[2026-02-10 10:01:40] [INFO    ] [Worker-3] Worker-3 picked up task | fname=0001_1700000455_2025_01.PDF
[2026-02-10 10:01:40] [INFO    ] [Worker-3] Worker-3 starting OCR (0.25 MB) | fname=0001_1700000455_2025_01.PDF
[2026-02-10 10:01:44] [INFO    ] [Worker-1] Worker-1 OCR completed in 7.87s | fname=0001_1700000451_2025_01.PDF
[2026-02-10 10:01:44] [INFO    ] [Worker-1] Worker-1 extracted 15 lines from 1 page(s) | fname=0001_1700000451_2025_01.PDF
[2026-02-10 10:01:44] [INFO    ] [Worker-1] Worker-1 output written to ./ocr_output/0001_1700000451_2025_01.PDF.txt (0.0003s) | fname=0001_1700000451_2025_01.PDF
[2026-02-10 10:01:44] [INFO    ] [Worker-1] Worker-1 completed (OCR=7.87s, total=7.87s) | fname=0001_1700000451_2025_01.PDF
[2026-02-10 10:01:44] [DEBUG   ] [Worker-1] Worker-1 waiting for next task from queue | fname=QUEUE_WAIT
[2026-02-10 10:01:44] [INFO    ] [Worker-1] Worker-1 picked up task | fname=0002_1700000096_2025_01.PDF
[2026-02-10 10:01:44] [INFO    ] [Worker-1] Worker-1 starting OCR (0.24 MB) | fname=0002_1700000096_2025_01.PDF
[2026-02-10 10:01:46] [INFO    ] [Worker-2] Worker-2 OCR completed in 7.66s | fname=0001_1700000454_2025_01.PDF
[2026-02-10 10:01:46] [INFO    ] [Worker-2] Worker-2 extracted 15 lines from 1 page(s) | fname=0001_1700000454_2025_01.PDF
[2026-02-10 10:01:46] [INFO    ] [Worker-2] Worker-2 output written to ./ocr_output/0001_1700000454_2025_01.PDF.txt (0.0002s) | fname=0001_1700000454_2025_01.PDF
[2026-02-10 10:01:46] [INFO    ] [Worker-2] Worker-2 completed (OCR=7.66s, total=7.66s) | fname=0001_1700000454_2025_01.PDF
[2026-02-10 10:01:46] [DEBUG   ] [Worker-2] Worker-2 waiting for next task from queue | fname=QUEUE_WAIT
[2026-02-10 10:01:46] [DEBUG   ] [MainProcess] All sentinels sent | fname=SHUTDOWN
[2026-02-10 10:01:46] [INFO    ] [Worker-2] Worker-2 picked up task | fname=0038_1700000012_2025_01.PDF
[2026-02-10 10:01:46] [INFO    ] [MainProcess] Waiting for workers to finish... | fname=SHUTDOWN
[2026-02-10 10:01:46] [INFO    ] [Worker-2] Worker-2 starting OCR (0.17 MB) | fname=0038_1700000012_2025_01.PDF
[2026-02-10 10:01:55] [INFO    ] [Worker-1] Worker-1 OCR completed in 10.58s | fname=0002_1700000096_2025_01.PDF
[2026-02-10 10:01:55] [INFO    ] [Worker-1] Worker-1 extracted 15 lines from 1 page(s) | fname=0002_1700000096_2025_01.PDF
[2026-02-10 10:01:55] [INFO    ] [Worker-1] Worker-1 output written to ./ocr_output/0002_1700000096_2025_01.PDF.txt (0.0003s) | fname=0002_1700000096_2025_01.PDF
[2026-02-10 10:01:55] [INFO    ] [Worker-1] Worker-1 completed (OCR=10.58s, total=10.58s) | fname=0002_1700000096_2025_01.PDF
[2026-02-10 10:01:55] [DEBUG   ] [Worker-1] Worker-1 waiting for next task from queue | fname=QUEUE_WAIT
[2026-02-10 10:01:55] [INFO    ] [Worker-1] Worker-1 received sentinel. Shutting down. | fname=SENTINEL
[2026-02-10 10:01:55] [INFO    ] [Worker-1] Worker-1 summary — processed=3, failed=0, total_ocr_time=33.17s, avg_ocr_per_file=11.06s, model_init_time=7.26s | fname=SUMMARY
[2026-02-10 10:01:55] [INFO    ] [Worker-1] Worker-1 exiting | fname=SHUTDOWN
[2026-02-10 10:01:57] [INFO    ] [Worker-4] Worker-4 OCR completed in 34.77s | fname=0001_1700000448_2025_01.PDF
[2026-02-10 10:01:57] [INFO    ] [Worker-4] Worker-4 extracted 45 lines from 3 page(s) | fname=0001_1700000448_2025_01.PDF
[2026-02-10 10:01:57] [INFO    ] [Worker-4] Worker-4 output written to ./ocr_output/0001_1700000448_2025_01.PDF.txt (0.0003s) | fname=0001_1700000448_2025_01.PDF
[2026-02-10 10:01:57] [INFO    ] [Worker-4] Worker-4 completed (OCR=34.77s, total=34.77s) | fname=0001_1700000448_2025_01.PDF
[2026-02-10 10:01:57] [DEBUG   ] [Worker-4] Worker-4 waiting for next task from queue | fname=QUEUE_WAIT
[2026-02-10 10:01:57] [INFO    ] [Worker-4] Worker-4 received sentinel. Shutting down. | fname=SENTINEL
[2026-02-10 10:01:57] [INFO    ] [Worker-4] Worker-4 summary — processed=1, failed=0, total_ocr_time=34.77s, avg_ocr_per_file=34.77s, model_init_time=7.66s | fname=SUMMARY
[2026-02-10 10:01:57] [INFO    ] [Worker-4] Worker-4 exiting | fname=SHUTDOWN
[2026-02-10 10:01:59] [INFO    ] [Worker-2] Worker-2 OCR completed in 12.93s | fname=0038_1700000012_2025_01.PDF
[2026-02-10 10:01:59] [INFO    ] [Worker-2] Worker-2 extracted 15 lines from 1 page(s) | fname=0038_1700000012_2025_01.PDF
[2026-02-10 10:01:59] [INFO    ] [Worker-2] Worker-2 output written to ./ocr_output/0038_1700000012_2025_01.PDF.txt (0.0001s) | fname=0038_1700000012_2025_01.PDF
[2026-02-10 10:01:59] [INFO    ] [Worker-2] Worker-2 completed (OCR=12.93s, total=12.93s) | fname=0038_1700000012_2025_01.PDF
[2026-02-10 10:01:59] [DEBUG   ] [Worker-2] Worker-2 waiting for next task from queue | fname=QUEUE_WAIT
[2026-02-10 10:01:59] [INFO    ] [Worker-2] Worker-2 received sentinel. Shutting down. | fname=SENTINEL
[2026-02-10 10:01:59] [INFO    ] [Worker-2] Worker-2 summary — processed=3, failed=0, total_ocr_time=36.73s, avg_ocr_per_file=12.24s, model_init_time=7.32s | fname=SUMMARY
[2026-02-10 10:01:59] [INFO    ] [Worker-2] Worker-2 exiting | fname=SHUTDOWN
[2026-02-10 10:02:02] [INFO    ] [Worker-3] Worker-3 OCR completed in 21.42s | fname=0001_1700000455_2025_01.PDF
[2026-02-10 10:02:02] [INFO    ] [Worker-3] Worker-3 extracted 30 lines from 2 page(s) | fname=0001_1700000455_2025_01.PDF
[2026-02-10 10:02:02] [INFO    ] [Worker-3] Worker-3 output written to ./ocr_output/0001_1700000455_2025_01.PDF.txt (0.0002s) | fname=0001_1700000455_2025_01.PDF
[2026-02-10 10:02:02] [INFO    ] [Worker-3] Worker-3 completed (OCR=21.42s, total=21.42s) | fname=0001_1700000455_2025_01.PDF
[2026-02-10 10:02:02] [DEBUG   ] [Worker-3] Worker-3 waiting for next task from queue | fname=QUEUE_WAIT
[2026-02-10 10:02:02] [INFO    ] [Worker-3] Worker-3 received sentinel. Shutting down. | fname=SENTINEL
[2026-02-10 10:02:02] [INFO    ] [Worker-3] Worker-3 summary — processed=2, failed=0, total_ocr_time=39.65s, avg_ocr_per_file=19.83s, model_init_time=7.39s | fname=SUMMARY
[2026-02-10 10:02:02] [INFO    ] [Worker-3] Worker-3 exiting | fname=SHUTDOWN
[2026-02-10 10:02:04] [INFO    ] [Worker-0] Worker-0 OCR completed in 40.78s | fname=0001_1700000449_2025_01.PDF
[2026-02-10 10:02:04] [INFO    ] [Worker-0] Worker-0 extracted 75 lines from 5 page(s) | fname=0001_1700000449_2025_01.PDF
[2026-02-10 10:02:04] [INFO    ] [Worker-0] Worker-0 output written to ./ocr_output/0001_1700000449_2025_01.PDF.txt (0.0001s) | fname=0001_1700000449_2025_01.PDF
[2026-02-10 10:02:04] [INFO    ] [Worker-0] Worker-0 completed (OCR=40.78s, total=40.78s) | fname=0001_1700000449_2025_01.PDF
[2026-02-10 10:02:04] [DEBUG   ] [Worker-0] Worker-0 waiting for next task from queue | fname=QUEUE_WAIT
[2026-02-10 10:02:04] [INFO    ] [Worker-0] Worker-0 received sentinel. Shutting down. | fname=SENTINEL
[2026-02-10 10:02:04] [INFO    ] [Worker-0] Worker-0 summary — processed=1, failed=0, total_ocr_time=40.78s, avg_ocr_per_file=40.78s, model_init_time=8.80s | fname=SUMMARY
[2026-02-10 10:02:04] [INFO    ] [Worker-0] Worker-0 exiting | fname=SHUTDOWN
[2026-02-10 10:02:04] [INFO    ] [MainProcess] Worker Worker-0 (PID=59417) joined — OK | fname=SHUTDOWN
[2026-02-10 10:02:04] [INFO    ] [MainProcess] Worker Worker-1 (PID=59418) joined — OK | fname=SHUTDOWN
[2026-02-10 10:02:04] [INFO    ] [MainProcess] Worker Worker-2 (PID=59419) joined — OK | fname=SHUTDOWN
[2026-02-10 10:02:04] [INFO    ] [MainProcess] Worker Worker-3 (PID=59420) joined — OK | fname=SHUTDOWN
[2026-02-10 10:02:04] [INFO    ] [MainProcess] Worker Worker-4 (PID=59421) joined — OK | fname=SHUTDOWN
[2026-02-10 10:02:04] [INFO    ] [MainProcess] ========== OCR Pipeline Complete ========== | fname=DONE
[2026-02-10 10:02:04] [INFO    ] [MainProcess] Total files processed : 10 | fname=DONE
[2026-02-10 10:02:04] [INFO    ] [MainProcess] Total wall-clock time : 50.04s | fname=DONE
[2026-02-10 10:02:04] [INFO    ] [MainProcess] Average time per file : 5.00s | fname=DONE
[2026-02-10 10:02:04] [INFO    ] [MainProcess] Log saved to          : ./logs/ocr_run_20260210_100114.log | fname=DONE
